<?xml version="1.0" encoding="UTF-8" ?>
<testsuite errors="0" failures="2" hostname="Justins-MacBook-Pro.local" name="test.beast.evolution.alignment.FilteredAlignmentTest" skipped="0" tests="6" time="0.485" timestamp="2015-10-12T21:23:19">
  <properties>
[...]
</properties>
  <testcase classname="test.beast.evolution.alignment.FilteredAlignmentTest" name="testConstantSites" time="0.359" />
  <testcase classname="test.beast.evolution.alignment.FilteredAlignmentTest" name="testRangeFiltered" time="0.018" />
  <testcase classname="test.beast.evolution.alignment.FilteredAlignmentTest" name="testIteratorFiltered" time="0.013" />
  <testcase classname="test.beast.evolution.alignment.FilteredAlignmentTest" name="testIndividualsFiltered" time="0.01" />
  <testcase classname="test.beast.evolution.alignment.FilteredAlignmentTest" name="testWeightedSites" time="0.036">
    <failure message="null expected:&lt;[101000, [10000, 1, 11]0]&gt; but was:&lt;[101000, [0, 10000, 1, 110, ]0]&gt;" type="junit.framework.ComparisonFailure">junit.framework.ComparisonFailure: null expected:&lt;[101000, [10000, 1, 11]0]&gt; but was:&lt;[101000, [0, 10000, 1, 110, ]0]&gt;
	at test.beast.evolution.alignment.FilteredAlignmentTest.testWeightedSites(Unknown Source)
</failure>
  </testcase>
  <testcase classname="test.beast.evolution.alignment.FilteredAlignmentTest" name="testWeightedSitesReordered" time="0.009">
    <failure message="null expected:&lt;[[11243, 1123, 112, 4, 2, 2, 6, 3, 3], 8, 4, 4]&gt; but was:&lt;[[0, 11243, 1123, 112, 0, 4, 2, 2, 0, 6, 3, 3, 0], 8, 4, 4]&gt;" type="junit.framework.ComparisonFailure">junit.framework.ComparisonFailure: null expected:&lt;[[11243, 1123, 112, 4, 2, 2, 6, 3, 3], 8, 4, 4]&gt; but was:&lt;[[0, 11243, 1123, 112, 0, 4, 2, 2, 0, 6, 3, 3, 0], 8, 4, 4]&gt;
	at test.beast.evolution.alignment.FilteredAlignmentTest.testWeightedSitesReordered(Unknown Source)
</failure>
  </testcase>
  <system-out><![CDATA[0human: 16 4
1chimp: 16 4
Alignment(null)
  2 taxa
  16 sites
  16 patterns

Filter -
2 taxa
16 sites + 11241 constant sites
16 patterns
Filter -8
2 taxa
8 sites + 11241 constant sites
10 patterns
Stripping invariant sitesFilter -8
2 taxa
8 sites + 11241 constant sites
10 patterns
0human: 16 4
1chimp: 16 4
Alignment(null)
  2 taxa
  16 sites
  16 patterns

Filter 1-9
2 taxa
9 sites
9 patterns
Filter 2-9
2 taxa
8 sites
8 patterns
Filter 10-
2 taxa
7 sites
7 patterns
Filter -10
2 taxa
10 sites
10 patterns
Filter -
2 taxa
16 sites
16 patterns
Filter 2-5,7-10
2 taxa
8 sites
8 patterns
0human: 16 4
1chimp: 16 4
Alignment(null)
  2 taxa
  16 sites
  16 patterns

Filter 1:16:2
2 taxa
8 sites
8 patterns
Filter 2:16:2
2 taxa
8 sites
8 patterns
Filter 1:10:2
2 taxa
5 sites
5 patterns
Filter 1::3
2 taxa
6 sites
6 patterns
Filter 2::3
2 taxa
5 sites
5 patterns
Filter ::
2 taxa
16 sites
16 patterns
Filter 2:5:
2 taxa
4 sites
4 patterns
Filter :5:
2 taxa
5 sites
5 patterns
Filter 1::3,2::3
2 taxa
11 sites
11 patterns
Filter 3::3
2 taxa
5 sites
5 patterns
0human: 16 4
1chimp: 16 4
Alignment(null)
  2 taxa
  16 sites
  16 patterns

Filter 1
2 taxa
1 sites
1 patterns
Filter 2,5
2 taxa
2 sites
2 patterns
Filter 2,5,3,4
2 taxa
4 sites
4 patterns
0human: 16 4
1chimp: 16 4
Alignment(null)
  2 taxa
  16 sites
  16 patterns

0human: 16 4
1chimp: 16 4
Alignment(null)
  2 taxa
  16 sites
  16 patterns

0human: 16 4
1chimp: 16 4
Alignment(null)
  2 taxa
  16 sites with weight 12514
  16 patterns

0human: 16 4
1chimp: 16 4
Alignment(null)
  2 taxa
  16 sites
  16 patterns

0human: 16 4
1chimp: 16 4
Alignment(null)
  2 taxa
  16 sites with weight 12514
  16 patterns

0human: 6 4
1chimp: 6 4
Alignment(null)
  2 taxa
  6 sites
  6 patterns

0human: 6 4
1chimp: 6 4
Alignment(null)
  2 taxa
  6 sites with weight 111111
  6 patterns

0human: 16 4
1chimp: 16 4
Alignment(null)
  2 taxa
  16 sites
  16 patterns

0human: 16 4
1chimp: 16 4
Alignment(data)
  2 taxa
  16 sites with weight 12514
  16 patterns

[0, 11243, 1123, 112, 0, 4, 2, 2, 0, 6, 3, 3, 0, 8, 4, 4]
0human	AACGAACGAACGAACG
1chimp	AAAACCCCGGGGTTTT
]]></system-out>
  <system-err><![CDATA[java.lang.Exception: constantSiteWeights should be of the same dimension as the datatype (3!=4)
	at beast.evolution.alignment.FilteredAlignment.initAndValidate(Unknown Source)
	at beast.core.BEASTInterface.initByName(Unknown Source)
	at test.beast.evolution.alignment.FilteredAlignmentTest.testConstantSites(Unknown Source)
	at sun.reflect.NativeMethodAccessorImpl.invoke0(Native Method)
	at sun.reflect.NativeMethodAccessorImpl.invoke(NativeMethodAccessorImpl.java:62)
	at sun.reflect.DelegatingMethodAccessorImpl.invoke(DelegatingMethodAccessorImpl.java:43)
	at java.lang.reflect.Method.invoke(Method.java:497)
	at junit.framework.TestCase.runTest(TestCase.java:168)
	at junit.framework.TestCase.runBare(TestCase.java:134)
	at junit.framework.TestResult$1.protect(TestResult.java:110)
	at junit.framework.TestResult.runProtected(TestResult.java:128)
	at junit.framework.TestResult.run(TestResult.java:113)
	at junit.framework.TestCase.run(TestCase.java:124)
	at junit.framework.TestSuite.runTest(TestSuite.java:243)
	at junit.framework.TestSuite.run(TestSuite.java:238)
	at org.apache.tools.ant.taskdefs.optional.junit.JUnitTestRunner.run(JUnitTestRunner.java:535)
	at org.apache.tools.ant.taskdefs.optional.junit.JUnitTestRunner.launch(JUnitTestRunner.java:1182)
	at org.apache.tools.ant.taskdefs.optional.junit.JUnitTestRunner.main(JUnitTestRunner.java:1033)
initAndValidate() failed! constantSiteWeights should be of the same dimension as the datatype (3!=4)
[11233, 1, 1, 1, 1, 3, 1, 1, 1, 1, 4, 1, 1, 1, 1, 5]
[11233, 1, 1, 1, 1, 3, 1, 1, 3, 4]
 <0>  <1>  <2>  <3>  removed 6 sites 
[11232, 1, 1, 1, 1, 2, 1, 1, 3, 4]
Number of weights (4) does not match sequence length (16)
[11232, 2, 3, 4, 1123, 2, 3, 4, 112, 2, 3, 4, 11, 2, 3, 4]
0human	AAAACCCCGGGGTTTT
1chimp	ACGTACGTACGTACGT
[11232, 2, 4, 3, 1123, 2, 3, 4, 11, 2, 3, 4, 112, 2, 3, 4]
AAAACCCCGGGGTTTT
ACGTACGTACGTACGT
[101000, 0, 10000, 1, 110, 0]
AAAGGG
AACAGG
]]></system-err>
</testsuite>
