<?xml version="1.0" encoding="UTF-8" ?>
<testsuite errors="1" failures="0" hostname="Justins-MacBook-Pro.local" name="test.beast.app.BeautiTest" skipped="0" tests="1" time="0.0" timestamp="2015-10-12T21:23:17">
  <properties>
[...]
</properties>
  <testcase classname="test.beast.app.BeautiTest" name="testStandarBatchMode" time="0.0">
    <error message="Forked Java VM exited abnormally. Please note the time in the report does not reflect the time until the VM exit." type="junit.framework.AssertionFailedError">junit.framework.AssertionFailedError: Forked Java VM exited abnormally. Please note the time in the report does not reflect the time until the VM exit.
</error>
  </testcase>
</testsuite>
