<?xml version="1.0" encoding="UTF-8" ?>
<testsuite errors="1" failures="0" hostname="Justins-MacBook-Pro.local" name="test.beast.util.JSONTest" skipped="0" tests="1" time="0.509" timestamp="2015-10-12T21:24:05">
  <properties>
[...]
</properties>
  <testcase classname="test.beast.util.JSONTest" name="testJSONtoXMLtoJSON" time="0.474">
    <error message="&#xa;Error 110 parsing the json input file&#xa;&#xa;validate and intialize error: null&#xa;&#xa;Error detected about here:&#xa;  {&#xa;      &quot;analysis&quot;: [&#xa;          { id: &quot;alignment.org&quot; spec: &quot;Alignment&quot;&#xa;          }&#xa;      ]&#xa;  }&#xa;" type="beast.util.JSONParserException">beast.util.JSONParserException: 
Error 110 parsing the json input file

validate and intialize error: null

Error detected about here:
  {
      &quot;analysis&quot;: [
          { id: &quot;alignment.org&quot; spec: &quot;Alignment&quot;
          }
      ]
  }

	at beast.util.JSONParser.initPlugins(Unknown Source)
	at beast.util.JSONParser.parse(Unknown Source)
	at beast.util.JSONParser.parseFile(Unknown Source)
	at test.beast.util.JSONTest.testJSONtoXMLtoJSON(Unknown Source)
</error>
  </testcase>
  <system-out><![CDATA[]]></system-out>
  <system-err><![CDATA[beast.core.Alignment
beast.core.beast.core.State
beast.evolution.alignment.beast.core.State
beast.evolution.tree.coalescent.beast.core.State
beast.core.util.beast.core.State
beast.evolution.nuc.beast.core.State
beast.evolution.operators.beast.core.State
beast.evolution.sitemodel.beast.core.State
beast.evolution.substitutionmodel.beast.core.State
beast.evolution.likelihood.beast.core.State
beast.core.beast.evolution.tree.Tree
beast.evolution.alignment.beast.evolution.tree.Tree
beast.evolution.tree.coalescent.beast.evolution.tree.Tree
beast.core.util.beast.evolution.tree.Tree
beast.evolution.nuc.beast.evolution.tree.Tree
beast.evolution.operators.beast.evolution.tree.Tree
beast.evolution.sitemodel.beast.evolution.tree.Tree
beast.evolution.substitutionmodel.beast.evolution.tree.Tree
beast.evolution.likelihood.beast.evolution.tree.Tree
beast.core.beast.evolution.tree.RandomTree
beast.evolution.alignment.beast.evolution.tree.RandomTree
beast.evolution.tree.coalescent.beast.evolution.tree.RandomTree
beast.core.util.beast.evolution.tree.RandomTree
beast.evolution.nuc.beast.evolution.tree.RandomTree
beast.evolution.operators.beast.evolution.tree.RandomTree
beast.evolution.sitemodel.beast.evolution.tree.RandomTree
beast.evolution.substitutionmodel.beast.evolution.tree.RandomTree
beast.evolution.likelihood.beast.evolution.tree.RandomTree
beast.core.FilteredAlignment
beast.core.beast.core.parameter.IntegerParameter
beast.evolution.alignment.beast.core.parameter.IntegerParameter
beast.evolution.tree.coalescent.beast.core.parameter.IntegerParameter
beast.core.util.beast.core.parameter.IntegerParameter
beast.evolution.nuc.beast.core.parameter.IntegerParameter
beast.evolution.operators.beast.core.parameter.IntegerParameter
beast.evolution.sitemodel.beast.core.parameter.IntegerParameter
beast.evolution.substitutionmodel.beast.core.parameter.IntegerParameter
beast.evolution.likelihood.beast.core.parameter.IntegerParameter
beast.core.ConstantPopulation
beast.evolution.alignment.ConstantPopulation
beast.core.beast.core.parameter.RealParameter
beast.evolution.alignment.beast.core.parameter.RealParameter
beast.evolution.tree.coalescent.beast.core.parameter.RealParameter
beast.core.util.beast.core.parameter.RealParameter
beast.evolution.nuc.beast.core.parameter.RealParameter
beast.evolution.operators.beast.core.parameter.RealParameter
beast.evolution.sitemodel.beast.core.parameter.RealParameter
beast.evolution.substitutionmodel.beast.core.parameter.RealParameter
beast.evolution.likelihood.beast.core.parameter.RealParameter
beast.core.beast.math.distributions.Prior
beast.evolution.alignment.beast.math.distributions.Prior
beast.evolution.tree.coalescent.beast.math.distributions.Prior
beast.core.util.beast.math.distributions.Prior
beast.evolution.nuc.beast.math.distributions.Prior
beast.evolution.operators.beast.math.distributions.Prior
beast.evolution.sitemodel.beast.math.distributions.Prior
beast.evolution.substitutionmodel.beast.math.distributions.Prior
beast.evolution.likelihood.beast.math.distributions.Prior
beast.core.beast.math.distributions.OneOnX
beast.evolution.alignment.beast.math.distributions.OneOnX
beast.evolution.tree.coalescent.beast.math.distributions.OneOnX
beast.core.util.beast.math.distributions.OneOnX
beast.evolution.nuc.beast.math.distributions.OneOnX
beast.evolution.operators.beast.math.distributions.OneOnX
beast.evolution.sitemodel.beast.math.distributions.OneOnX
beast.evolution.substitutionmodel.beast.math.distributions.OneOnX
beast.evolution.likelihood.beast.math.distributions.OneOnX
beast.core.TreeLikelihood
beast.evolution.alignment.TreeLikelihood
beast.evolution.tree.coalescent.TreeLikelihood
beast.core.util.TreeLikelihood
beast.evolution.nuc.TreeLikelihood
beast.evolution.operators.TreeLikelihood
beast.evolution.sitemodel.TreeLikelihood
beast.evolution.substitutionmodel.TreeLikelihood
beast.core.SiteModel
beast.evolution.alignment.SiteModel
beast.evolution.tree.coalescent.SiteModel
beast.core.util.SiteModel
beast.evolution.nuc.SiteModel
beast.evolution.operators.SiteModel
beast.core.HKY
beast.evolution.alignment.HKY
beast.evolution.tree.coalescent.HKY
beast.core.util.HKY
beast.evolution.nuc.HKY
beast.evolution.operators.HKY
beast.evolution.sitemodel.HKY
beast.core.beast.evolution.substitutionmodel.Frequencies
beast.evolution.alignment.beast.evolution.substitutionmodel.Frequencies
beast.evolution.tree.coalescent.beast.evolution.substitutionmodel.Frequencies
beast.core.util.beast.evolution.substitutionmodel.Frequencies
beast.evolution.nuc.beast.evolution.substitutionmodel.Frequencies
beast.evolution.operators.beast.evolution.substitutionmodel.Frequencies
beast.evolution.sitemodel.beast.evolution.substitutionmodel.Frequencies
beast.evolution.substitutionmodel.beast.evolution.substitutionmodel.Frequencies
beast.evolution.likelihood.beast.evolution.substitutionmodel.Frequencies
beast.core.ScaleOperator
beast.evolution.alignment.ScaleOperator
beast.evolution.tree.coalescent.ScaleOperator
beast.core.util.ScaleOperator
beast.evolution.nuc.ScaleOperator
beast.core.ScaleOperator
beast.evolution.alignment.ScaleOperator
beast.evolution.tree.coalescent.ScaleOperator
beast.core.util.ScaleOperator
beast.evolution.nuc.ScaleOperator
beast.core.SubtreeSlide
beast.evolution.alignment.SubtreeSlide
beast.evolution.tree.coalescent.SubtreeSlide
beast.core.util.SubtreeSlide
beast.evolution.nuc.SubtreeSlide
beast.core.Uniform
beast.evolution.alignment.Uniform
beast.evolution.tree.coalescent.Uniform
beast.core.util.Uniform
beast.evolution.nuc.Uniform
beast.core.SubtreeSlide
beast.evolution.alignment.SubtreeSlide
beast.evolution.tree.coalescent.SubtreeSlide
beast.core.util.SubtreeSlide
beast.evolution.nuc.SubtreeSlide
beast.core.Exchange
beast.evolution.alignment.Exchange
beast.evolution.tree.coalescent.Exchange
beast.core.util.Exchange
beast.evolution.nuc.Exchange
beast.core.Exchange
beast.evolution.alignment.Exchange
beast.evolution.tree.coalescent.Exchange
beast.core.util.Exchange
beast.evolution.nuc.Exchange
beast.core.WilsonBalding
beast.evolution.alignment.WilsonBalding
beast.evolution.tree.coalescent.WilsonBalding
beast.core.util.WilsonBalding
beast.evolution.nuc.WilsonBalding
beast.core.beast.core.Logger
beast.evolution.alignment.beast.core.Logger
beast.evolution.tree.coalescent.beast.core.Logger
beast.core.util.beast.core.Logger
beast.evolution.nuc.beast.core.Logger
beast.evolution.operators.beast.core.Logger
beast.evolution.sitemodel.beast.core.Logger
beast.evolution.substitutionmodel.beast.core.Logger
beast.evolution.likelihood.beast.core.Logger
beast.core.beast.evolution.tree.TreeHeightLogger
beast.evolution.alignment.beast.evolution.tree.TreeHeightLogger
beast.evolution.tree.coalescent.beast.evolution.tree.TreeHeightLogger
beast.core.util.beast.evolution.tree.TreeHeightLogger
beast.evolution.nuc.beast.evolution.tree.TreeHeightLogger
beast.evolution.operators.beast.evolution.tree.TreeHeightLogger
beast.evolution.sitemodel.beast.evolution.tree.TreeHeightLogger
beast.evolution.substitutionmodel.beast.evolution.tree.TreeHeightLogger
beast.evolution.likelihood.beast.evolution.tree.TreeHeightLogger
beast.core.beast.core.Logger
beast.evolution.alignment.beast.core.Logger
beast.evolution.tree.coalescent.beast.core.Logger
beast.core.util.beast.core.Logger
beast.evolution.nuc.beast.core.Logger
beast.evolution.operators.beast.core.Logger
beast.evolution.sitemodel.beast.core.Logger
beast.evolution.substitutionmodel.beast.core.Logger
beast.evolution.likelihood.beast.core.Logger
beast.core.beast.core.Logger
beast.evolution.alignment.beast.core.Logger
beast.evolution.tree.coalescent.beast.core.Logger
beast.core.util.beast.core.Logger
beast.evolution.nuc.beast.core.Logger
beast.evolution.operators.beast.core.Logger
beast.evolution.sitemodel.beast.core.Logger
beast.evolution.substitutionmodel.beast.core.Logger
beast.evolution.likelihood.beast.core.Logger
java.lang.NullPointerException
	at beast.evolution.alignment.Sequence.initProbabilities(Unknown Source)
	at beast.evolution.alignment.Sequence.initAndValidate(Unknown Source)
	at beast.evolution.alignment.Sequence.<init>(Unknown Source)
	at beast.evolution.alignment.Alignment.initAndValidate(Unknown Source)
	at beast.util.JSONParser.initPlugins(Unknown Source)
	at beast.util.JSONParser.parse(Unknown Source)
	at beast.util.JSONParser.parseFile(Unknown Source)
	at test.beast.util.JSONTest.testJSONtoXMLtoJSON(Unknown Source)
	at sun.reflect.NativeMethodAccessorImpl.invoke0(Native Method)
	at sun.reflect.NativeMethodAccessorImpl.invoke(NativeMethodAccessorImpl.java:62)
	at sun.reflect.DelegatingMethodAccessorImpl.invoke(DelegatingMethodAccessorImpl.java:43)
	at java.lang.reflect.Method.invoke(Method.java:497)
	at junit.framework.TestCase.runTest(TestCase.java:168)
	at junit.framework.TestCase.runBare(TestCase.java:134)
	at junit.framework.TestResult$1.protect(TestResult.java:110)
	at junit.framework.TestResult.runProtected(TestResult.java:128)
	at junit.framework.TestResult.run(TestResult.java:113)
	at junit.framework.TestCase.run(TestCase.java:124)
	at junit.framework.TestSuite.runTest(TestSuite.java:243)
	at junit.framework.TestSuite.run(TestSuite.java:238)
	at org.apache.tools.ant.taskdefs.optional.junit.JUnitTestRunner.run(JUnitTestRunner.java:535)
	at org.apache.tools.ant.taskdefs.optional.junit.JUnitTestRunner.launch(JUnitTestRunner.java:1182)
	at org.apache.tools.ant.taskdefs.optional.junit.JUnitTestRunner.main(JUnitTestRunner.java:1033)
]]></system-err>
</testsuite>
