<?xml version="1.0" encoding="UTF-8" ?>
<testsuite errors="0" failures="0" hostname="Justins-MacBook-Pro.local" name="test.beast.math.distributions.LogNormalDistributionModelTest" skipped="0" tests="4" time="1.043" timestamp="2015-10-12T21:24:03">
  <properties>
[...]
</properties>
  <testcase classname="test.beast.math.distributions.LogNormalDistributionModelTest" name="testCalcLogP" time="0.017" />
  <testcase classname="test.beast.math.distributions.LogNormalDistributionModelTest" name="testPDF" time="0.974" />
  <testcase classname="test.beast.math.distributions.LogNormalDistributionModelTest" name="testCalcLogP2" time="0.014" />
  <testcase classname="test.beast.math.distributions.LogNormalDistributionModelTest" name="testCalcLogP3" time="0.0" />
  <system-out><![CDATA[Testing 10000 random pdf calls
Testing logNormal[M=-1.4100356857230798 S=2.987976736035721].pdf(2.2061575236521955)
Testing logNormal[M=-3.9899237359983184 S=9.495791627389593].pdf(2.0424967508210754)
Testing logNormal[M=-1.1986336367827688 S=6.471781084177231].pdf(2.052516809091171)
Testing logNormal[M=-0.6104081732755295 S=5.469594117934072].pdf(2.1999190630880263)
Testing logNormal[M=3.2838549651522513 S=5.2494730443943896].pdf(1.7730241830432545)
Testing logNormal[M=-1.162749463713869 S=2.7527025476539935].pdf(2.07765819892605)
Testing logNormal[M=4.591625256085365 S=6.550435811106681].pdf(0.8537090208824589)
Testing logNormal[M=-4.071961305464181 S=1.2748796057806644].pdf(1.595558613254991)
Testing logNormal[M=-3.911924296594289 S=5.28654627586315].pdf(1.3208228020109583)
Testing logNormal[M=1.97939292885391 S=1.0034547361215052].pdf(0.1794572364034538)
Testing logNormal[M=3.605273491223798 S=5.6870657973969525].pdf(0.3838327672634624)
Testing logNormal[M=1.737531163088053 S=9.147963396668272].pdf(1.644469621557636)
Testing logNormal[M=-1.0039301034764856 S=7.0588816528561935].pdf(0.38588708945534134)
Testing logNormal[M=-0.8358827547026095 S=6.1300644558947415].pdf(0.22722501945999768)
Testing logNormal[M=4.163543266193246 S=3.521165031670488].pdf(2.279559206257744)
Testing logNormal[M=2.3063639536718785 S=7.33248167679988].pdf(1.3260140014447668)
Testing logNormal[M=2.3615344919169257 S=0.648927086160126].pdf(1.3960835179888968)
Testing logNormal[M=2.8835846438079837 S=5.511393257681078].pdf(1.2468299633770286)
Testing logNormal[M=-4.77580407591632 S=7.918770564341714].pdf(2.1217453953776446)
Testing logNormal[M=-1.652216152118955 S=8.562884995425259].pdf(0.5620892454883935)
Testing logNormal[M=2.780394818157238 S=7.4197192936138485].pdf(1.8608680924447134)
Testing logNormal[M=4.32136133531891 S=1.1055999539136918].pdf(1.8509918622350754)
Testing logNormal[M=3.903957605702093 S=9.900533381713592].pdf(1.2646009658342205)
Testing logNormal[M=2.5554164579086356 S=8.428701512313589].pdf(1.1967350438494933)
Testing logNormal[M=4.059817773580519 S=2.181302004260537].pdf(1.300276342254606)
Testing logNormal[M=-1.9883692606523962 S=6.437509267233051].pdf(0.25406758850726235)
Testing logNormal[M=0.15848696600545154 S=6.8421749700038506].pdf(1.7530683378128145)
Testing logNormal[M=3.2369333929961037 S=2.9432151897764647].pdf(0.7909243026937413)
Testing logNormal[M=4.452063611377039 S=6.204043561321421].pdf(1.8840667079782292)
Testing logNormal[M=4.764543828965607 S=2.87352953376062].pdf(1.559362356251456)
Testing logNormal[M=2.3059008669966072 S=6.975043933435796].pdf(2.1275489387655564)
Testing logNormal[M=2.054828426803182 S=5.02800986850569].pdf(1.243504487384247)
Testing logNormal[M=4.425421552489393 S=2.6659164970382965].pdf(2.2738940634335476)
Testing logNormal[M=3.607211472108382 S=9.268814145460288].pdf(0.17209289227377406)
Testing logNormal[M=2.8952643758631025 S=4.059586172889241].pdf(2.106820575673144)
Testing logNormal[M=-0.5004243935753578 S=2.9095426813254663].pdf(2.054369592700634)
Testing logNormal[M=1.9728668637822278 S=2.447480999539049].pdf(1.8401752526452821)
Testing logNormal[M=0.29217331078461495 S=9.04132061495432].pdf(2.2696344040886522)
Testing logNormal[M=-4.872261590668842 S=7.336400077639126].pdf(2.1317774445319633)
Testing logNormal[M=-2.2254965272798755 S=1.4309799910403587].pdf(0.4026225390874148)
Testing logNormal[M=-1.7018194684408128 S=9.441523379579696].pdf(2.02549248052187)
Testing logNormal[M=-4.813847689703538 S=7.431635288125595].pdf(1.1111172824072304)
Testing logNormal[M=-4.441491463063936 S=3.109316667606772].pdf(1.7095646681318497)
Testing logNormal[M=-4.548963836307539 S=2.239492308591524].pdf(0.2932984055106859)
Testing logNormal[M=0.0914464776589039 S=0.3582242823042492].pdf(2.2414606059484252)
Testing logNormal[M=1.6136215554245918 S=3.4746321335745423].pdf(1.3418192994243696)
Testing logNormal[M=-3.1128788231734483 S=9.344021741497901].pdf(1.5162116327863495)
Testing logNormal[M=1.8578398584258409 S=7.074896079364993].pdf(1.9126282707692963)
Testing logNormal[M=0.969716293553291 S=4.972865775258994].pdf(2.2402690959314726)
Testing logNormal[M=3.211846440567257 S=4.404957535489302].pdf(1.1610531078841622)
Testing logNormal[M=-1.207981121128868 S=7.889452292627719].pdf(1.2340325183894136)
Testing logNormal[M=-4.079155530252478 S=8.194799661579692].pdf(1.9513191877528813)
Testing logNormal[M=0.6752564109737671 S=0.09835891320016388].pdf(0.11992061393084254)
Testing logNormal[M=1.0756986463776776 S=8.597697853236996].pdf(1.9141942667469758)
Testing logNormal[M=2.0736946028977643 S=4.511122650527721].pdf(0.2329048734094696)
Testing logNormal[M=-4.213844856403077 S=4.057197310049045].pdf(2.0050514545004945)
Testing logNormal[M=0.4314800766593896 S=4.993145713506194].pdf(2.0884060231384955)
Testing logNormal[M=4.023996452918231 S=9.562980291842115].pdf(1.9180826295885876)
Testing logNormal[M=2.796906026896022 S=2.8391217518737633].pdf(1.9488304886021142)
Testing logNormal[M=4.064350784584899 S=9.936143276044582].pdf(0.8566243658468176)
Testing logNormal[M=-0.49475763014926244 S=6.888662055584865].pdf(1.2940000881118048)
Testing logNormal[M=1.2176347426465126 S=7.40500614222941].pdf(0.30929702264898373)
Testing logNormal[M=-0.29128582839889106 S=4.527679402296904].pdf(1.5153619644982486)
Testing logNormal[M=-0.7732140157316465 S=3.2333186459463983].pdf(1.4518318606735725)
Testing logNormal[M=2.1106211006292703 S=2.7376557066396434].pdf(1.7611250119673478)
Testing logNormal[M=0.5850366299421816 S=3.8581466180405197].pdf(1.5728393806094938)
Testing logNormal[M=-1.672132938938807 S=1.2838450249111055].pdf(1.5939964319763724)
Testing logNormal[M=-0.7121295820082141 S=0.49976243559769373].pdf(1.1251613682870634)
Testing logNormal[M=3.7793703879301397 S=0.822003966564635].pdf(1.860222945993773)
Testing logNormal[M=4.291547243967152 S=2.7125230722372438].pdf(2.267729680934486)
Testing logNormal[M=0.5392079982314781 S=0.44853297886681687].pdf(1.6691843898964729)
Testing logNormal[M=-3.5314214798324626 S=7.24452433983755].pdf(0.19757102916329675)
Testing logNormal[M=-4.414319404238382 S=3.8255823008854053].pdf(2.1437277130036874)
Testing logNormal[M=4.2947239009229925 S=7.342773124899792].pdf(0.570644802322044)
Testing logNormal[M=3.033785265365225 S=4.520589707236256].pdf(1.3808795888881358)
Testing logNormal[M=1.5486925300451695 S=1.8508703672141735].pdf(1.4817247210677733)
Testing logNormal[M=3.627945498324257 S=8.368633142549417].pdf(0.13870882706308296)
Testing logNormal[M=0.3707692274990171 S=6.77935468413958].pdf(0.11407171912977883)
Testing logNormal[M=4.08218909063647 S=2.7244394647979355].pdf(1.3121410636476465)
Testing logNormal[M=-0.5051741693996785 S=9.88535410131042].pdf(1.779207097581308)
Testing logNormal[M=2.0929220662640713 S=1.616120251731511].pdf(1.8121348742371213)
Testing logNormal[M=-4.8068700344548185 S=5.797116778091742].pdf(2.129686234415324)
Testing logNormal[M=-3.9596033458066895 S=9.710766273949492].pdf(1.5561714878499537)
Testing logNormal[M=-0.7227004530588026 S=1.6982939123441365].pdf(0.943964399566168)
Testing logNormal[M=-3.2169218942810627 S=2.2876417298403338].pdf(1.6445627930112436)
Testing logNormal[M=-2.327329871632865 S=2.1031075967264314].pdf(0.19431574122256734)
Testing logNormal[M=-0.5027581064592876 S=9.191439494526893].pdf(2.0058511691696816)
Testing logNormal[M=-4.112958745200609 S=3.082197964531399].pdf(2.294559918173806)
Testing logNormal[M=-2.596053654328431 S=7.078119079050184].pdf(1.8988791321124543)
Testing logNormal[M=-4.143277359339149 S=7.934107196361494].pdf(0.7010867369517786)
Testing logNormal[M=4.357398422911837 S=0.7102827862202632].pdf(0.7116136434937641)
Testing logNormal[M=-3.129686000512546 S=5.951942247105025].pdf(1.7344578863067743)
Testing logNormal[M=-3.2381899099924185 S=3.117620971679498].pdf(1.8989807667556948)
Testing logNormal[M=1.7097119357632256 S=6.040382961746843].pdf(1.7153201651937278)
Testing logNormal[M=-4.023979693288507 S=9.089176283599285].pdf(2.0996652729195766)
Testing logNormal[M=-4.0567710549354 S=6.645273736401421].pdf(0.06844931350512887)
Testing logNormal[M=3.3130696502760895 S=2.65531551534841].pdf(1.9865621599595238)
Testing logNormal[M=2.060930444312893 S=1.1356883298392118].pdf(1.3104570506920141)
Testing logNormal[M=0.7209611448872488 S=8.364372324714877].pdf(2.0054763291416475)
Testing logNormal[M=-1.4855238933291837 S=3.384827402705075].pdf(1.655394824602534)
Testing logNormal[M=2.646692098501651 S=7.24686327746035].pdf(2.0675516977450745)
Testing logNormal[M=2.4345360610720252 S=2.911240762599671].pdf(1.656473125140981)
Testing logNormal[M=-3.922524766440799 S=2.385095215998483].pdf(1.095206758881051)
Testing logNormal[M=0.5131871373605161 S=4.354805565155778].pdf(2.2358930563005677)
Testing logNormal[M=-0.0837484216497355 S=3.0819909950715365].pdf(0.7115015375432692)
Testing logNormal[M=-4.7887340971561425 S=1.242485224365757].pdf(1.3808478559837842)
Testing logNormal[M=-4.6736127105043686 S=4.2425331046514225].pdf(1.3113391031702304)
Testing logNormal[M=1.873283905932973 S=1.4456456149622654].pdf(1.0045725648875479)
Testing logNormal[M=-1.8728734393721256 S=1.051664628074438].pdf(1.956758767730801)
Testing logNormal[M=1.6463430748349204 S=7.825247682583017].pdf(2.0808283473176705)
Testing logNormal[M=4.479934788802428 S=6.960324890606513].pdf(2.248483693291514)
Testing logNormal[M=-0.1313632095026387 S=4.363632714709645].pdf(1.4403989023385984)
Testing logNormal[M=0.8177673826540737 S=2.700641147075533].pdf(1.3355458818038248)
Testing logNormal[M=1.3872517817857872 S=4.742932482999898].pdf(2.0228462201812114)
Testing logNormal[M=-1.605570404576607 S=4.56969723827002].pdf(2.095225308036)
Testing logNormal[M=3.034222372535387 S=4.01887890459869].pdf(1.881701032199215)
Testing logNormal[M=4.942010901352866 S=0.04003759686513786].pdf(0.16833364496072437)
Testing logNormal[M=3.9216977011903964 S=8.296271696383606].pdf(0.9676966744770727)
Testing logNormal[M=1.5003773763526986 S=3.913618738019138].pdf(2.2003601177525858)
Testing logNormal[M=3.997613081911151 S=1.9227082615621405].pdf(1.4832448109795335)
Testing logNormal[M=3.1230423557957856 S=5.699814436362879].pdf(1.6449526136019512)
Testing logNormal[M=3.996966306562168 S=3.800138927242841].pdf(1.9541629885552394)
Testing logNormal[M=2.783398025189987 S=9.550842661237654].pdf(2.0996053852735823)
Testing logNormal[M=2.627820918140994 S=3.7720177712260003].pdf(2.0650299274386743)
Testing logNormal[M=3.343966479499935 S=1.1447229024867656].pdf(1.9019247605616407)
Testing logNormal[M=4.505699600610596 S=3.589070531342987].pdf(1.9455061219812626)
Testing logNormal[M=-2.5903384094243718 S=7.430176387031214].pdf(1.374353531508578)
Testing logNormal[M=4.288028863576018 S=9.59814965061901].pdf(1.510333538295018)
Testing logNormal[M=3.31540031566969 S=2.849794010637651].pdf(0.8295515606300861)
Testing logNormal[M=3.5019876652239663 S=4.293713258498451].pdf(1.6483414271906038)
Testing logNormal[M=3.4479268412585267 S=9.676254607430907].pdf(1.2064280477481748)
Testing logNormal[M=1.6429594734154644 S=8.095429554096006].pdf(2.2620695412840033)
Testing logNormal[M=3.502367928550349 S=3.0768546585282475].pdf(1.7165488890999816)
Testing logNormal[M=-3.8217636752494233 S=7.9309485093128975].pdf(1.673996033592846)
Testing logNormal[M=-1.4848612640946488 S=4.009933498274638].pdf(2.2502915131412413)
Testing logNormal[M=4.053474280885705 S=1.95109679126237].pdf(1.0111686932664061)
Testing logNormal[M=2.3304672937627764 S=8.91356734465356].pdf(1.6221192200626275)
Testing logNormal[M=-2.034238060011062 S=4.900929971857229].pdf(1.4690812101095654)
Testing logNormal[M=-4.630861934068178 S=4.892860123614887].pdf(1.7974501645389294)
Testing logNormal[M=-3.7632303633462416 S=0.1563849105020665].pdf(1.7128784442600888)
Testing logNormal[M=-2.402379986158736 S=7.849998435477442].pdf(2.256654895706154)
Testing logNormal[M=-3.59112602353324 S=5.340165580029801].pdf(2.0757543638557503)
Testing logNormal[M=2.457324020222451 S=0.2627458735493249].pdf(2.2239658966472424)
Testing logNormal[M=1.0719482731409888 S=5.710591653470725].pdf(1.6933291999407887)
Testing logNormal[M=3.925967610023724 S=5.807136964957385].pdf(1.79646388984046)
Testing logNormal[M=-4.230616758956478 S=2.515830421970385].pdf(1.6308299355477636)
Testing logNormal[M=2.228880319490745 S=1.4783228060633569].pdf(1.314094451286095)
Testing logNormal[M=-0.8152177548807664 S=5.596279301120987].pdf(2.294851638595508)
Testing logNormal[M=1.048328082979885 S=4.280910768725396].pdf(2.0493458349670948)
Testing logNormal[M=-2.192727384573555 S=2.012953404839367].pdf(1.912453361003643)
Testing logNormal[M=-2.7820409655421905 S=3.1598894586359405].pdf(0.2967082206254619)
Testing logNormal[M=0.34508701554181087 S=4.643049086030009].pdf(2.0374277218052836)
Testing logNormal[M=-2.851516074339957 S=4.502630497428757].pdf(1.1428748316866348)
Testing logNormal[M=-3.660053871947946 S=2.904745079593644].pdf(1.7592896181778188)
Testing logNormal[M=2.0523908919433955 S=8.990338337786781].pdf(2.102468386354737)
Testing logNormal[M=-3.930691285344141 S=8.710304395170434].pdf(2.24076853219962)
Testing logNormal[M=-2.755378033313116 S=5.580427339664036].pdf(1.9482045245258197)
Testing logNormal[M=-4.0630701860439284 S=1.3856970200711383].pdf(1.8106732875365958)
Testing logNormal[M=-1.0309598797874786 S=0.46909529855144405].pdf(1.7190631453361984)
Testing logNormal[M=0.13214696333910947 S=4.687654346986791].pdf(0.7425023518720856)
Testing logNormal[M=-0.19640343251804815 S=9.115766523644378].pdf(1.2465844371036614)
Testing logNormal[M=4.175928676256852 S=1.8704730171673112].pdf(2.1847013206017243)
Testing logNormal[M=-0.688553060985015 S=5.565116403158767].pdf(1.9622315915040132)
Testing logNormal[M=0.9683522577724215 S=9.82116087428939].pdf(1.0428074409086512)
Testing logNormal[M=-3.7342709899709137 S=0.6234610942702734].pdf(1.3565239514275)
Testing logNormal[M=-4.341602363826894 S=2.531029812573512].pdf(1.6196697447469397)
Testing logNormal[M=0.33149324029601335 S=1.8609649847169418].pdf(2.2663600776557686)
Testing logNormal[M=0.5597506492484774 S=9.028819574760734].pdf(1.1854029251155322)
Testing logNormal[M=3.285253131363852 S=0.5705013646513202].pdf(1.8538179733634592)
Testing logNormal[M=-4.6709642899381905 S=8.060679165013351].pdf(1.3681241565793696)
Testing logNormal[M=2.283751038879309 S=8.360435250531099].pdf(0.608780486336197)
Testing logNormal[M=-2.0058031396859057 S=1.3989790637908095].pdf(0.0729719886517714)
Testing logNormal[M=4.1643017161135205 S=8.839575023627376].pdf(1.1588294520567757)
Testing logNormal[M=2.2887489632517166 S=0.7384376880968957].pdf(0.38591991431321515)
Testing logNormal[M=-3.4593861709675764 S=0.18853330441441107].pdf(0.38721111107436085)
Testing logNormal[M=1.4865943331031612 S=2.029019393876222].pdf(2.25912952532696)
Testing logNormal[M=0.5373125007800317 S=0.8070527506393188].pdf(1.9318233010931551)
Testing logNormal[M=1.3924548804983523 S=7.968572715402913].pdf(1.436014013522887)
Testing logNormal[M=0.6744540046046321 S=0.6278775370733303].pdf(1.3660156928693423)
Testing logNormal[M=-4.7678715991791645 S=6.961529480893046].pdf(2.100322671501095)
Testing logNormal[M=3.429902576783604 S=4.869927743501984].pdf(2.260339959547007)
Testing logNormal[M=1.7154367997749143 S=3.6792319180335453].pdf(1.8872277178913672)
Testing logNormal[M=-1.0390336115004137 S=7.4135103053067795].pdf(2.15436461178877)
Testing logNormal[M=4.835677483219095 S=3.8541454959889387].pdf(2.192234829563555)
Testing logNormal[M=-1.194456884564652 S=1.4767000456846968].pdf(1.199390370037334)
Testing logNormal[M=-2.699811392599628 S=5.365842929468675].pdf(1.8666135897233525)
Testing logNormal[M=4.439392991780917 S=1.635085788181504].pdf(1.4997495538694543)
Testing logNormal[M=4.02885334964617 S=9.32852042999758].pdf(2.1185404603966216)
Testing logNormal[M=-0.9529433947774439 S=1.847305869893059].pdf(2.162826125304984)
Testing logNormal[M=-2.6462257558993016 S=8.968286637297702].pdf(1.3665381063441837)
Testing logNormal[M=0.19439971465377504 S=9.963541037678503].pdf(1.9706822570583327)
Testing logNormal[M=-2.037158013497754 S=9.567897123759106].pdf(1.7022963508174254)
Testing logNormal[M=-1.4701487176178385 S=9.201531020679642].pdf(0.4480484623796398)
Testing logNormal[M=3.832762819199104 S=2.94417896725765].pdf(1.621358008850429)
Testing logNormal[M=3.6733549387178517 S=6.96167295596278].pdf(1.286255563685629)
Testing logNormal[M=0.48336840346878684 S=8.773871561992593].pdf(0.6332062270494968)
Testing logNormal[M=2.2154494568010428 S=5.991617125774668].pdf(1.0214703394546607)
Testing logNormal[M=-0.19505418339686287 S=4.831846399529679].pdf(0.9888125929029074)
Testing logNormal[M=-3.782948640561108 S=1.698681452790144].pdf(0.4972537612754364)
Testing logNormal[M=-3.141387423293213 S=5.314130970127966].pdf(1.930207041961843)
Testing logNormal[M=0.9702770549297721 S=5.380413455205591].pdf(0.8892363176584421)
Testing logNormal[M=-3.8148106434319007 S=2.644021782176238].pdf(2.288398449494682)
Testing logNormal[M=4.400921370265548 S=0.8582098370378244].pdf(2.194773209059747)
Testing logNormal[M=-1.6661936780945563 S=2.4763957602914233].pdf(2.041049687159443)
Testing logNormal[M=4.571472770941444 S=6.1310800325129335].pdf(1.7754457107313948)
Testing logNormal[M=-0.5898392837653033 S=7.0134751440214576].pdf(0.6483318367322713)
Testing logNormal[M=-0.8372341854541299 S=9.131830990651704].pdf(1.9589360935144962)
Testing logNormal[M=-1.1826768021676637 S=7.853631841046496].pdf(2.2882340484955006)
Testing logNormal[M=-0.1949042733966424 S=0.39646279102778736].pdf(2.0442982232343954)
Testing logNormal[M=-4.999694057201394 S=4.962906284278491].pdf(1.426355502154613)
Testing logNormal[M=-3.620652345479023 S=6.273702716166259].pdf(2.2543605004651037)
Testing logNormal[M=3.308095002761073 S=5.979113918520781].pdf(0.5654646617300083)
Testing logNormal[M=3.1446442861594264 S=7.10608771572557].pdf(2.125040116389901)
Testing logNormal[M=3.6746450179771646 S=8.466055472140365].pdf(0.8833709934502199)
Testing logNormal[M=-1.6809665850460966 S=4.76004077722788].pdf(2.2620895411204645)
Testing logNormal[M=-0.4621519643599701 S=8.54768184605321].pdf(2.072525368557407)
Testing logNormal[M=3.9946569427424397 S=9.072333476433538].pdf(0.8836166586800079)
Testing logNormal[M=4.989874351787954 S=8.935309783206154].pdf(1.0468202896724133)
Testing logNormal[M=2.181826850390829 S=8.772142789156423].pdf(2.1314990636345663)
Testing logNormal[M=-4.419428599115262 S=6.275155594076436].pdf(1.1335912138909379)
Testing logNormal[M=4.25988944333295 S=8.3388889283913].pdf(1.6140666180821912)
Testing logNormal[M=0.1921971144327994 S=5.87413604497172].pdf(2.2000448211842683)
Testing logNormal[M=3.7054605629608677 S=8.380664610794323].pdf(2.28204124252104)
Testing logNormal[M=-1.2750033964455252 S=9.49553953802777].pdf(1.7895417514811924)
Testing logNormal[M=-4.140236641589179 S=6.72692816322706].pdf(0.8497769205558238)
Testing logNormal[M=-4.575183606033186 S=4.139160456907178].pdf(1.770511574438021)
Testing logNormal[M=-3.41693560539475 S=1.53467371908251].pdf(1.2655791271242451)
Testing logNormal[M=-0.03001722284673125 S=5.734088848203753].pdf(1.5115175914299486)
Testing logNormal[M=-4.526971884375069 S=8.443209850039947].pdf(1.5973250189202894)
Testing logNormal[M=3.490845196131053 S=8.922922088253406].pdf(1.0317376177387314)
Testing logNormal[M=-3.7311115339739853 S=1.74663305765959].pdf(2.151894251998684)
Testing logNormal[M=-4.624892471850828 S=5.355211725559017].pdf(1.0587568367976425)
Testing logNormal[M=3.76815587407998 S=5.902252068246448].pdf(1.1085477533516936)
Testing logNormal[M=-2.5074174708202657 S=3.755077341675195].pdf(0.07568297700999575)
Testing logNormal[M=0.18322275902930052 S=4.563852131831469].pdf(0.7897143960100567)
Testing logNormal[M=1.3013761394882568 S=0.21744211427223714].pdf(1.4519908154764016)
Testing logNormal[M=2.317459745920064 S=7.970388942634936].pdf(2.224213923103937)
Testing logNormal[M=-1.0617337739350994 S=9.109392800627345].pdf(1.1915408588385188)
Testing logNormal[M=-0.7562812305391287 S=8.007284842510199].pdf(2.1627306524248078)
Testing logNormal[M=4.171017860166618 S=1.4365967915280031].pdf(1.4394265643109299)
Testing logNormal[M=1.7901707601871353 S=0.6470039972690034].pdf(1.5837771053372511)
Testing logNormal[M=2.9409718844957418 S=0.6317803918897336].pdf(1.5248910697909164)
Testing logNormal[M=-4.208384618242631 S=3.0936833718379964].pdf(2.1449041028429434)
Testing logNormal[M=2.4649958192542796 S=6.929532498602782].pdf(2.1087399500267954)
Testing logNormal[M=3.7859605773568514 S=1.1750912720485596].pdf(1.56112171372975)
Testing logNormal[M=-0.5811576301944852 S=2.130750792119743].pdf(1.4779350973869707)
Testing logNormal[M=1.8118097369144168 S=2.1140649409870393].pdf(1.7103795584493071)
Testing logNormal[M=2.341065244098526 S=5.586782404445698].pdf(2.1105989263623193)
Testing logNormal[M=2.7891656773635107 S=7.2548361248826385].pdf(1.721177341813362)
Testing logNormal[M=-4.30901294018565 S=6.6751752420186525].pdf(2.0408324283697428)
Testing logNormal[M=-0.20454626455661362 S=6.742185176536802].pdf(0.009339332858824484)
Testing logNormal[M=4.948605081363365 S=7.4719189158207655].pdf(1.4880148430926132)
Testing logNormal[M=-4.491010075863894 S=6.386256134920964].pdf(1.7837646179706954)
Testing logNormal[M=4.940372128988429 S=0.8213721560025578].pdf(1.79504395815574)
Testing logNormal[M=-0.08975489014768545 S=2.4872937382131264].pdf(0.09323532860234297)
Testing logNormal[M=-4.887081705186952 S=8.105751858083845].pdf(2.1014331552371197)
Testing logNormal[M=1.7050065339995228 S=1.45538604168581].pdf(1.429473249433086)
Testing logNormal[M=2.876107587080263 S=0.23088860701066083].pdf(1.4584392623557916)
Testing logNormal[M=0.02885354060154377 S=0.07217903018853722].pdf(2.282921378261464)
Testing logNormal[M=-1.7647466650146226 S=7.652419130476982].pdf(2.1665715426803063)
Testing logNormal[M=-0.055995974160879314 S=8.354848991047906].pdf(2.0505342143958214)
Testing logNormal[M=2.7864735640985323 S=6.613974924105262].pdf(0.5014182052714847)
Testing logNormal[M=3.5665150308554434 S=0.02619847175207246].pdf(2.1441129837117834)
Testing logNormal[M=-4.427743285208666 S=3.6364031372931382].pdf(1.7547097201363986)
Testing logNormal[M=-3.9403470228088966 S=1.0489125978377967].pdf(2.0052419203883534)
Testing logNormal[M=4.360772688301424 S=2.655596776050838].pdf(1.5361243677703906)
Testing logNormal[M=-3.7750282475495966 S=6.453506933717438].pdf(1.5083377213096005)
Testing logNormal[M=1.0257034437171715 S=6.982537962287393].pdf(1.9585182474165435)
Testing logNormal[M=-4.026514849384098 S=4.158329847818986].pdf(1.9728053315195355)
Testing logNormal[M=0.31324792428868165 S=6.655524433884729].pdf(1.6783171457288775)
Testing logNormal[M=-3.811345894204603 S=1.4109701937975094].pdf(0.7375852062029502)
Testing logNormal[M=-1.5545134501631583 S=7.230684474847278].pdf(1.75347514060954)
Testing logNormal[M=-3.9633118007487758 S=2.6413214739350064].pdf(0.8427458026085036)
Testing logNormal[M=3.506442112507557 S=7.9564064685723945].pdf(0.22219194989701896)
Testing logNormal[M=0.871755354718811 S=8.687834386170449].pdf(0.500525673223105)
Testing logNormal[M=3.501777935080293 S=7.794591657032517].pdf(1.8280517608424438)
Testing logNormal[M=-1.7683504880566758 S=3.279855512952655].pdf(1.8293183543746996)
Testing logNormal[M=1.0180387546332925 S=2.294938208367654].pdf(2.072593690784467)
Testing logNormal[M=-0.19818268442595954 S=2.1869802564433085].pdf(1.1560363943714898)
Testing logNormal[M=-3.5262664683236986 S=5.833031312681209].pdf(0.28956216954890374)
Testing logNormal[M=-0.9268825048424194 S=9.47501901825859].pdf(0.23328826172370112)
Testing logNormal[M=-2.2253009441957374 S=2.858862678896137].pdf(1.7436759161252096)
Testing logNormal[M=4.94026531949773 S=2.941664328797896].pdf(1.7724908387532883)
Testing logNormal[M=-0.8360473689897416 S=3.547588901362916].pdf(0.5176631614693562)
Testing logNormal[M=3.28349134872372 S=3.942078263873856].pdf(0.43068159293981556)
Testing logNormal[M=1.267817874085095 S=5.292222594119189].pdf(1.3795130200161378)
Testing logNormal[M=-4.111256140827731 S=0.12287500520423156].pdf(1.9199921377277733)
Testing logNormal[M=4.780343916696756 S=0.6079652853482098].pdf(1.3322766842989522)
Testing logNormal[M=0.5051214116825262 S=5.996765126944602].pdf(1.68937330738217)
Testing logNormal[M=4.552385494901824 S=1.8920318263462732].pdf(1.919798184375818)
Testing logNormal[M=2.7758011750093514 S=7.327166952548478].pdf(2.204864773924698)
Testing logNormal[M=-1.7516148190634206 S=2.5498895004814526].pdf(2.171156500780393)
Testing logNormal[M=-1.9552813567815228 S=0.3195559003322579].pdf(1.3756961245181405)
Testing logNormal[M=3.5502248411306727 S=4.497838331754495].pdf(2.2773526610841115)
Testing logNormal[M=-4.782388973405684 S=6.6389393371023235].pdf(0.7554953779743419)
Testing logNormal[M=-1.5814438452160684 S=7.284133129919439].pdf(1.1116091693373633)
Testing logNormal[M=2.779367089516552 S=0.9125349101073454].pdf(2.2442749039644547)
Testing logNormal[M=1.9744257199324258 S=8.733669772917555].pdf(0.0892867336152088)
Testing logNormal[M=0.7526209629930882 S=3.1629872243061383].pdf(0.9795174368775046)
Testing logNormal[M=-3.7193650029317684 S=4.674351111136128].pdf(2.228347848669888)
Testing logNormal[M=4.2864646529357096 S=8.252613407697591].pdf(1.6726820245199008)
Testing logNormal[M=2.8329033415555207 S=4.745364339804987].pdf(1.924483030221816)
Testing logNormal[M=3.3614183552195396 S=7.827985840173976].pdf(1.8017465538263118)
Testing logNormal[M=-4.293696486529756 S=7.058540592237823].pdf(2.1153805436888695)
Testing logNormal[M=0.6563175929310479 S=4.073918154083848].pdf(1.3043112356095552)
Testing logNormal[M=-2.1423930086988827 S=6.210420464394203].pdf(1.212943897794918)
Testing logNormal[M=-0.7582579861966714 S=2.086659740305926].pdf(2.0681618686811523)
Testing logNormal[M=-0.20317899126730765 S=4.992658645832524].pdf(1.665555353468231)
Testing logNormal[M=0.9160687390214317 S=9.557803251024913].pdf(1.6019981328565371)
Testing logNormal[M=-4.1951253410623455 S=4.177440931149041].pdf(2.060002456207136)
Testing logNormal[M=3.7329368777679353 S=5.543963093950268].pdf(0.3598284377408183)
Testing logNormal[M=4.835480585258104 S=7.176293817141605].pdf(1.2678873363880925)
Testing logNormal[M=-2.891722710842907 S=9.408539493906853].pdf(1.5519511437977367)
Testing logNormal[M=2.7477249904591314 S=9.132034981361684].pdf(1.3174529979058145)
Testing logNormal[M=-2.5764555271059564 S=8.766340059345048].pdf(1.6704997021128751)
Testing logNormal[M=1.768577295987578 S=7.18073281963059].pdf(2.027821044182273)
Testing logNormal[M=-0.14057537701405387 S=7.5843776680877095].pdf(2.165993778160621)
Testing logNormal[M=-0.9122676688824827 S=6.821657708081716].pdf(1.6203824170232473)
Testing logNormal[M=2.708538587678868 S=1.7431029649288443].pdf(2.066140756185907)
Testing logNormal[M=3.887144309880604 S=0.1746123585991044].pdf(1.0140350345527838)
Testing logNormal[M=-1.761902978043187 S=5.90193368669484].pdf(0.551549282432286)
Testing logNormal[M=1.414259118408367 S=3.2358607374389203].pdf(0.13650197372864553)
Testing logNormal[M=-0.554046265641106 S=6.601024780410962].pdf(1.8646436241292779)
Testing logNormal[M=0.40115127214288204 S=3.8849438259530347].pdf(0.8189633631933195)
Testing logNormal[M=-2.232060676381342 S=2.416222212005059].pdf(2.2592826673775455)
Testing logNormal[M=0.4135227708454403 S=3.9933153323235206].pdf(2.114690371156407)
Testing logNormal[M=-1.381327530935852 S=1.2286909079234154].pdf(2.09374329454716)
Testing logNormal[M=0.589887907667098 S=2.0336303393758506].pdf(2.247957387826133)
Testing logNormal[M=-3.080499390794238 S=8.59477205242859].pdf(1.8486699193714056)
Testing logNormal[M=-3.6875727844491966 S=1.6003862511409161].pdf(0.15224754397712337)
Testing logNormal[M=-0.6475133254135548 S=2.5853540111003137].pdf(1.6901586276723575)
Testing logNormal[M=2.847324257758647 S=4.31835207677805].pdf(1.3902365022028649)
Testing logNormal[M=-2.37941139048623 S=0.49234756377542266].pdf(0.38590375171674646)
Testing logNormal[M=2.875415518181814 S=5.237665041676211].pdf(1.2355317954772687)
Testing logNormal[M=-1.1148337321996027 S=9.883459682499197].pdf(0.35991593912440917)
Testing logNormal[M=-1.268094095739004 S=1.9596131302740305].pdf(0.38192606197185847)
Testing logNormal[M=-0.502158220002852 S=8.560379952553234].pdf(0.7944663464722247)
Testing logNormal[M=-0.4474104576000464 S=4.073266660299129].pdf(1.9832771297395044)
Testing logNormal[M=1.5447224087076892 S=5.499329570181804].pdf(2.10292512644893)
Testing logNormal[M=-4.6002018015437605 S=8.011064547539664].pdf(1.835690071513457)
Testing logNormal[M=-3.309762314841078 S=5.647675184774781].pdf(2.063620156276449)
Testing logNormal[M=1.2602009571728274 S=9.123040531787806].pdf(1.8461109417033539)
Testing logNormal[M=0.38723993895712105 S=5.321495846452398].pdf(1.3689108794799687)
Testing logNormal[M=3.490728240295226 S=0.6520350867252711].pdf(0.6795613594198137)
Testing logNormal[M=3.658884832196133 S=4.0976998539080896].pdf(1.7039480571986017)
Testing logNormal[M=-4.442342642848961 S=4.21212653708918].pdf(0.3170265257762271)
Testing logNormal[M=4.412153460504351 S=9.936939379794895].pdf(1.2161536997670792)
Testing logNormal[M=-0.0677688653773103 S=3.023193141371018].pdf(1.482983110116466)
Testing logNormal[M=4.795256932777818 S=0.8559381675780819].pdf(1.9636735588022431)
Testing logNormal[M=-4.24892764109027 S=4.172748662318573].pdf(2.203788428869348)
Testing logNormal[M=4.817061248057325 S=7.608989675704257].pdf(1.2991348619285918)
Testing logNormal[M=2.931910559839924 S=8.380819969774707].pdf(1.845315072791052)
Testing logNormal[M=1.561805638943131 S=8.179583793977338].pdf(1.2913096355820117)
Testing logNormal[M=-0.5405701420792273 S=7.461240880271356].pdf(1.3543428307600944)
Testing logNormal[M=1.1226642240074902 S=2.4455429544213803].pdf(1.1439982569456153)
Testing logNormal[M=1.477104746142417 S=6.267231571932883].pdf(2.1519714945328468)
Testing logNormal[M=2.5789541295880447 S=6.738064796512133].pdf(0.17250518929340747)
Testing logNormal[M=-2.4597501120684018 S=2.474460466436189].pdf(1.5998536656262252)
Testing logNormal[M=1.0599254802072178 S=8.08817492815162].pdf(2.0628802803177666)
Testing logNormal[M=-0.11085807058014563 S=1.2958915125548276].pdf(1.4387717000628617)
Testing logNormal[M=4.198577187046578 S=8.992366610976745].pdf(1.2468928051064825)
Testing logNormal[M=-4.571176374519929 S=4.070113928993951].pdf(2.1108163407337277)
Testing logNormal[M=-1.6682458442987924 S=8.364350400862934].pdf(2.271125473020752)
Testing logNormal[M=2.6132164669158042 S=2.7267449207209573].pdf(1.6326963257882703)
Testing logNormal[M=3.1689399542949808 S=0.9178858233410359].pdf(1.632765027411791)
Testing logNormal[M=0.9663148844321299 S=4.407949378371292].pdf(1.120451717856786)
Testing logNormal[M=3.9044210132990855 S=1.5739191789880036].pdf(1.890189979464814)
Testing logNormal[M=-4.2843464076336275 S=1.243606534658076].pdf(2.0159273739651726)
Testing logNormal[M=-2.342651228376895 S=7.150680019891946].pdf(0.6722722025494534)
Testing logNormal[M=1.2615515959879566 S=1.337951342708441].pdf(1.8147576537345165)
Testing logNormal[M=0.9788269659812681 S=9.138363620976621].pdf(2.1726992285537787)
Testing logNormal[M=2.3003440750723456 S=4.457540376964352].pdf(1.127243620789509)
Testing logNormal[M=1.2203095775222073 S=8.505243640199069].pdf(0.6846135758310251)
Testing logNormal[M=2.118309221350863 S=6.714533226875185].pdf(0.624092430466613)
Testing logNormal[M=-3.064671648095527 S=1.999268543804571].pdf(2.0094655058639046)
Testing logNormal[M=-4.358366021413502 S=4.45346339515079].pdf(0.6836156892679747)
Testing logNormal[M=-4.481401079709348 S=9.093123415359836].pdf(2.080979756681014)
Testing logNormal[M=0.23803325680883702 S=3.9196724669112113].pdf(0.8738827791968414)
Testing logNormal[M=-2.934574546634562 S=3.5111846411181].pdf(1.5912084927079468)
Testing logNormal[M=-0.44588105028262603 S=5.360258831854791].pdf(1.8126847608041459)
Testing logNormal[M=0.9997881218497398 S=5.739875066210418].pdf(1.2454545362372584)
Testing logNormal[M=4.620275343435326 S=4.229491310616888].pdf(1.3221060843422132)
Testing logNormal[M=-3.1567141706483905 S=7.31308591116599].pdf(1.7048052982352961)
Testing logNormal[M=1.3826172312167238 S=5.4273124803392125].pdf(1.8092860186477835)
Testing logNormal[M=-3.809696143941136 S=4.931151828172258].pdf(1.6630720163572108)
Testing logNormal[M=3.7333892268638476 S=8.573711116408102].pdf(1.1540933154189554)
Testing logNormal[M=0.5280751188723638 S=6.736177106277953].pdf(1.7053070248459103)
Testing logNormal[M=2.277523341740193 S=2.909475323504138].pdf(0.15048656089833143)
Testing logNormal[M=-1.6499058843026662 S=4.025843083887988].pdf(1.9854449062514175)
Testing logNormal[M=-0.5266290265191493 S=1.8793939814694338].pdf(1.3767956404029802)
Testing logNormal[M=-2.848126775759352 S=4.6720058673973845].pdf(1.0561621475832268)
Testing logNormal[M=-1.331940045749953 S=2.539339557972263].pdf(1.2930663120477355)
Testing logNormal[M=-3.8930347349389818 S=4.505208510181893].pdf(0.5557303536910169)
Testing logNormal[M=-1.0840428513046971 S=7.375501578401524].pdf(2.168935221538779)
Testing logNormal[M=3.241102369623686 S=7.5428660490121935].pdf(2.144231336793866)
Testing logNormal[M=-3.4917046604377977 S=9.693129263421897].pdf(0.3161440685070672)
Testing logNormal[M=1.1690628210604839 S=1.5918412231069046].pdf(2.015633308070638)
Testing logNormal[M=-3.670651031636466 S=4.571958117248567].pdf(1.7659292645752651)
Testing logNormal[M=0.3101447823433965 S=3.3433443700539245].pdf(2.1801386368091498)
Testing logNormal[M=1.3703430239460923 S=2.525522611632404].pdf(1.7454281304283592)
Testing logNormal[M=-0.33422416324766324 S=7.85916113503458].pdf(2.1031602037274704)
Testing logNormal[M=2.946501340715834 S=8.10411629991161].pdf(1.251622335066355)
Testing logNormal[M=-1.14140051959984 S=1.7036154309453377].pdf(1.696839830366567)
Testing logNormal[M=0.3042733986524295 S=7.81529715338165].pdf(2.2260073667570173)
Testing logNormal[M=4.613038683033517 S=5.384431624921186].pdf(1.4005275718948598)
Testing logNormal[M=4.401243053053495 S=6.991644003536647].pdf(1.639594276957258)
Testing logNormal[M=2.3256301383685782 S=3.2470110406809995].pdf(1.4003629993572635)
Testing logNormal[M=-1.2283167351175983 S=5.325927299306698].pdf(1.5554820570292835)
Testing logNormal[M=2.500407966330065 S=8.20143051408438].pdf(0.559424207340157)
Testing logNormal[M=-2.031228748945079 S=3.9551919602234054].pdf(2.005748075173524)
Testing logNormal[M=-3.0785015695394313 S=4.792419863343499].pdf(1.3926183093998241)
Testing logNormal[M=4.512526480254547 S=1.8258498225738717].pdf(0.8853046341998858)
Testing logNormal[M=3.3495440395163065 S=9.25125009520892].pdf(1.659910186838562)
Testing logNormal[M=0.2187726171960005 S=8.803659340340468].pdf(1.8674639687186805)
Testing logNormal[M=-1.8413538867104462 S=6.968267887490766].pdf(1.2998323862926051)
Testing logNormal[M=4.592476946738916 S=3.7864903667746397].pdf(0.47722491555097485)
Testing logNormal[M=1.9396341346381583 S=2.3620304955984928].pdf(1.750169446958238)
Testing logNormal[M=0.6666774669769948 S=8.698046321206396].pdf(1.3865861612314614)
Testing logNormal[M=0.2088971061364342 S=5.054217308164467].pdf(1.7378300221604535)
Testing logNormal[M=-0.6391645208978609 S=9.806966670321334].pdf(2.265590493426135)
Testing logNormal[M=2.242164689546672 S=8.26453605464939].pdf(2.2070350360984023)
Testing logNormal[M=4.453735230740046 S=7.763988735770403].pdf(0.5278037188430142)
Testing logNormal[M=1.4417116892285522 S=6.628011084580731].pdf(2.026360976053268)
Testing logNormal[M=-0.23244885712117735 S=3.5710550287054788].pdf(1.2587336230179194)
Testing logNormal[M=2.7237148133431797 S=5.31633442769519].pdf(1.481279038892227)
Testing logNormal[M=-1.8665171011654893 S=0.0385490230020169].pdf(1.0697231311080035)
Testing logNormal[M=-4.885473921313745 S=5.080292643592493].pdf(2.103495003415839)
Testing logNormal[M=1.7265455129703389 S=9.558548903408443].pdf(0.9189954141063947)
Testing logNormal[M=2.962733242037232 S=1.350556934988718].pdf(1.9529926693625623)
Testing logNormal[M=-3.6787924406386994 S=8.00770866109081].pdf(2.2534663751733657)
Testing logNormal[M=4.4194168823484326 S=4.1133264456847485].pdf(2.26569604298681)
Testing logNormal[M=-2.4801466636736516 S=3.7747702452820517].pdf(0.934534118418224)
Testing logNormal[M=2.6704390215433635 S=0.7289289724655312].pdf(2.0295219602826724)
Testing logNormal[M=1.2357828582212296 S=3.569262955300172].pdf(1.8117403335089128)
Testing logNormal[M=-1.7155122064792283 S=3.178155256378753].pdf(1.8424213492692916)
Testing logNormal[M=0.7082651149779302 S=9.588695404866721].pdf(1.8913623448869363)
Testing logNormal[M=1.0653290061089837 S=9.955959715476379].pdf(1.4275658571543945)
Testing logNormal[M=1.01310986577868 S=0.6815719088563588].pdf(1.1003475943079728)
Testing logNormal[M=-3.1143205583866465 S=4.927544096588436].pdf(1.6609504817432137)
Testing logNormal[M=-2.824914384322519 S=5.866572523895445].pdf(2.023388936826692)
Testing logNormal[M=-4.3792768479272155 S=2.666463057624018].pdf(2.296923311568242)
Testing logNormal[M=1.0199200596179612 S=7.2764595216312795].pdf(2.2667051483058733)
Testing logNormal[M=-1.529960616533259 S=4.852416374357761].pdf(2.0689017263585714)
Testing logNormal[M=-1.0260300313043889 S=2.0797500368874844].pdf(1.7867235066337015)
Testing logNormal[M=-2.3951115993099292 S=9.68069659514773].pdf(1.871506817897328)
Testing logNormal[M=2.9536793096575673 S=1.080999095272267].pdf(2.2637817571980916)
Testing logNormal[M=-0.3925101496624901 S=3.5094885867399372].pdf(1.5720590105411691)
Testing logNormal[M=-1.5330112433592422 S=3.4558436378662396].pdf(1.805662619728487)
Testing logNormal[M=2.5257749687443756 S=5.7341786722234165].pdf(0.3214878558268997)
Testing logNormal[M=0.4778783762358447 S=2.931829457750622].pdf(1.4931241540158167)
Testing logNormal[M=2.2545714719778642 S=3.114669515675701].pdf(1.1311568364284768)
Testing logNormal[M=3.0270732349807474 S=3.561889073263016].pdf(2.1362328579981007)
Testing logNormal[M=2.367627858210777 S=0.5755781793039494].pdf(1.8062685917672405)
Testing logNormal[M=1.8431364044189813 S=9.043504445944382].pdf(0.8762364757935677)
Testing logNormal[M=3.4429826998649933 S=6.0827731829922795].pdf(1.4622664155886242)
Testing logNormal[M=1.5804359638692977 S=1.6075487531588717].pdf(2.202140067708374)
Testing logNormal[M=-4.942451096165711 S=8.25636582734623].pdf(1.2717355632238414)
Testing logNormal[M=-1.648200807284672 S=7.1878730375541355].pdf(2.233447648383302)
Testing logNormal[M=-3.224906427039387 S=9.827138181482955].pdf(1.4077468572478242)
Testing logNormal[M=2.538887708901788 S=1.6512512016711467].pdf(1.8351317359965569)
Testing logNormal[M=-4.80536358082227 S=5.5445447487430775].pdf(2.030301680761844)
Testing logNormal[M=-1.2265435470211328 S=3.372706855224438].pdf(0.9955661942632968)
Testing logNormal[M=4.270977796314263 S=8.747191415231107].pdf(1.7682312398619857)
Testing logNormal[M=4.360447739356751 S=4.2375438045055].pdf(1.5632897335914218)
Testing logNormal[M=-2.259800251098494 S=1.1231901434463432].pdf(1.6499214651381282)
Testing logNormal[M=-1.2985030484160909 S=8.578221675278012].pdf(2.1916195626503816)
Testing logNormal[M=3.9778142439123023 S=3.5973907906189706].pdf(1.781987532089247)
Testing logNormal[M=-2.4740777830279015 S=9.35840851203923].pdf(2.281613813108722)
Testing logNormal[M=-4.182084300190565 S=1.8554414581567202].pdf(2.0489033546985422)
Testing logNormal[M=-0.37371873309740167 S=5.999395511398456].pdf(0.08226833785035456)
Testing logNormal[M=-2.546097756412251 S=9.449745421241149].pdf(1.2274803809297354)
Testing logNormal[M=1.7484511002608798 S=5.1348759125209735].pdf(0.9706724208367687)
Testing logNormal[M=4.776712371906536 S=9.417371959910971].pdf(1.8868283146217744)
Testing logNormal[M=2.7565263306784793 S=3.3152441839850377].pdf(0.984969761546499)
Testing logNormal[M=1.523947801292671 S=9.581605613474306].pdf(2.0456771318963463)
Testing logNormal[M=-3.683612788754098 S=5.157142657853198].pdf(1.7595144721949285)
Testing logNormal[M=4.028120684914077 S=8.281847606718417].pdf(1.422350415279444)
Testing logNormal[M=0.5847039622424504 S=6.08228980296654].pdf(1.3932968125071512)
Testing logNormal[M=2.846841457976388 S=3.314965152110898].pdf(2.247980230505212)
Testing logNormal[M=4.912236660763465 S=8.997669776272318].pdf(1.2516349192771992)
Testing logNormal[M=-0.7413029134387505 S=7.602137859371968].pdf(1.645514974280231)
Testing logNormal[M=3.072853692118054 S=2.619906500654844].pdf(1.2165044699448793)
Testing logNormal[M=2.0526809387886154 S=8.83445673105201].pdf(2.118222218798375)
Testing logNormal[M=-4.35228526979653 S=8.849066115052695].pdf(1.610560074557788)
Testing logNormal[M=4.793194910501372 S=6.405664169794773].pdf(1.0387007537109714)
Testing logNormal[M=2.416789936609238 S=5.250155220512936].pdf(2.1645918367257364)
Testing logNormal[M=-4.016461506587785 S=3.535358155337678].pdf(0.974946410689957)
Testing logNormal[M=4.252751093233613 S=7.2895200124643775].pdf(2.2995995818603943)
Testing logNormal[M=2.039598064340665 S=1.0243023707820653].pdf(2.267229583916551)
Testing logNormal[M=1.1425148725167809 S=6.760022971360326].pdf(1.980260772417372)
Testing logNormal[M=-4.994005278081107 S=1.1618198395848345].pdf(2.0891996978485494)
Testing logNormal[M=-1.5288697938216114 S=2.023705031560288].pdf(1.5182118338932904)
Testing logNormal[M=-4.805210414235494 S=2.6639378081521627].pdf(1.0356407822135274)
Testing logNormal[M=0.1348718663776758 S=9.362742311881844].pdf(0.2678582073680286)
Testing logNormal[M=3.425769041055357 S=1.0972141333963659].pdf(1.7481687394747487)
Testing logNormal[M=2.995498955088004 S=4.047309038798373].pdf(2.2260482695514745)
Testing logNormal[M=4.970351735556239 S=2.301174673248031].pdf(0.2614081025550487)
Testing logNormal[M=-1.3246446027331302 S=9.09012452275614].pdf(1.7743750909580396)
Testing logNormal[M=1.964869725322548 S=9.116213587602594].pdf(1.8243481310376588)
Testing logNormal[M=2.9178876325649172 S=3.7032001000687718].pdf(0.9284495808206307)
Testing logNormal[M=2.9796964857141974 S=4.376756067008896].pdf(2.253304803919563)
Testing logNormal[M=0.8841619561294998 S=9.630228227253157].pdf(1.9548498352826014)
Testing logNormal[M=4.47296215958159 S=7.272522766048569].pdf(1.9742442368443351)
Testing logNormal[M=-4.173833768467917 S=0.043919714960106715].pdf(1.1626263398772634)
Testing logNormal[M=-1.750572958847508 S=9.388538959772827].pdf(1.3485934432264235)
Testing logNormal[M=-1.1494580879006255 S=2.883597010510611].pdf(2.1867263921206552)
Testing logNormal[M=-4.974354960228374 S=4.9480681579551895].pdf(1.3290254347056494)
Testing logNormal[M=0.38804976012064607 S=3.404209179920381].pdf(1.4471408209054006)
Testing logNormal[M=0.5316309099501568 S=6.777319921752367].pdf(1.3805102268750984)
Testing logNormal[M=3.196138008133765 S=0.885887147149812].pdf(1.09969075739519)
Testing logNormal[M=1.4853524633037107 S=4.280713267566886].pdf(1.3111899244930616)
Testing logNormal[M=2.644879244157087 S=8.954234147957328].pdf(2.0533207753600906)
Testing logNormal[M=1.4567587687996744 S=2.9735755819211263].pdf(2.0876893940576147)
Testing logNormal[M=2.289381258833866 S=2.7955069716393166].pdf(1.8071018251085103)
Testing logNormal[M=3.758768242631078 S=1.797048468825555].pdf(2.2564654994857256)
Testing logNormal[M=2.6524752244726173 S=5.196208374606276].pdf(1.4304419360597018)
Testing logNormal[M=0.6984139032063128 S=6.188061857508952].pdf(2.228579092132913)
Testing logNormal[M=0.24063995443009834 S=0.5175621587488899].pdf(0.6395929976608578)
Testing logNormal[M=-2.435355568184059 S=4.98776181699732].pdf(2.285372773239031)
Testing logNormal[M=-2.421326873818379 S=4.691563263953822].pdf(2.0798190859759287)
Testing logNormal[M=1.101488496355607 S=4.767587244558963].pdf(2.117960982018717)
Testing logNormal[M=1.316478704412937 S=9.574829958734252].pdf(1.652339829777993)
Testing logNormal[M=-2.218535686340765 S=2.5698384168898802].pdf(1.136413963684764)
Testing logNormal[M=-2.994695889500618 S=1.5564775555305754].pdf(1.8898296783076682)
Testing logNormal[M=-0.8308047210187031 S=0.49305376821142777].pdf(2.2446001390078494)
Testing logNormal[M=-3.3273096920298393 S=9.859387947069077].pdf(1.9021600225952169)
Testing logNormal[M=1.602234322904308 S=8.314470821164768].pdf(2.1456607165139148)
Testing logNormal[M=0.9997621515572401 S=8.716539497113583].pdf(1.1928310567795277)
Testing logNormal[M=-2.9646300274913595 S=3.084482454303088].pdf(1.1558123528299125)
Testing logNormal[M=4.68914703547693 S=2.381695772563357].pdf(1.4921294831477592)
Testing logNormal[M=-4.578854382485041 S=4.342166761356818].pdf(0.7755486545960999)
Testing logNormal[M=-0.8535946693263243 S=6.633825186188911].pdf(1.373984304207811)
Testing logNormal[M=-4.094666880177488 S=1.6313510627218275].pdf(1.9350201571571821)
Testing logNormal[M=-0.8420604937655121 S=4.327786772148236].pdf(0.14123911472267045)
Testing logNormal[M=1.1252574808701805 S=7.058611940871327].pdf(2.077991738826437)
Testing logNormal[M=0.9266255742063567 S=7.715970408629662].pdf(0.22333321626054942)
Testing logNormal[M=-3.9148257237516293 S=6.627979121440629].pdf(1.6341854542177645)
Testing logNormal[M=-3.255797314342208 S=2.978736729652609].pdf(1.1414971524219633)
Testing logNormal[M=3.502433346235218 S=0.2819366965697023].pdf(2.23042147314529)
Testing logNormal[M=3.258600487795997 S=9.882373843363673].pdf(0.9973445204226393)
Testing logNormal[M=4.724281567476639 S=7.927489489622296].pdf(1.8910126549113337)
Testing logNormal[M=-2.2232944137304447 S=6.352793312206772].pdf(1.0132799134312265)
Testing logNormal[M=-1.824443806567353 S=7.147003399481497].pdf(1.4644181668422112)
Testing logNormal[M=2.8734326303940847 S=8.07179750166281].pdf(1.6160447473348385)
Testing logNormal[M=-4.205145692519557 S=1.5902597078130953].pdf(1.3792150434595765)
Testing logNormal[M=-4.523892167127542 S=1.1229775727244529].pdf(1.613247773513388)
Testing logNormal[M=1.1263927032996124 S=2.813344185586616].pdf(1.4828506226393603)
Testing logNormal[M=-2.4120441504476675 S=3.853154344142032].pdf(2.1313441617473132)
Testing logNormal[M=-2.7828391237546626 S=9.804085954056912].pdf(1.8598232836992001)
Testing logNormal[M=-0.23069703551339948 S=8.985333318190094].pdf(1.8673809540857413)
Testing logNormal[M=4.4742802813897615 S=5.896374509889174].pdf(2.2786675160386527)
Testing logNormal[M=-4.32721680244854 S=0.5881864181474672].pdf(1.9770656081251357)
Testing logNormal[M=-3.6588204797321353 S=1.2630590807641007].pdf(1.0850886144423249)
Testing logNormal[M=1.0939730360359468 S=5.600499628497813].pdf(1.472167397295077)
Testing logNormal[M=-0.7391525848282923 S=3.9138065441313175].pdf(2.2854460749322913)
Testing logNormal[M=-2.628094801662665 S=3.717944803525588].pdf(1.6053265180669642)
Testing logNormal[M=2.298889653428099 S=2.5024438411362446].pdf(1.4340238877472251)
Testing logNormal[M=2.0333339500370906 S=2.818109013303406].pdf(1.6644573651805399)
Testing logNormal[M=2.6487560944704445 S=8.558959418506644].pdf(0.8075747362916984)
Testing logNormal[M=-2.232279848284755 S=1.6908079272405063].pdf(2.1144496948705753)
Testing logNormal[M=-3.094512097511349 S=0.2642408875195368].pdf(0.797550531964794)
Testing logNormal[M=-1.9373218014570637 S=3.835999052416108].pdf(1.632866460542404)
Testing logNormal[M=-2.9394671776021717 S=1.3093143465997459].pdf(1.6619005440717216)
Testing logNormal[M=-3.9931498390720432 S=8.391441638362945].pdf(1.863341988605063)
Testing logNormal[M=1.4225714029849348 S=2.3779317593303775].pdf(2.2227144728712247)
Testing logNormal[M=3.975809192563487 S=1.6073895536207172].pdf(1.0508092675106522)
Testing logNormal[M=-0.02574367275437872 S=8.169349345706177].pdf(2.202146086220207)
Testing logNormal[M=-2.7819020348622594 S=3.6377552046807193].pdf(1.8890981200474817)
Testing logNormal[M=3.8120879117222426 S=6.606151601005285].pdf(1.8345388594101397)
Testing logNormal[M=-1.9524369821841425 S=1.5924796573241584].pdf(1.5316508399934041)
Testing logNormal[M=-1.2511602816788567 S=0.0983429949181569].pdf(2.1898044332164157)
Testing logNormal[M=3.21542169183558 S=2.421587428005764].pdf(1.917161379207494)
Testing logNormal[M=-2.515750465022293 S=7.0350961611795295].pdf(1.961587048596891)
Testing logNormal[M=2.004343940115695 S=1.3546788853950265].pdf(1.0825876868136777)
Testing logNormal[M=-2.7592027996495516 S=2.715531485595515].pdf(2.2505837866876925)
Testing logNormal[M=-0.632809318264731 S=5.560316192608587].pdf(0.8188240820768491)
Testing logNormal[M=-1.9645528445269034 S=1.0637736239505013].pdf(1.2825069282413546)
Testing logNormal[M=1.754191503765865 S=0.9424863747356904].pdf(2.200921647407512)
Testing logNormal[M=-2.2240895564390293 S=4.620377300212417].pdf(0.2532408056025259)
Testing logNormal[M=-0.023823535846910104 S=3.5225146793975592].pdf(1.903240757397295)
Testing logNormal[M=0.06909729975276147 S=2.1911770333264546].pdf(0.5633471252734158)
Testing logNormal[M=3.0466174470331246 S=0.062246209332983415].pdf(1.9694222962743924)
Testing logNormal[M=4.694786838655681 S=6.12670019571728].pdf(1.8820347833301254)
Testing logNormal[M=-3.5080660199591094 S=0.9559684698383564].pdf(1.191745519946286)
Testing logNormal[M=3.2374200236612207 S=3.818106212213399].pdf(2.256745655025924)
Testing logNormal[M=-1.9933462275896128 S=1.0533371337367237].pdf(1.682896302794554)
Testing logNormal[M=1.4987593037883489 S=5.729514239598139].pdf(1.54431025161614)
Testing logNormal[M=-0.8893492069450151 S=1.2723371373600012].pdf(2.2728791225610587)
Testing logNormal[M=-0.6313509806595548 S=6.5034025758389795].pdf(2.1692723278524486)
Testing logNormal[M=0.12731114221527928 S=1.3861443823809239].pdf(1.977364247632099)
Testing logNormal[M=3.7228108730576537 S=3.2316791254527155].pdf(1.288460858603423)
Testing logNormal[M=4.44119575648293 S=3.2423546471903117].pdf(2.0332720487044487)
Testing logNormal[M=-2.172465289314073 S=1.535899608203668].pdf(2.0273580603090986)
Testing logNormal[M=0.6254266606252266 S=9.00064664238004].pdf(1.8730133789112555)
Testing logNormal[M=4.864910807780294 S=3.891793992027208].pdf(2.2223129489622346)
Testing logNormal[M=-2.777372690287785 S=8.946310323108989].pdf(2.2235976071437573)
Testing logNormal[M=-1.261843563122497 S=2.4531553416905627].pdf(1.3889021162232826)
Testing logNormal[M=3.776550373810183 S=1.5708579612554119].pdf(0.7678754689075531)
Testing logNormal[M=4.20757000057948 S=9.985232120629092].pdf(0.07130803983479678)
Testing logNormal[M=-0.7053476568395576 S=5.617692833746601].pdf(0.22710980050801985)
Testing logNormal[M=0.9876043679801683 S=8.057713324913603].pdf(1.731111695527342)
Testing logNormal[M=-1.8098784578088267 S=6.418211131563297].pdf(1.8211863062153097)
Testing logNormal[M=3.186397934550058 S=3.0597207250787006].pdf(1.8736268221482149)
Testing logNormal[M=-2.3140559913154837 S=6.614973055887576].pdf(2.1948786267803864)
Testing logNormal[M=4.9121274629966045 S=4.121998966158827].pdf(1.7027748473297166)
Testing logNormal[M=0.32737855717537645 S=1.7245910287014388].pdf(0.810356752338639)
Testing logNormal[M=3.515638309629839 S=6.4655829000717695].pdf(1.4253797061836952)
Testing logNormal[M=3.1765294113312326 S=1.5055297568709725].pdf(1.8989387239485296)
Testing logNormal[M=4.282219841071562 S=0.16000007154962081].pdf(2.0700695833715175)
Testing logNormal[M=-4.539381242897883 S=6.375750722011252].pdf(2.2900732700587243)
Testing logNormal[M=-3.6115443155227034 S=8.741616073476203].pdf(1.1940889470885943)
Testing logNormal[M=-0.09711111755839852 S=8.971012688044164].pdf(1.2457991471625698)
Testing logNormal[M=-4.061349585817261 S=8.340595573625603].pdf(0.4646474714911929)
Testing logNormal[M=0.11566870323171052 S=7.315304351176504].pdf(1.0496585165527899)
Testing logNormal[M=-0.05900415185581043 S=3.3153861468205537].pdf(2.027671920922124)
Testing logNormal[M=0.7581356866492692 S=6.945555465813112].pdf(1.6186121658777295)
Testing logNormal[M=-4.993723514027918 S=7.39129686959008].pdf(0.7172897989599212)
Testing logNormal[M=3.8447003839669733 S=0.1331707360667389].pdf(1.7003067210053882)
Testing logNormal[M=-4.2357458413794635 S=3.6902026701190014].pdf(2.1321507565624205)
Testing logNormal[M=1.8683181658149568 S=9.138476154645756].pdf(0.8541347683183479)
Testing logNormal[M=-0.7477269540623697 S=7.493423931767943].pdf(1.9127881222019827)
Testing logNormal[M=1.973023491128334 S=7.025572514689031].pdf(1.6388248930163036)
Testing logNormal[M=0.034856091474027906 S=7.05582380996122].pdf(1.6555673854502118)
Testing logNormal[M=-3.490716381972611 S=8.21406446189381].pdf(2.038787835474823)
Testing logNormal[M=2.0508873112967745 S=7.301727966142524].pdf(1.3344777199221636)
Testing logNormal[M=-2.1192653509208914 S=5.1236816312073525].pdf(1.6139651035506872)
Testing logNormal[M=-3.0939092469094707 S=6.762948315345982].pdf(2.0342409159283075)
Testing logNormal[M=3.508301539692777 S=3.981065302309937].pdf(1.6222392337152447)
Testing logNormal[M=2.3852463679717406 S=9.721935117454226].pdf(0.1903127846597845)
Testing logNormal[M=-0.4401816416062516 S=9.364901534963776].pdf(0.8251991872554343)
Testing logNormal[M=-2.5430872521868544 S=6.282924507500397].pdf(2.0021158024281975)
Testing logNormal[M=4.5286005301244945 S=3.187404284905193].pdf(1.5869169054387762)
Testing logNormal[M=-3.4263056452624308 S=7.565755958664272].pdf(0.5351059660890899)
Testing logNormal[M=-1.9761619869875857 S=9.515221151346747].pdf(1.7547881245355792)
Testing logNormal[M=1.6332462077310472 S=3.3255574700297617].pdf(2.183388303466726)
Testing logNormal[M=-2.013700366727983 S=7.488736355519837].pdf(2.1364603428492477)
Testing logNormal[M=-2.1826520281596484 S=2.3422470017569443].pdf(1.8314119823100492)
Testing logNormal[M=-0.402408777029577 S=2.771919894971029].pdf(2.1703168198295475)
Testing logNormal[M=-4.405539326699113 S=2.060278263213341].pdf(1.8182042944081211)
Testing logNormal[M=4.603206740907726 S=8.819596562506325].pdf(2.2118879446271946)
Testing logNormal[M=-1.4164811045244843 S=2.3385109756880795].pdf(1.807347468450108)
Testing logNormal[M=2.9913632085279094 S=8.540941177235617].pdf(1.0521347993314767)
Testing logNormal[M=3.0883807813999695 S=3.1575752537506774].pdf(2.043950165153678)
Testing logNormal[M=0.7045769530415837 S=0.06834537589787026].pdf(1.3058069857606287)
Testing logNormal[M=0.6061653592694753 S=3.0969634987443264].pdf(2.2069678246634896)
Testing logNormal[M=1.8278717657575028 S=5.271074993265516].pdf(2.176932849865774)
Testing logNormal[M=2.479446781733495 S=6.798714526265135].pdf(1.718836236379349)
Testing logNormal[M=2.337523700267294 S=5.562677675819532].pdf(1.7549242850237547)
Testing logNormal[M=3.603294634244321 S=5.202913796063648].pdf(0.30327373890338455)
Testing logNormal[M=1.3592515255553108 S=1.4582979615653002].pdf(1.8536094286947304)
Testing logNormal[M=1.0923620646529706 S=8.808199065787864].pdf(1.9780342073760324)
Testing logNormal[M=1.1833535388480225 S=3.9983394509388024].pdf(2.0758957219044665)
Testing logNormal[M=-4.437470594358954 S=7.959413824277232].pdf(0.4053660598479776)
Testing logNormal[M=-0.9360941186179206 S=6.656673710781437].pdf(2.2151859415695263)
Testing logNormal[M=-1.7411976914555307 S=9.342270338697087].pdf(1.7760010359646827)
Testing logNormal[M=3.447259954358202 S=9.780328139396776].pdf(2.0626854476790113)
Testing logNormal[M=-4.66853168553989 S=3.518954306611517].pdf(1.416457823943104)
Testing logNormal[M=3.7140792133518037 S=2.0385403464250462].pdf(1.1888151456555378)
Testing logNormal[M=-1.0485646582065176 S=8.43579686497649].pdf(1.9444811089279053)
Testing logNormal[M=-1.7901216003750142 S=1.4518516478618726].pdf(1.3094928329945825)
Testing logNormal[M=0.019225781863792868 S=5.05940376304495].pdf(2.217418844222199)
Testing logNormal[M=-3.893074320502068 S=4.156381647497621].pdf(1.4654043145784528)
Testing logNormal[M=-2.9916651601425146 S=6.122107698861228].pdf(1.7943558889640527)
Testing logNormal[M=-1.2114100828478067 S=4.211257363488076].pdf(1.8083766143091224)
Testing logNormal[M=-3.8901487847176353 S=5.755381438937458].pdf(2.1003392920546897)
Testing logNormal[M=-0.7605855847416896 S=9.199858507830577].pdf(1.2362499955480144)
Testing logNormal[M=-2.0819538371147206 S=2.395858663936944].pdf(2.262725229073821)
Testing logNormal[M=-2.7406272346259652 S=6.901170068223381].pdf(0.8756762919113539)
Testing logNormal[M=-1.1225653496528318 S=2.1087122110291556].pdf(1.093211298302623)
Testing logNormal[M=3.510637255111064 S=6.068015898972003].pdf(1.975319271652588)
Testing logNormal[M=3.1522980590992944 S=8.026557935734806].pdf(1.8355005825630217)
Testing logNormal[M=0.9014223813427531 S=9.147382266611652].pdf(0.33801393428564563)
Testing logNormal[M=-2.129564260447471 S=5.071426683858097].pdf(2.0320083047551716)
Testing logNormal[M=2.8704160752351875 S=1.1353472297599077].pdf(2.068207659054605)
Testing logNormal[M=-4.042437790413654 S=4.210267518287693].pdf(2.0582977505899485)
Testing logNormal[M=-0.7628102742070384 S=6.212234692087969].pdf(1.7667197910021588)
Testing logNormal[M=-4.037470125151188 S=1.5511326352932187].pdf(1.7150678592391033)
Testing logNormal[M=1.6753037240267785 S=3.969779382146279].pdf(1.907933162924227)
Testing logNormal[M=1.3308459385875135 S=5.779078854957168].pdf(1.4394736270839927)
Testing logNormal[M=-1.382029013052061 S=1.0953603071279483].pdf(1.8786976564140516)
Testing logNormal[M=-0.8682506748432006 S=1.9783709218988688].pdf(1.8979687487497199)
Testing logNormal[M=-2.692667928900041 S=3.4876638343662067].pdf(2.081949859670097)
Testing logNormal[M=-4.8024721617764685 S=2.3060739389366667].pdf(0.5671600510694706)
Testing logNormal[M=-1.890713462853577 S=4.526136329050127].pdf(2.1755281597089504)
Testing logNormal[M=-4.868483085600604 S=7.643368383984551].pdf(1.597927923388917)
Testing logNormal[M=-3.720653612177134 S=3.741557614699632].pdf(2.2485812263306477)
Testing logNormal[M=-0.9386223396154314 S=6.347774750495976].pdf(1.8325684650296648)
Testing logNormal[M=-3.1802854231633972 S=2.0439768696995078].pdf(1.0513340071847899)
Testing logNormal[M=-4.778381823483892 S=3.8827137258657385].pdf(1.5736933982448738)
Testing logNormal[M=4.881801002735914 S=8.98222266651101].pdf(2.140517341959427)
Testing logNormal[M=-1.1080645599360972 S=1.6406547847447417].pdf(2.0512624675857087)
Testing logNormal[M=0.08578839389044646 S=7.370992785611602].pdf(2.027910490946356)
Testing logNormal[M=-0.31320397781998643 S=2.7591857883756807].pdf(1.2888691725264654)
Testing logNormal[M=2.612531870444343 S=4.630663828806728].pdf(2.116132991878542)
Testing logNormal[M=0.44653925973408803 S=1.9310259754372505].pdf(1.111254289613391)
Testing logNormal[M=0.6546891830985686 S=4.913690731017849].pdf(1.170231512216006)
Testing logNormal[M=4.249671868335788 S=9.123473398069414].pdf(1.8915096268145033)
Testing logNormal[M=-1.806102167938779 S=3.580835329448373].pdf(2.2562476387503527)
Testing logNormal[M=4.462911370185452 S=6.117872204483574].pdf(2.1654115969361416)
Testing logNormal[M=0.8501910139547437 S=9.318787361609846].pdf(2.2802182580807884)
Testing logNormal[M=-1.7625886346993158 S=8.614604428009999].pdf(1.7486014823612273)
Testing logNormal[M=-0.04937168351116039 S=0.5740411636725817].pdf(2.1635963574562833)
Testing logNormal[M=2.675597056782415 S=8.099958637188516].pdf(1.6942056778960284)
Testing logNormal[M=0.31608802980566786 S=0.79141948254558].pdf(0.7680959811026142)
Testing logNormal[M=-3.2581219147680818 S=3.9569315820970132].pdf(2.008072684722978)
Testing logNormal[M=-2.8258538379106266 S=2.616578420153056].pdf(1.4433423789010116)
Testing logNormal[M=0.8240393042120733 S=3.865748026849136].pdf(1.9735554514631015)
Testing logNormal[M=-1.4512153268700168 S=4.56437658121731].pdf(1.756738359220827)
Testing logNormal[M=-3.41779206502113 S=1.2087006464065053].pdf(2.084573854391971)
Testing logNormal[M=-3.1269838085716373 S=9.980539168837247].pdf(1.7104351808859304)
Testing logNormal[M=-3.810154845960362 S=8.705849418239147].pdf(2.074583319334463)
Testing logNormal[M=-0.39932665094680875 S=0.8066993371137055].pdf(0.3795434290214825)
Testing logNormal[M=2.507189169770445 S=5.9400580760587225].pdf(1.48196247170153)
Testing logNormal[M=3.683557246825318 S=2.2279437405680955].pdf(1.4707782982387347)
Testing logNormal[M=-2.2849696563304023 S=1.8570184846875537].pdf(2.016554591704501)
Testing logNormal[M=0.519048781360838 S=5.08301646402758].pdf(1.6924763926792574)
Testing logNormal[M=3.6504120842177024 S=9.14838220482452].pdf(0.5650053775287577)
Testing logNormal[M=4.699620962024603 S=7.320285662754076].pdf(1.9542696356296556)
Testing logNormal[M=-3.2292111318064265 S=6.5616966720386705].pdf(1.347984886157742)
Testing logNormal[M=0.382272368398092 S=0.7099039314291433].pdf(1.9846030164864632)
Testing logNormal[M=1.1694069582626154 S=3.5406608495074234].pdf(1.0626807926992425)
Testing logNormal[M=-4.6894458924766225 S=3.5003386882870133].pdf(1.8258458756125218)
Testing logNormal[M=-1.1384087153053288 S=1.1689172264972358].pdf(1.478160404591403)
Testing logNormal[M=-0.4353696131663316 S=3.409126691908355].pdf(1.614569327240945)
Testing logNormal[M=3.0605238266519734 S=3.5458542198737684].pdf(1.8586915753655393)
Testing logNormal[M=2.314646483550705 S=5.369403498006232].pdf(0.9179801970119716)
Testing logNormal[M=3.5466201839156284 S=7.038044200412634].pdf(2.04466771424111)
Testing logNormal[M=1.609448385586938 S=2.494739107617101].pdf(1.937403112846591)
Testing logNormal[M=1.587347989428718 S=8.79097425406288].pdf(2.2372794235673683)
Testing logNormal[M=-0.7537258142534942 S=4.768647354259265].pdf(2.1187790183923774)
Testing logNormal[M=1.6707523459133276 S=5.49169304957416].pdf(2.296705285571637)
Testing logNormal[M=0.19164576075795026 S=6.919479210810331].pdf(2.0813343326076)
Testing logNormal[M=2.576204924665568 S=4.487868052180481].pdf(1.1247110529594255)
Testing logNormal[M=3.950195115128853 S=7.141858467430994].pdf(1.8884167736182682)
Testing logNormal[M=1.3303122948519448 S=1.5186814790955538].pdf(2.287277049785155)
Testing logNormal[M=-0.7963261863187219 S=5.500568364597468].pdf(1.9479957196726116)
Testing logNormal[M=-2.6961904964295225 S=2.9952843294234874].pdf(0.12840596887070238)
Testing logNormal[M=0.01072010299586168 S=3.986238495909946].pdf(2.1788577370595688)
Testing logNormal[M=-0.386048325516545 S=9.642182684049589].pdf(0.27343654932783307)
Testing logNormal[M=0.42442318425367365 S=2.9565745568647426].pdf(1.9158818411875078)
Testing logNormal[M=0.021886326710055748 S=7.855815190662928].pdf(1.9832514738976534)
Testing logNormal[M=0.8278825832157448 S=3.1989527863017218].pdf(0.4826222219407005)
Testing logNormal[M=2.1998723003099165 S=9.245665168084752].pdf(1.586623643482454)
Testing logNormal[M=4.6925010774935725 S=8.71974720241798].pdf(2.176634756683019)
Testing logNormal[M=0.9481906969639446 S=0.6004095684063626].pdf(1.911160657037088)
Testing logNormal[M=4.13898904233014 S=6.3490352000763215].pdf(0.5441887158643084)
Testing logNormal[M=0.33968818152358615 S=4.625713391450815].pdf(1.5618379220808214)
Testing logNormal[M=-1.006843397567907 S=7.882097373380493].pdf(2.1798522376289013)
Testing logNormal[M=-0.47337140331381367 S=2.2321025811478745].pdf(1.151312299467492)
Testing logNormal[M=1.2583988745874066 S=7.269397179614615].pdf(2.2325951254197745)
Testing logNormal[M=0.24144906103208097 S=2.3460053313837417].pdf(1.7343767171342748)
Testing logNormal[M=-4.828869009772242 S=1.0028792914853657].pdf(0.7101527346233687)
Testing logNormal[M=-1.9819339143067696 S=9.307267883738747].pdf(2.118345458884799)
Testing logNormal[M=-4.998019692490382 S=0.7624653823015026].pdf(1.4135555724462925)
Testing logNormal[M=-0.6236644153209125 S=1.109335069363806].pdf(2.2697233600152993)
Testing logNormal[M=0.21267225895030695 S=3.5436999453643034].pdf(1.9841242420159844)
Testing logNormal[M=2.0634346748659773 S=6.7836851261312265].pdf(1.099499935136861)
Testing logNormal[M=3.1156016004314626 S=9.276290002456973].pdf(0.6314310041868187)
Testing logNormal[M=-2.0003457912072364 S=2.8950092846048117].pdf(0.3356816959781383)
Testing logNormal[M=3.368465362309932 S=7.325292762557818].pdf(1.4298814358329885)
Testing logNormal[M=-1.3731476633065034 S=9.065445268704698].pdf(2.1773363304177336)
Testing logNormal[M=4.53851603606515 S=6.960863333445284].pdf(1.7394130945451929)
Testing logNormal[M=-0.8231268720071832 S=6.140333870344729].pdf(2.217862185451628)
Testing logNormal[M=-4.998948314902302 S=2.0122155438919465].pdf(1.5041821452719788)
Testing logNormal[M=0.807383335363328 S=6.965424504155128].pdf(2.1302915417448243)
Testing logNormal[M=-3.0586781001050154 S=9.559851543127357].pdf(1.4825308398652741)
Testing logNormal[M=-0.588671338760534 S=3.292250177048924].pdf(1.8732334779192026)
Testing logNormal[M=-4.5165425184209385 S=0.5832075316067042].pdf(1.832452885378324)
Testing logNormal[M=1.2658000047956284 S=5.65240432148872].pdf(1.6406701531475816)
Testing logNormal[M=-3.5315166248240235 S=8.853391045973755].pdf(2.1204982075029477)
Testing logNormal[M=-1.912428097071519 S=2.94932723542923].pdf(1.4722047665954792)
Testing logNormal[M=0.39619303545866735 S=2.550576228180572].pdf(2.143980210058169)
Testing logNormal[M=-4.990797619213866 S=3.5907090997692306].pdf(1.583357212485626)
Testing logNormal[M=-1.931250049589516 S=7.5246176677854795].pdf(0.8738622439454048)
Testing logNormal[M=4.119321110314301 S=1.5784324529354343].pdf(2.0807487228445747)
Testing logNormal[M=-1.6085520867178085 S=3.2325461516670306].pdf(2.230872697359938)
Testing logNormal[M=2.793477837190176 S=2.865954900543813].pdf(2.260811881522396)
Testing logNormal[M=4.92404027003859 S=8.42272761419338].pdf(2.1866146862520126)
Testing logNormal[M=1.0420948976657884 S=6.7074904107737465].pdf(1.2574585717975921)
Testing logNormal[M=-4.86013132001006 S=1.2290504143635317].pdf(0.27611263756940385)
Testing logNormal[M=-1.9615392924467203 S=3.948834186742869].pdf(2.0334711921966795)
Testing logNormal[M=1.431330101279606 S=8.700248121491867].pdf(1.7108124537271476)
Testing logNormal[M=1.400138214364965 S=9.498405717385463].pdf(2.1574495428926856)
Testing logNormal[M=-2.1032522576488013 S=1.1755446854154783].pdf(1.2904981591643583)
Testing logNormal[M=-0.6240253182590481 S=9.166733911525593].pdf(1.9843082322630208)
Testing logNormal[M=3.2202154531915035 S=7.867414008428284].pdf(1.0773732435411023)
Testing logNormal[M=0.9819806795771111 S=6.177790112989773].pdf(0.8849063562977634)
Testing logNormal[M=4.336667643059684 S=3.5148939429838624].pdf(1.9585501065392492)
Testing logNormal[M=1.2744614156521692 S=9.396950520216642].pdf(2.147307554402296)
Testing logNormal[M=0.32422969287221015 S=4.171921363304023].pdf(1.0800931650004617)
Testing logNormal[M=-2.65914682307145 S=0.17880573556774415].pdf(2.1316157526409247)
Testing logNormal[M=-4.262946255029863 S=0.32672909979273634].pdf(2.0256775724948763)
Testing logNormal[M=-0.16732542671643102 S=5.366179603589948].pdf(2.051101420470542)
Testing logNormal[M=-2.68592840596241 S=7.7688365583982915].pdf(1.3538808431084692)
Testing logNormal[M=4.2682090510964095 S=6.3733680793693335].pdf(2.212729274960899)
Testing logNormal[M=4.163412120499158 S=8.006556636430785].pdf(1.1700065072121635)
Testing logNormal[M=3.8853316311134236 S=0.19130021602105196].pdf(1.8206851261378119)
Testing logNormal[M=3.7996458970321303 S=9.111032760439032].pdf(1.7716442188175003)
Testing logNormal[M=-3.625987334339522 S=6.87931932964986].pdf(2.031411096127877)
Testing logNormal[M=1.2684702855909435 S=8.250010698158656].pdf(1.9080001546790428)
Testing logNormal[M=3.7321227521874363 S=8.085375015136643].pdf(1.1723994622422824)
Testing logNormal[M=-0.9049470668428334 S=7.721774830970864].pdf(1.701497018923655)
Testing logNormal[M=-4.267891512292534 S=4.499582914870076].pdf(1.9661827898957176)
Testing logNormal[M=-3.350756998566331 S=7.578549774756684].pdf(0.1976668068594279)
Testing logNormal[M=-1.562721758983121 S=8.779740673696892].pdf(2.1272238284557217)
Testing logNormal[M=2.208042218336245 S=3.919034657305498].pdf(2.0488260877875177)
Testing logNormal[M=4.12927785437285 S=4.728880390944803].pdf(2.002785455740734)
Testing logNormal[M=2.4219412810385323 S=6.762876406278464].pdf(0.6296619781793115)
Testing logNormal[M=-1.905651241387675 S=5.03796671542538].pdf(1.9630388248364612)
Testing logNormal[M=-1.528336930334555 S=1.519929879958224].pdf(2.2854582184516254)
Testing logNormal[M=1.427123021532232 S=9.588960491864801].pdf(1.7364419694685822)
Testing logNormal[M=0.8692183539151852 S=0.1983230615495868].pdf(0.594508419749707)
Testing logNormal[M=0.6145488374929364 S=6.566407340862529].pdf(1.3833781229480784)
Testing logNormal[M=4.084693290826406 S=2.5066894330183107].pdf(1.379077207535548)
Testing logNormal[M=3.5120725600772005 S=6.706898427008687].pdf(2.222974812884463)
Testing logNormal[M=3.9318139631577473 S=7.896335899533372].pdf(2.1841861622905605)
Testing logNormal[M=-0.543189890242818 S=3.3905268131357804].pdf(2.241075434561479)
Testing logNormal[M=-0.48556233058704024 S=6.895016597770796].pdf(1.9167599217335736)
Testing logNormal[M=1.261591429063019 S=0.7038503568589993].pdf(1.4332686888309947)
Testing logNormal[M=-2.6612200781261643 S=6.08717750272339].pdf(1.4800630239263297)
Testing logNormal[M=1.5007263634070513 S=5.763647816535569].pdf(2.1628292143687253)
Testing logNormal[M=1.5642731666117236 S=0.8743206520626767].pdf(2.0251671273507315)
Testing logNormal[M=2.1041173061468026 S=0.7087586521081657].pdf(1.6852745826997753)
Testing logNormal[M=-4.464547715499312 S=0.07080827029175452].pdf(2.1794019108646983)
Testing logNormal[M=-0.5259301289509679 S=0.3102984128286712].pdf(1.9588174628063282)
Testing logNormal[M=-4.111562447170916 S=6.33759298329366].pdf(0.7848894160728119)
Testing logNormal[M=3.1251808436914743 S=8.695510425757725].pdf(1.737459661515997)
Testing logNormal[M=1.0035932729931032 S=2.537332692915596].pdf(0.46373637500747256)
Testing logNormal[M=4.422353938495348 S=6.024658773551932].pdf(0.5457509375466508)
Testing logNormal[M=1.4852077909688148 S=1.0369140889454131].pdf(0.9774950344907959)
Testing logNormal[M=2.7571745768564524 S=1.8300730611140603].pdf(2.258615588462989)
Testing logNormal[M=2.805147153574544 S=5.941884779281371].pdf(0.3144188578708629)
Testing logNormal[M=-2.42592339639772 S=6.488143251258434].pdf(1.0097944447039169)
Testing logNormal[M=-4.360369627470451 S=8.431047382329627].pdf(1.1339366722048123)
Testing logNormal[M=-3.321964536965094 S=6.399415462913698].pdf(0.8647603395766493)
Testing logNormal[M=-3.073222408186951 S=8.894666862888473].pdf(1.9147975554856602)
Testing logNormal[M=-2.7184347950293253 S=7.846201287334057].pdf(1.9596965773130455)
Testing logNormal[M=2.8809422678921166 S=4.8355111826973385].pdf(1.679112664427162)
Testing logNormal[M=-3.9440427379330636 S=0.5973109774622665].pdf(0.710074219526114)
Testing logNormal[M=-0.4795834770233798 S=6.906979226720784].pdf(2.0586909192017266)
Testing logNormal[M=-4.4708079973729316 S=7.283143162911896].pdf(2.070801944668507)
Testing logNormal[M=2.117641950545762 S=8.856747011639346].pdf(2.2777276371788933)
Testing logNormal[M=-0.35831426016761814 S=4.521560078470066].pdf(2.0905221357409007)
Testing logNormal[M=1.4376440902406449 S=1.3443336363244895].pdf(0.8248516242558783)
Testing logNormal[M=0.9684642692591607 S=5.485097327617099].pdf(1.7474104762627154)
Testing logNormal[M=-2.631028024835673 S=8.807194058000732].pdf(0.7850877404628809)
Testing logNormal[M=-4.4406032141352005 S=5.0925634869127165].pdf(2.287152019374101)
Testing logNormal[M=3.548632976567186 S=0.0357839809257654].pdf(1.716963155222261)
Testing logNormal[M=-2.260142001576649 S=2.5530256174914867].pdf(2.168229204260179)
Testing logNormal[M=3.1701910897963135 S=0.2727259459077125].pdf(2.2069728165141576)
Testing logNormal[M=4.751320215066201 S=7.5405770994252785].pdf(1.8900231921332171)
Testing logNormal[M=4.3282006566529105 S=5.01828901800355].pdf(0.08309672362373863)
Testing logNormal[M=-3.4748628968103312 S=2.3183355508162884].pdf(1.1130116116207247)
Testing logNormal[M=0.619048923544705 S=1.7272554127223783].pdf(0.3349130340265941)
Testing logNormal[M=3.069352235020453 S=1.2822894469597035].pdf(2.221482071557651)
Testing logNormal[M=1.3142752234464252 S=6.618798117011736].pdf(0.8638871700494313)
Testing logNormal[M=-2.8742601685483447 S=0.31674625799487877].pdf(0.8466020118758716)
Testing logNormal[M=-2.151153228128042 S=6.267435996373836].pdf(1.2903377717177238)
Testing logNormal[M=2.56883023447919 S=7.8747339754870485].pdf(0.7776701268516438)
Testing logNormal[M=0.5753310403881793 S=6.555270536544904].pdf(2.1758896530336567)
Testing logNormal[M=-1.9566463567200132 S=0.13049172796099295].pdf(1.6481446536544555)
Testing logNormal[M=0.8944215039466643 S=6.475890219608931].pdf(1.583881673002829)
Testing logNormal[M=-4.205344817917044 S=7.261848411095943].pdf(2.1662896362500748)
Testing logNormal[M=-3.1468570764614503 S=1.724230932302464].pdf(1.985663477780688)
Testing logNormal[M=-3.744388537533041 S=4.541043534051785].pdf(2.168493670929043)
Testing logNormal[M=-0.10603483596524654 S=4.508554354243329].pdf(1.7890367157339597)
Testing logNormal[M=0.844326803867494 S=6.105059051507931].pdf(0.7699482401379433)
Testing logNormal[M=1.6923452055812236 S=0.8574340105613931].pdf(1.9753981144903114)
Testing logNormal[M=0.1433032963228298 S=8.576543484767244].pdf(2.2078014251447367)
Testing logNormal[M=3.3654807278834493 S=1.5952555774979316].pdf(1.9614772663041344)
Testing logNormal[M=2.0131044109512413 S=2.937235257110884].pdf(1.7052751706251494)
Testing logNormal[M=0.5397794120714607 S=7.930679938441668].pdf(0.93982720425503)
Testing logNormal[M=-3.378186318372529 S=8.812134316990765].pdf(1.9074849314619828)
Testing logNormal[M=0.8032567198148843 S=5.66405746216132].pdf(1.0804714532778692)
Testing logNormal[M=1.570717028480841 S=7.042950701683872].pdf(1.433558263594245)
Testing logNormal[M=-3.771981624365578 S=9.507700576507869].pdf(2.199634397949731)
Testing logNormal[M=-0.9639635272270741 S=6.639701648277947].pdf(2.0523495716232776)
Testing logNormal[M=-2.6852577072921724 S=7.748156735562954].pdf(2.3011733077333347)
Testing logNormal[M=-3.7858798543590533 S=6.293834011895022].pdf(0.7229972280845385)
Testing logNormal[M=1.9091773974851654 S=0.14852239852575666].pdf(0.23549075334924052)
Testing logNormal[M=4.36572335570564 S=3.5466412692691653].pdf(0.0551402649974826)
Testing logNormal[M=-1.114286595809312 S=1.8935090826870804].pdf(0.9019612448948918)
Testing logNormal[M=-3.86592957561525 S=2.8307314973292073].pdf(2.179536163490984)
Testing logNormal[M=4.47603663568877 S=9.286590494447552].pdf(0.7255864375204473)
Testing logNormal[M=-3.2921361145602646 S=9.364507860997632].pdf(1.702871954458586)
Testing logNormal[M=3.186668542863112 S=1.2114684285279875].pdf(2.0319952008711435)
Testing logNormal[M=-3.2536792639756076 S=8.03779904770966].pdf(1.833206616129266)
Testing logNormal[M=2.8667408078915937 S=4.210235584888081].pdf(1.7164273692526586)
Testing logNormal[M=3.553703955152937 S=3.6018321020168056].pdf(2.100479830205362)
Testing logNormal[M=-1.4882056375744512 S=6.737957178388527].pdf(1.4930200935203186)
Testing logNormal[M=-0.4495570515058933 S=7.2039632988207325].pdf(2.2354847564376876)
Testing logNormal[M=3.8979997881168256 S=5.594590280512385].pdf(1.5532329986996183)
Testing logNormal[M=3.6551203981323965 S=0.41431107750074525].pdf(2.2737247236827614)
Testing logNormal[M=1.6229914770806877 S=8.171214725543145].pdf(1.7105217935656412)
Testing logNormal[M=0.0359386276400695 S=1.9093182312164259].pdf(1.1461245121159085)
Testing logNormal[M=-4.584025843521379 S=6.910598136106016].pdf(1.9441001042226551)
Testing logNormal[M=1.3526797046551176 S=2.000759330606272].pdf(0.4258474270362986)
Testing logNormal[M=-1.2774791928060547 S=4.846252237830482].pdf(0.7492617764590449)
Testing logNormal[M=4.830698179573048 S=0.4722798751188739].pdf(1.9196218499364994)
Testing logNormal[M=3.193223806154789 S=3.3442932499224156].pdf(1.6424523400631381)
Testing logNormal[M=-3.4636670866923094 S=2.132597622644521].pdf(1.8580143791320933)
Testing logNormal[M=-2.311251082884196 S=9.49962987135428].pdf(2.269257115011858)
Testing logNormal[M=2.178175746310865 S=9.716701959259627].pdf(1.484216872824136)
Testing logNormal[M=1.2440846109975867 S=3.2231811050050228].pdf(2.1988145332487514)
Testing logNormal[M=-1.6624059963900728 S=1.6857355675211194].pdf(1.8399807637357841)
Testing logNormal[M=-3.352294751272129 S=6.512008959605097].pdf(1.6901862360929718)
Testing logNormal[M=-0.3179730330241135 S=0.05562739999718347].pdf(1.2951685929152417)
Testing logNormal[M=0.7561270333207997 S=0.9791818455595702].pdf(1.955275293617894)
Testing logNormal[M=4.351881288644643 S=1.8056090873059671].pdf(2.044613260297174)
Testing logNormal[M=0.9688168173405254 S=6.1634067765908105].pdf(1.434997623583957)
Testing logNormal[M=-1.7788944424337383 S=4.580859751877061].pdf(0.2145152026956297)
Testing logNormal[M=0.13721823167696812 S=1.864610157290627].pdf(0.3827048024937496)
Testing logNormal[M=-4.572132963262088 S=0.08732339653797272].pdf(2.210534540014106)
Testing logNormal[M=0.6528309161595649 S=1.4252523608857304].pdf(1.1509581676584073)
Testing logNormal[M=4.024511187514753 S=6.228099302948287].pdf(1.683182569026117)
Testing logNormal[M=-2.3586031203440774 S=4.856671146837968].pdf(1.9791059066726375)
Testing logNormal[M=2.3460450926702006 S=1.5965660772682377].pdf(2.2142715817639935)
Testing logNormal[M=4.917883877080936 S=2.955932853333605].pdf(2.288405294387053)
Testing logNormal[M=0.7184366426887658 S=2.0785443203742404].pdf(2.082647585048809)
Testing logNormal[M=2.012378111751741 S=1.4044369290947711].pdf(2.1215219878944986)
Testing logNormal[M=4.746095804927403 S=9.442846221310088].pdf(1.4978369329544203)
Testing logNormal[M=3.190305525420186 S=1.2425865613953935].pdf(0.816011526690403)
Testing logNormal[M=-0.6252616419409405 S=7.793036148021946].pdf(1.9462753543236508)
Testing logNormal[M=4.948661810707437 S=3.8409722360556833].pdf(0.17625596899805)
Testing logNormal[M=0.29364365544901716 S=7.951873280063547].pdf(2.0599050319380114)
Testing logNormal[M=1.0613231052449805 S=5.109911757984923].pdf(0.13397320108490116)
Testing logNormal[M=0.6452876443629822 S=9.432187172447783].pdf(2.24191982334635)
Testing logNormal[M=-0.9588344576442847 S=1.4443632501226955].pdf(2.2151027547257485)
Testing logNormal[M=-1.536635683288341 S=2.0024005947454038].pdf(1.8617345176438553)
Testing logNormal[M=2.6060618743533306 S=6.935562765322719].pdf(0.7963264848674375)
Testing logNormal[M=4.990474853342871 S=5.005163185250615].pdf(0.08337236919378156)
Testing logNormal[M=3.264605581476868 S=0.5946416780761077].pdf(0.364128386687432)
Testing logNormal[M=2.840889774710508 S=2.230845150217254].pdf(2.0450822658583467)
Testing logNormal[M=2.8291631617582915 S=5.846097347626719].pdf(1.375525541381961)
Testing logNormal[M=-0.6028348539034223 S=8.449983830894643].pdf(2.2744280923730176)
Testing logNormal[M=2.8408372799787296 S=6.198191387823993].pdf(2.270639838924734)
Testing logNormal[M=-2.393833898822323 S=3.8049509296434767].pdf(1.943061333813838)
Testing logNormal[M=-2.6558555641562966 S=8.839798352186458].pdf(1.0760624780655124)
Testing logNormal[M=2.754607323979796 S=3.188399790130129].pdf(1.7814474246459484)
Testing logNormal[M=1.7243025314012534 S=1.0773426402472752].pdf(1.6720750982578947)
Testing logNormal[M=-3.271169444226565 S=0.7622786255017255].pdf(2.173265718677376)
[...]
Testing logNormal[M=0.561171815817576 S=0.7273382915134463].pdf(2.0105889706237794)
Testing logNormal[M=2.2044784205851258 S=9.175763622078062].pdf(2.066077927359471)
Testing logNormal[M=3.3998766389069157 S=9.939502345565206].pdf(0.586594004494554)
Testing logNormal[M=4.902722872911253 S=7.582682954079055].pdf(2.2574644348957924)
Testing logNormal[M=2.280539006066756 S=5.420727274512855].pdf(0.00910099486762175)
Testing logNormal[M=0.9151014656822802 S=0.9094021415614129].pdf(2.0830534227213664)
Testing logNormal[M=-3.2366272757306183 S=1.4110432898359437].pdf(0.7673662323483217)
Testing logNormal[M=2.5027608653309787 S=7.371362139000662].pdf(2.035439462723791)
Testing logNormal[M=0.4020419900950536 S=2.1436873827326575].pdf(1.8211800088660646)
Testing logNormal[M=-4.820545286570354 S=8.37464341608052].pdf(1.5215985984367995)
Testing logNormal[M=1.6332134935677969 S=7.596456063644296].pdf(2.2663775238860993)
Testing logNormal[M=-2.9658840577417567 S=7.878982374014391].pdf(1.2253103010845754)
Testing logNormal[M=-3.6306713200348817 S=0.28059575479984056].pdf(2.0077680360824877)
Testing logNormal[M=0.7431746593248265 S=5.870243282945072].pdf(2.199246596371486)
Testing logNormal[M=-3.04000449826769 S=2.8377671421653927].pdf(1.6092492452999936)
Testing logNormal[M=0.24967272251137285 S=9.781412186394359].pdf(2.2662736818386175)
Testing logNormal[M=4.380889637994436 S=0.3870847299439928].pdf(1.4372838818000029)
Testing logNormal[M=-4.4399062700782626 S=6.277277084243281].pdf(1.1516826410346301)
Testing logNormal[M=-4.30761591387617 S=2.8400404006650684].pdf(1.6316858188729955)
Testing logNormal[M=-2.800930883485837 S=9.612194874099933].pdf(1.1565023993262717)
Testing logNormal[M=3.280513900899816 S=2.9422284679293487].pdf(1.5966042371752684)
Testing logNormal[M=1.8875706015956446 S=9.608739254617966].pdf(2.2825399080986197)
Testing logNormal[M=-3.1056409004935137 S=4.07609815443072].pdf(2.215858433879312)
Testing logNormal[M=3.686207180689104 S=9.036919076808289].pdf(1.9167543828124127)
Testing logNormal[M=-0.16202101551415193 S=3.616883240080293].pdf(1.0935424143697958)
Testing logNormal[M=4.678320435117326 S=0.1378531207637812].pdf(0.2706352453181514)
Testing logNormal[M=-0.43702111474354943 S=7.416195599078687].pdf(2.14568186778668)
Testing logNormal[M=1.0240930433871558 S=0.5654887562046051].pdf(0.04959403400555956)
Testing logNormal[M=1.4210060909800104 S=8.038006859839705].pdf(1.8358157644511213)
Testing logNormal[M=-3.9211117355749336 S=8.930815701080748].pdf(1.1286207208855032)
Testing logNormal[M=-4.998123851103452 S=9.631233752073753].pdf(1.8006528816856524)
Testing logNormal[M=1.7906660006886534 S=2.536394925766756].pdf(1.7541496763540687)
Testing logNormal[M=3.4937707734667107 S=7.569296891177521].pdf(2.0461887006252075)
Testing logNormal[M=1.6728161554249779 S=4.1223496579355166].pdf(2.153331947838034)
Testing logNormal[M=-1.7338946939738986 S=9.427644483602434].pdf(2.12915888976405)
Testing logNormal[M=-4.464316729768976 S=4.834044139611423].pdf(1.0654207899903816)
Testing logNormal[M=-1.715367520158014 S=5.862726972742452].pdf(2.2340268055110384)
Testing logNormal[M=-0.7345669035998004 S=4.649060456113108].pdf(2.024588518775244)
Testing logNormal[M=-1.9860513644489677 S=9.355561718605426].pdf(0.42738144379306636)
Testing logNormal[M=-2.3650284991031745 S=1.023306602495655].pdf(2.094095631327077)
Testing logNormal[M=-0.9525751895576509 S=4.6483237863395495].pdf(2.0417383706155743)
Testing logNormal[M=1.8027928250233982 S=8.274634205065317].pdf(1.6017868836795033)
Testing logNormal[M=2.9117134416370902 S=1.2772585907203848].pdf(2.2265685328763407)
Testing logNormal[M=2.5716787185893324 S=2.0391297970837083].pdf(0.4263945726396284)
Testing logNormal[M=3.1546590339379694 S=7.721022731952009].pdf(1.9915993862111607)
Testing logNormal[M=-1.5262028137374029 S=7.015696500475591].pdf(1.4003811631062388)
Testing logNormal[M=0.9009264413138505 S=0.4500045101354533].pdf(1.7388348796111446)
Testing logNormal[M=4.439272097562402 S=5.595731858319176].pdf(1.2757451176412073)
Testing logNormal[M=2.9459585375059127 S=6.061296057802618].pdf(1.1283244148849543)
Testing logNormal[M=1.9631058626516467 S=0.5490811216710267].pdf(1.85610352365318)
Testing logNormal[M=-4.880197021083451 S=1.0539530378251927].pdf(2.0424004846712642)
Testing logNormal[M=-2.300515100738072 S=2.6132758508849574].pdf(1.6425871462057633)
Testing logNormal[M=0.069014309405806 S=4.2090771924214625].pdf(2.2504679330083093)
Testing logNormal[M=2.8864616466381134 S=1.9794558947320673].pdf(1.1442602614111008)
Testing logNormal[M=-2.4473756351227562 S=2.405070507281184].pdf(2.09617547650688)
Testing logNormal[M=2.5100953655760483 S=1.3732553981536233].pdf(0.8702405277691757)
Testing logNormal[M=-4.178757329875717 S=1.4049366439299182].pdf(2.0159743409342363)
Testing logNormal[M=-2.3036668940254 S=1.998909578060416].pdf(2.14630936231791)
Testing logNormal[M=-4.757627825386603 S=7.480997649471596].pdf(1.1234135752861014)
Testing logNormal[M=1.1273649997517756 S=1.1535453203219381].pdf(1.979275240713633)
Testing logNormal[M=-4.430438318332354 S=7.331736005795502].pdf(0.25312988859242525)
Testing logNormal[M=-3.3388060805933284 S=3.344871728723847].pdf(0.5268928008632949)
Testing logNormal[M=-0.1408981210425031 S=0.027940934546593077].pdf(2.1478434250613097)
Testing logNormal[M=4.525566314467643 S=1.5269923079482672].pdf(2.2919860945857304)
Testing logNormal[M=-1.3385084812959693 S=7.424177661734993].pdf(1.092325251771981)
Testing logNormal[M=2.5937473022765207 S=4.9077361003289965].pdf(1.2491694709742072)
Testing logNormal[M=-1.7457805722191 S=3.978642756731714].pdf(1.044807820427092)
Testing logNormal[M=2.4815624692113953 S=1.602177216343298].pdf(0.3941121496411368)
Testing logNormal[M=2.415607115175601 S=3.2885385306544865].pdf(1.7534768007356305)
Testing logNormal[M=-2.1105938375817415 S=5.088051611803649].pdf(2.02973004455081)
Testing logNormal[M=1.1848378009395164 S=2.406937493230301].pdf(1.3027819399992844)
Testing logNormal[M=0.4895339016408684 S=0.2722468828027269].pdf(1.0095532697653107)
Testing logNormal[M=-0.6042919579372104 S=9.358193508621875].pdf(0.9978922889816291)
Testing logNormal[M=4.742197814388737 S=1.3726323532564733].pdf(1.300250264078203)
Testing logNormal[M=-4.051400038121341 S=1.4318970040974943].pdf(2.2965507898526916)
Testing logNormal[M=-0.7949259237244579 S=5.75103302273329].pdf(2.0773717550784596)
Testing logNormal[M=1.9734968759045284 S=2.201529395923709].pdf(0.3574356418840944)
Testing logNormal[M=-1.3102434831847667 S=1.6459106302449633].pdf(2.1266625608223637)
Testing logNormal[M=1.8309604807476356 S=0.6212944756056882].pdf(1.8586152249125876)
Testing logNormal[M=0.5808503372499683 S=9.845512088348224].pdf(1.5860321464761853)
Testing logNormal[M=0.9761784878635726 S=0.10801454035370806].pdf(1.9002583250125462)
Testing logNormal[M=0.7183073873589993 S=9.40194350103241].pdf(1.842055663708796)
Testing logNormal[M=3.5824408519939297 S=5.223084889373428].pdf(0.7300010106488146)
Testing logNormal[M=-3.9338858647040977 S=5.1368021118240215].pdf(1.7213496492011842)
Testing logNormal[M=-1.7431032861772855 S=3.404120166933021].pdf(2.1502555292974472)
Testing logNormal[M=-3.514965770449084 S=0.947183327396951].pdf(0.9401228554420384)
Testing logNormal[M=4.112440895951506 S=6.080949759720065].pdf(1.9829009061658271)
Testing logNormal[M=-2.53078510330905 S=4.518320498467139].pdf(2.209944300669722)
Testing logNormal[M=2.7306729812057453 S=3.644972125728679].pdf(0.7804636021813881)
Testing logNormal[M=3.640115518417188 S=3.5604607103202546].pdf(1.764920518556095)
Testing logNormal[M=-0.22021282991808722 S=1.6933034226694654].pdf(1.9658999401723827)
Testing logNormal[M=0.9080709374374489 S=7.677182371281633].pdf(2.0131198440037856)
Testing logNormal[M=-4.31785820491232 S=4.7948393523593555].pdf(1.137948783296196)
Testing logNormal[M=-4.315628510861441 S=6.829783226038603].pdf(2.2056965007070928)
Testing logNormal[M=1.1314228889942584 S=6.898204888280166].pdf(0.7379668786341173)
Testing logNormal[M=3.72306796108578 S=1.921909443482367].pdf(0.13558396006031295)
Testing logNormal[M=-3.501982153710844 S=3.695778456386647].pdf(1.049461698890124)
Testing logNormal[M=-1.493116627187038 S=9.092055709344606].pdf(2.1713617686262436)
Testing logNormal[M=-4.197078715454355 S=5.377693228640577].pdf(1.0557502700860375)
Testing logNormal[M=0.1362412450746886 S=6.260465428562309].pdf(0.6962677205388988)
Testing logNormal[M=2.6227296306578216 S=9.803120816471376].pdf(1.271661404750183)
Testing logNormal[M=1.1280484823845924 S=4.218804813711347].pdf(1.2366820189767507)
Testing logNormal[M=-2.400530976784605 S=4.809958654639384].pdf(1.404215249425552)
Testing logNormal[M=-1.1773831275908564 S=8.737383874284074].pdf(1.391930028189666)
Testing logNormal[M=1.3706386459342497 S=9.486253876159497].pdf(1.413693450026228)
Testing logNormal[M=4.4847914577564065 S=4.610788889050548].pdf(0.14061109007310765)
Testing logNormal[M=4.308722972431195 S=8.922544402112326].pdf(1.4295291977040943)
Testing logNormal[M=-4.665034161610552 S=5.277039895870539].pdf(1.734333278354719)
Testing logNormal[M=-1.4927437387539868 S=4.7911569848497795].pdf(2.0183933893014396)
Testing logNormal[M=-2.189669795953865 S=1.1202636691065815].pdf(0.8081539960702059)
Testing logNormal[M=4.114730314523088 S=1.908902268032855].pdf(1.5685868439464248)
Testing logNormal[M=4.846199467267432 S=7.307194635957817].pdf(2.071867278972749)
Testing logNormal[M=-0.8653593500511416 S=6.115777343564175].pdf(1.8533684543915587)
Testing logNormal[M=-3.5610920654851075 S=2.9301016335276255].pdf(0.6388314599507046)
Testing logNormal[M=-0.5727795411236762 S=1.1774075604559753].pdf(2.2486563247282483)
Testing logNormal[M=-2.9490278297060857 S=8.915784650638555].pdf(1.5289143986596487)
Testing logNormal[M=-4.2296757799646665 S=7.623444658825857].pdf(2.146450266756875)
Testing logNormal[M=1.4850242347901146 S=0.9800628853779336].pdf(2.184021944668454)
Testing logNormal[M=2.008242727984012 S=6.857854373573723].pdf(2.1776578849374713)
Testing logNormal[M=-1.5925718819800352 S=7.431068847940684].pdf(2.1622477783857943)
Testing logNormal[M=-1.5786638516716813 S=9.688453676800181].pdf(1.6927492187868964)
Testing logNormal[M=-3.42914282848111 S=3.136473862056406].pdf(1.7870226681647061)
Testing logNormal[M=-2.884877310211592 S=2.64307523291172].pdf(2.010768470676028)
Testing logNormal[M=1.1404874434019527 S=8.0703321027].pdf(2.074120494526283)
Testing logNormal[M=2.6303911379150993 S=9.251414147029909].pdf(1.372792200863693)
Testing logNormal[M=2.4735767762649594 S=7.5640680215085885].pdf(1.949031341890005)
Testing logNormal[M=-1.9992148910098062 S=4.775365297251776].pdf(1.2416351145451754)
Testing logNormal[M=-0.9563408421213797 S=6.400518387245238].pdf(2.1032047053189573)
Testing logNormal[M=1.4846477504656521 S=8.78561329896265].pdf(0.9303371962064494)
Testing logNormal[M=-1.536185426655999 S=0.3758707613239709].pdf(2.256938085855155)
Testing logNormal[M=2.495995582053001 S=9.346285482164646].pdf(1.0637826366838605)
Testing logNormal[M=3.4925817903297 S=5.046614215628277].pdf(1.8925609671008154)
Testing logNormal[M=2.6462961977200923 S=8.439276967625798].pdf(2.074929583049956)
Testing logNormal[M=-4.319293406382276 S=1.9853780042612013].pdf(2.08493478671927)
Testing logNormal[M=-4.589239870555693 S=4.60755439454993].pdf(2.2461710047495846)
Testing logNormal[M=1.5163772316249418 S=5.515704300551532].pdf(0.271288947812951)
Testing logNormal[M=-2.3514102008025173 S=4.398308191058763].pdf(0.44129163160203744)
Testing logNormal[M=-1.6606935175331405 S=4.27731670627643].pdf(1.213490614213578)
Testing logNormal[M=-3.886348604363844 S=3.1023535387452403].pdf(2.1526016059921815)
Testing logNormal[M=1.1291359481919114 S=2.922780961794839].pdf(2.143687238300952)
Testing logNormal[M=2.6823481796599626 S=1.0080452803940176].pdf(1.2747686279717922)
Testing logNormal[M=3.7147888734132035 S=2.671866343808418].pdf(1.1511275294014087)
Testing logNormal[M=-2.931696488543353 S=2.556762468723892].pdf(1.9591140193598486)
Testing logNormal[M=4.308210382362494 S=3.7829522453303355].pdf(1.1104915278620298)
Testing logNormal[M=4.160687297277786 S=2.3833679882615133].pdf(1.3777384788735716)
Testing logNormal[M=-2.962033472710411 S=6.54643624366601].pdf(1.759095898611815)
Testing logNormal[M=-1.7979025649373934 S=3.769267215759603].pdf(0.7985107287080693)
Testing logNormal[M=-3.8977963213548183 S=8.806973192238571].pdf(1.360248429383856)
Testing logNormal[M=1.825960670101047 S=7.317655516662326].pdf(1.9663082807067482)
Testing logNormal[M=-3.568133526590781 S=2.034010022502062].pdf(2.2075431196914743)
Testing logNormal[M=4.764837902537524 S=9.38807917352878].pdf(0.4419411556205528)
Testing logNormal[M=1.4764295779815493 S=0.2015812391459515].pdf(2.082805061174241)
Testing logNormal[M=2.1783863878698426 S=7.571134260038343].pdf(1.8584074555677659)
Testing logNormal[M=1.2018909078565967 S=7.99289447084258].pdf(1.4961609011512664)
Testing logNormal[M=4.808320377462776 S=0.284934427149266].pdf(2.22711306027751)
Testing logNormal[M=4.3997119703489815 S=9.8424849306818].pdf(0.1507760042345097)
Testing logNormal[M=-1.502792250987043 S=7.114816940319808].pdf(1.3869000898041637)
Testing logNormal[M=1.4161533377095639 S=1.2578205294052447].pdf(0.6440285657905189)
Testing logNormal[M=1.8459370213402737 S=7.540621866186566].pdf(1.4208308582059022)
Testing logNormal[M=-4.585613323129833 S=8.058045433682647].pdf(1.8720878628931341)
Testing logNormal[M=-3.522817309728279 S=5.582120333514787].pdf(1.2041059591010281)
Testing logNormal[M=-4.746291731074455 S=6.3795207568949355].pdf(1.8219455281956491)
Testing logNormal[M=-2.0244272654141193 S=5.812999947664938].pdf(1.9732875481045924)
Testing logNormal[M=4.211020850819061 S=0.6248868410368302].pdf(1.9246322912898355)
Testing logNormal[M=4.974051556976919 S=1.8619252781635043].pdf(1.4656547592778384)
Testing logNormal[M=2.301423339309059 S=3.9880485653594566].pdf(1.563543688070529)
Testing logNormal[M=1.3226181594113466 S=7.825110149654472].pdf(1.6787115060636022)
Testing logNormal[M=-4.957003707632594 S=3.5000297574013572].pdf(2.04291853245978)
Testing logNormal[M=2.2001779175681078 S=8.08569959069268].pdf(1.4056071328355064)
Testing logNormal[M=-3.3413680800911596 S=0.7404516180566223].pdf(1.2141010303282866)
Testing logNormal[M=2.112930072554695 S=8.195532077507245].pdf(1.4211877944964875)
Testing logNormal[M=-4.09740293342176 S=5.419064261053067].pdf(0.34335041505716635)
Testing logNormal[M=2.303411132196165 S=7.236701361684053].pdf(2.2995231052734604)
Testing logNormal[M=-2.359723887195071 S=7.897252961632704].pdf(2.2225466409712333)
Testing logNormal[M=-3.369181379227525 S=1.2436305890537258].pdf(2.040071464881987)
Testing logNormal[M=-1.8155583950392238 S=2.2128960462074065].pdf(1.144379013157641)
Testing logNormal[M=-0.3198302922273104 S=9.564838498435611].pdf(1.2109127496959775)
Testing logNormal[M=0.9475360793306145 S=0.2818531620270026].pdf(2.279879817399331)
Testing logNormal[M=-3.3958850773194205 S=2.999605139982364].pdf(1.7028834080588549)
Testing logNormal[M=1.9762937823436335 S=0.7789734932121262].pdf(1.9157846677368209)
Testing logNormal[M=-2.79866226076797 S=6.929426554471549].pdf(1.2585919012950761)
Testing logNormal[M=-3.543160658876693 S=6.024445925764914].pdf(2.2054590060036174)
Testing logNormal[M=-2.1856775974291365 S=3.264752496541825].pdf(1.9832975122246113)
Testing logNormal[M=0.07582879579866919 S=8.665451297365985].pdf(1.6781038808689632)
Testing logNormal[M=2.5249139925971154 S=1.9413772625137138].pdf(1.5430537230027144)
Testing logNormal[M=2.8913563666387834 S=0.31792584844966276].pdf(2.2485318224102)
Testing logNormal[M=-0.7535713240598412 S=7.667306714470548].pdf(1.7123952502395117)
Testing logNormal[M=2.2986588548232536 S=6.28121954038218].pdf(0.6061479837674137)
Testing logNormal[M=4.182518234651356 S=5.000725820271967].pdf(1.791355892843177)
Testing logNormal[M=3.841215432099478 S=1.6704678636996384].pdf(1.960749507049166)
Testing logNormal[M=0.9810843596154664 S=0.5609336987792246].pdf(0.5663365084641062)
Testing logNormal[M=2.962351335544593 S=6.9495173235118335].pdf(1.7549197041287918)
Testing logNormal[M=2.494952896094712 S=5.743121376440991].pdf(1.5630366364041626)
Testing logNormal[M=3.623109417697709 S=4.372351890008219].pdf(2.2459448259108994)
Testing logNormal[M=0.11156143118078887 S=8.811106218628943].pdf(1.65578833320123)
Testing logNormal[M=-0.24452153094416396 S=2.4682962483660886].pdf(2.0287289936080253)
Testing logNormal[M=-4.736036902198091 S=1.075686136124292].pdf(1.9698208205756043)
Testing logNormal[M=3.604640990499835 S=4.851570473100737].pdf(1.3867014811889677)
Testing logNormal[M=-0.9065496568729756 S=2.190336901456851].pdf(1.582336278161088)
Testing logNormal[M=-0.6879227963668475 S=5.0926167050859386].pdf(1.364313945727076)
Testing logNormal[M=-1.0511526220488534 S=8.124851610287651].pdf(1.757781851035332)
Testing logNormal[M=-3.0210794230957703 S=4.0161573638286585].pdf(0.3669891879749913)
Testing logNormal[M=-0.9110292432109732 S=4.026361212268316].pdf(2.2319015739860415)
Testing logNormal[M=1.3442880512774016 S=1.8467313208744751].pdf(2.175891322369985)
Testing logNormal[M=1.4450698330512433 S=5.359008662634733].pdf(1.3602387155590694)
Testing logNormal[M=-0.8848847568489804 S=7.551664624006486].pdf(1.6528180858664117)
Testing logNormal[M=2.948281973444571 S=8.250515420543605].pdf(0.5291283223089592)
Testing logNormal[M=-3.9129698472714916 S=7.238303778996351].pdf(2.17565804731793)
Testing logNormal[M=4.721738741344536 S=7.566380278422584].pdf(1.1629071729412823)
Testing logNormal[M=4.02426637225177 S=1.3304245058699493].pdf(1.248798257203026)
Testing logNormal[M=3.903299507590429 S=9.046524424214454].pdf(2.2182740576627715)
Testing logNormal[M=-1.857183220492363 S=5.315901647812883].pdf(1.8985722567503698)
Testing logNormal[M=-1.2528668313864308 S=8.009571910648368].pdf(0.3725262757196693)
Testing logNormal[M=4.755968143827511 S=4.18064112784169].pdf(2.234763648763606)
Testing logNormal[M=1.4133934111136695 S=0.26019155351126866].pdf(1.7074792879068055)
Testing logNormal[M=-1.0451846297729728 S=5.997817789500046].pdf(2.124777253603098)
Testing logNormal[M=4.176676147284562 S=2.4972479560349594].pdf(2.202447303894197)
Testing logNormal[M=-1.6631689688265605 S=4.520772837879035].pdf(0.7483816203708008)
Testing logNormal[M=4.066225291606575 S=6.755968773678333].pdf(0.5853799362079911)
Testing logNormal[M=-2.0396640570016524 S=4.745395359771197].pdf(1.1234616492454588)
Testing logNormal[M=-2.1869436864250167 S=1.2356622218328162].pdf(2.1953172774058474)
Testing logNormal[M=-3.4421959627630185 S=4.195079345311896].pdf(2.270240790088458)
Testing logNormal[M=4.759250990807843 S=3.7442677375028843].pdf(2.2497491691620657)
Testing logNormal[M=-4.778924160699037 S=7.788810545652042].pdf(0.8668551975885116)
Testing logNormal[M=0.25638255271266264 S=3.3803096070654792].pdf(1.864037992156953)
Testing logNormal[M=0.454318655147822 S=7.147175848946628].pdf(1.584893627268595)
Testing logNormal[M=0.3193667398671476 S=2.008084630654067].pdf(0.5220729834445924)
Testing logNormal[M=-0.07180470678559914 S=2.453476046211831].pdf(1.6476893448704457)
Testing logNormal[M=4.221353784919927 S=0.131542986115748].pdf(1.9501678294146025)
Testing logNormal[M=-2.3231199909876166 S=9.537923964535468].pdf(1.7291556412399272)
Testing logNormal[M=-1.8098302605684582 S=5.4385589862991415].pdf(1.7919835450769135)
Testing logNormal[M=-4.36741832111962 S=9.801940501449836].pdf(0.20909531839136763)
Testing logNormal[M=-4.002825666632438 S=7.856585074380199].pdf(1.4259842619875347)
Testing logNormal[M=-1.9455615116980884 S=5.138904071161262].pdf(0.09226785309869012)
Testing logNormal[M=3.818212347204584 S=1.3514671396310507].pdf(0.7078426483839614)
Testing logNormal[M=0.007129044523559003 S=3.367047326039171].pdf(1.8208185690663845)
Testing logNormal[M=-1.4049149731598662 S=1.6587012693268477].pdf(1.8921197560393812)
]]></system-out>
  <system-err><![CDATA[]]></system-err>
</testsuite>
