<?xml version="1.0" encoding="UTF-8" ?>
<testsuite errors="0" failures="2" hostname="Justins-MacBook-Pro.local" name="test.beast.integration.ExampleXmlParsingTest" skipped="0" tests="2" time="1.396" timestamp="2015-10-12T21:23:53">
  <properties>
[...]
</properties>
  <testcase classname="test.beast.integration.ExampleXmlParsingTest" name="test_ThatXmlExamplesParse" time="0.924">
    <failure message="[testBSP.xml, testCalibration.xml, testClassicRootCalibrationPrior.xml, testCoalescent.xml, testConditionalRootCalibrationPrior.xml, testEBSP.xml, testExponentialGrowth.xml, testGTR.xml, testHKY.xml, testJukesCantor.xml, testJukesCantorShort.xml, testJukesCantorShortUncertain.xml, testJukesCantorShortUncertain2.xml, testJukesCantorShortUncertain2MLE.xml, testMultipleAlignments_randomTaxaOrder.xml, testPlates.xml, testRandomLocalClock.xml, testRelaxedClock.xml, testRestrictedGTR.xml, testRNA.xml, testSeqGen.xml, testSimulatedAlignment.xml, testSliceHKY.xml, testSRD06.xml, testStarBeast.xml, testSYM.xml, testTIM.xml, testTipDates.xml, testTipDates2.xml, testTN93.xml, testTVM.xml, testTwoCalibrationsPrior.xml, testYuleCalibrated.xml, testYuleOneSite.xml, testYuleUncalibrated.xml]" type="junit.framework.AssertionFailedError">junit.framework.AssertionFailedError: [testBSP.xml, testCalibration.xml, testClassicRootCalibrationPrior.xml, testCoalescent.xml, testConditionalRootCalibrationPrior.xml, testEBSP.xml, testExponentialGrowth.xml, testGTR.xml, testHKY.xml, testJukesCantor.xml, testJukesCantorShort.xml, testJukesCantorShortUncertain.xml, testJukesCantorShortUncertain2.xml, testJukesCantorShortUncertain2MLE.xml, testMultipleAlignments_randomTaxaOrder.xml, testPlates.xml, testRandomLocalClock.xml, testRelaxedClock.xml, testRestrictedGTR.xml, testRNA.xml, testSeqGen.xml, testSimulatedAlignment.xml, testSliceHKY.xml, testSRD06.xml, testStarBeast.xml, testSYM.xml, testTIM.xml, testTipDates.xml, testTipDates2.xml, testTN93.xml, testTVM.xml, testTwoCalibrationsPrior.xml, testYuleCalibrated.xml, testYuleOneSite.xml, testYuleUncalibrated.xml]
	at test.beast.integration.ExampleXmlParsingTest.test_ThatXmlExamplesParse(Unknown Source)
	at test.beast.integration.ExampleXmlParsingTest.test_ThatXmlExamplesParse(Unknown Source)
</failure>
  </testcase>
  <testcase classname="test.beast.integration.ExampleXmlParsingTest" name="test_ThatXmlExamplesRun" time="0.432">
    <failure message="[testBSP.xml, testCalibration.xml, testClassicRootCalibrationPrior.xml, testCoalescent.xml, testConditionalRootCalibrationPrior.xml, testEBSP.xml, testExponentialGrowth.xml, testGTR.xml, testHKY.xml, testJukesCantor.xml, testJukesCantorShort.xml, testJukesCantorShortUncertain.xml, testJukesCantorShortUncertain2.xml, testJukesCantorShortUncertain2MLE.xml, testMultipleAlignments_randomTaxaOrder.xml, testPlates.xml, testRandomLocalClock.xml, testRelaxedClock.xml, testRestrictedGTR.xml, testRNA.xml, testSeqGen.xml, testSimulatedAlignment.xml, testSliceHKY.xml, testSRD06.xml, testStarBeast.xml, testSYM.xml, testTIM.xml, testTipDates.xml, testTipDates2.xml, testTN93.xml, testTVM.xml, testTwoCalibrationsPrior.xml, testYuleCalibrated.xml, testYuleOneSite.xml, testYuleUncalibrated.xml]" type="junit.framework.AssertionFailedError">junit.framework.AssertionFailedError: [testBSP.xml, testCalibration.xml, testClassicRootCalibrationPrior.xml, testCoalescent.xml, testConditionalRootCalibrationPrior.xml, testEBSP.xml, testExponentialGrowth.xml, testGTR.xml, testHKY.xml, testJukesCantor.xml, testJukesCantorShort.xml, testJukesCantorShortUncertain.xml, testJukesCantorShortUncertain2.xml, testJukesCantorShortUncertain2MLE.xml, testMultipleAlignments_randomTaxaOrder.xml, testPlates.xml, testRandomLocalClock.xml, testRelaxedClock.xml, testRestrictedGTR.xml, testRNA.xml, testSeqGen.xml, testSimulatedAlignment.xml, testSliceHKY.xml, testSRD06.xml, testStarBeast.xml, testSYM.xml, testTIM.xml, testTipDates.xml, testTipDates2.xml, testTN93.xml, testTVM.xml, testTwoCalibrationsPrior.xml, testYuleCalibrated.xml, testYuleOneSite.xml, testYuleUncalibrated.xml]
	at test.beast.integration.ExampleXmlParsingTest.test_ThatXmlExamplesRun(Unknown Source)
	at test.beast.integration.ExampleXmlParsingTest.test_ThatXmlExamplesRun(Unknown Source)
</failure>
  </testcase>
  <system-out><![CDATA[Test XML Examples in /Users/justinbricker/workspace/beast2/examples
Processing bitflip.xml
===============================================================================
Citations for this model:

Bouckaert RR, Heled J, Kuehnert D, Vaughan TG, Wu C-H, Xie D, Suchard MA,
  Rambaut A, Drummond AJ (2014) BEAST 2: A software platform for Bayesian
  evolutionary analysis. PLoS Computational Biology 10(4): e1003537

===============================================================================

WARNING: StateNode (indicators) found that has no effect on posterior!

Done bitflip.xml
Processing testBSP.xml
ExampleXmlParsing::Failed for testBSP.xml: 
Error 110 parsing the xml input file

validate and intialize error: Input 'sequenceData' must be specified.

Error detected about here:
  <beast>
      <data id='alignment'>
          <sequence>

Done testBSP.xml
Processing testCalibration.xml
ExampleXmlParsing::Failed for testCalibration.xml: 
Error 110 parsing the xml input file

validate and intialize error: Input 'sequenceData' must be specified.

Error detected about here:
  <beast>
      <data id='alignment'>
          <sequence>

Done testCalibration.xml
Processing testCalYule_5t_2c.xml
===============================================================================
Citations for this model:

Bouckaert RR, Heled J, Kuehnert D, Vaughan TG, Wu C-H, Xie D, Suchard MA,
  Rambaut A, Drummond AJ (2014) BEAST 2: A software platform for Bayesian
  evolutionary analysis. PLoS Computational Biology 10(4): e1003537

Heled J, Drummond AJ (2012) Calibrated Tree Priors for Relaxed Phylogenetics
  and Divergence Time Estimation. Systematic Biology 61(1):138-149.

===============================================================================
Done testCalYule_5t_2c.xml
Processing testClassicRootCalibrationPrior.xml
ExampleXmlParsing::Failed for testClassicRootCalibrationPrior.xml: 
Error 110 parsing the xml input file

validate and intialize error: Input 'sequenceData' must be specified.

Error detected about here:
  <beast>
      <data id='alignment'>
          <sequence>

Done testClassicRootCalibrationPrior.xml
Processing testCoalescent.xml
ExampleXmlParsing::Failed for testCoalescent.xml: 
Error 110 parsing the xml input file

validate and intialize error: Input 'sequenceData' must be specified.

Error detected about here:
  <beast>
      <data id='alignment'>
          <sequence>

Done testCoalescent.xml
Processing testConditionalRootCalibrationPrior.xml
ExampleXmlParsing::Failed for testConditionalRootCalibrationPrior.xml: 
Error 110 parsing the xml input file

validate and intialize error: Input 'sequenceData' must be specified.

Error detected about here:
  <beast>
      <data id='alignment'>
          <sequence>

Done testConditionalRootCalibrationPrior.xml
Processing testEBSP.xml
ExampleXmlParsing::Failed for testEBSP.xml: 
Error 110 parsing the xml input file

validate and intialize error: Input 'sequenceData' must be specified.

Error detected about here:
  <beast>
      <data id='alignment000' name='taxa'>
          <sequence>

Done testEBSP.xml
Processing testExponentialGrowth.xml
ExampleXmlParsing::Failed for testExponentialGrowth.xml: 
Error 110 parsing the xml input file

validate and intialize error: Input 'sequenceData' must be specified.

Error detected about here:
  <beast>
      <data id='alignment'>
          <sequence>

Done testExponentialGrowth.xml
Processing testGTR.xml
ExampleXmlParsing::Failed for testGTR.xml: 
Error 110 parsing the xml input file

validate and intialize error: Input 'sequenceData' must be specified.

Error detected about here:
  <beast>
      <data id='primate-mtDNA'>
          <sequence id='seq_Lemur_catta'>

Done testGTR.xml
Processing testHKY.xml
ExampleXmlParsing::Failed for testHKY.xml: 
Error 110 parsing the xml input file

validate and intialize error: Input 'sequenceData' must be specified.

Error detected about here:
  <beast>
      <data id='alignment'>
          <sequence>

Done testHKY.xml
Processing testJukesCantor.xml
ExampleXmlParsing::Failed for testJukesCantor.xml: 
Error 110 parsing the xml input file

validate and intialize error: Input 'sequenceData' must be specified.

Error detected about here:
  <beast>
      <data id='alignment'>
          <sequence>

Done testJukesCantor.xml
Processing testJukesCantorShort.xml
ExampleXmlParsing::Failed for testJukesCantorShort.xml: 
Error 110 parsing the xml input file

validate and intialize error: Input 'sequenceData' must be specified.

Error detected about here:
  <beast>
      <data id='alignment'>
          <sequence>

Done testJukesCantorShort.xml
Processing testJukesCantorShortUncertain.xml
ExampleXmlParsing::Failed for testJukesCantorShortUncertain.xml: 
Error 124 parsing the xml input file

This BEASTInterface (beast.evolution.alignment.Sequence) has no input with name uncertain. Choose one of these inputs: totalcount,taxon,sequenceData,value

Error detected about here:
  <beast>
      <data id='alignment'>
          <sequence>

Done testJukesCantorShortUncertain.xml
Processing testJukesCantorShortUncertain2.xml
ExampleXmlParsing::Failed for testJukesCantorShortUncertain2.xml: 
Error 124 parsing the xml input file

This BEASTInterface (beast.evolution.alignment.Sequence) has no input with name uncertain. Choose one of these inputs: totalcount,taxon,sequenceData,value

Error detected about here:
  <beast>
      <data id='alignment'>
          <sequence>

Done testJukesCantorShortUncertain2.xml
Processing testJukesCantorShortUncertain2MLE.xml
ExampleXmlParsing::Failed for testJukesCantorShortUncertain2MLE.xml: 
Error 110 parsing the xml input file

validate and intialize error: Input 'sequenceData' must be specified.

Error detected about here:
  <beast>
      <data id='alignment'>
          <sequence>

Done testJukesCantorShortUncertain2MLE.xml
Processing testMultipleAlignments_randomTaxaOrder.xml
ExampleXmlParsing::Failed for testMultipleAlignments_randomTaxaOrder.xml: 
Error 110 parsing the xml input file

validate and intialize error: Input 'sequenceData' must be specified.

Error detected about here:
  <beast>
      <data id='gene1'>
          <sequence>

Done testMultipleAlignments_randomTaxaOrder.xml
Processing testPlates.xml
ExampleXmlParsing::Failed for testPlates.xml: 
Error 110 parsing the xml input file

validate and intialize error: Input 'sequenceData' must be specified.

Error detected about here:
  <beast>
      <data id='alignment.p1'>
          <sequence>

Done testPlates.xml
Processing testRandomLocalClock.xml
ExampleXmlParsing::Failed for testRandomLocalClock.xml: 
Error 110 parsing the xml input file

validate and intialize error: Input 'sequenceData' must be specified.

Error detected about here:
  <beast>
      <data id='alignment'>
          <sequence>

Done testRandomLocalClock.xml
Processing testRelaxedClock.xml
ExampleXmlParsing::Failed for testRelaxedClock.xml: 
Error 110 parsing the xml input file

validate and intialize error: Input 'sequenceData' must be specified.

Error detected about here:
  <beast>
      <data id='alignment'>
          <sequence>

Done testRelaxedClock.xml
Processing testRestrictedGTR.xml
ExampleXmlParsing::Failed for testRestrictedGTR.xml: 
Error 110 parsing the xml input file

validate and intialize error: Input 'sequenceData' must be specified.

Error detected about here:
  <beast>
      <data id='primate-mtDNA'>
          <sequence id='seq_Lemur_catta'>

Done testRestrictedGTR.xml
Processing testRNA.xml
ExampleXmlParsing::Failed for testRNA.xml: 
Error 110 parsing the xml input file

validate and intialize error: Input 'sequenceData' must be specified.

Error detected about here:
  <beast>
      <data id='primate-mtDNA'>
          <sequence id='seq_Lemur_catta'>

Done testRNA.xml
Processing testSeqGen.xml
ExampleXmlParsing::Failed for testSeqGen.xml: 
Error 110 parsing the xml input file

validate and intialize error: Input 'sequenceData' must be specified.

Error detected about here:
  <beast>
      <data id='alignment'>
          <sequence>

Done testSeqGen.xml
Processing testSimulatedAlignment.xml
ExampleXmlParsing::Failed for testSimulatedAlignment.xml: 
Error 110 parsing the xml input file

validate and intialize error: Input 'sequenceData' must be specified.

Error detected about here:
  <beast>
      <data id='alignment' spec='beast.app.seqgen.SimulatedAlignment'>
          <data id='input_alignment' spec='Alignment'>
              <sequence spec='Sequence'>

Done testSimulatedAlignment.xml
Processing testSliceHKY.xml
ExampleXmlParsing::Failed for testSliceHKY.xml: 
Error 110 parsing the xml input file

validate and intialize error: Input 'sequenceData' must be specified.

Error detected about here:
  <beast>
      <data id='alignment'>
          <sequence>

Done testSliceHKY.xml
Processing testSRD06.xml
ExampleXmlParsing::Failed for testSRD06.xml: 
Error 110 parsing the xml input file

validate and intialize error: Input 'sequenceData' must be specified.

Error detected about here:
  <beast>
      <data id='Primates'>
          <sequence id='seq_Tarsius_syrichta'>

Done testSRD06.xml
Processing testStarBeast.xml
ExampleXmlParsing::Failed for testStarBeast.xml: 
Error 110 parsing the xml input file

validate and intialize error: Input 'sequenceData' must be specified.

Error detected about here:
  <beast>
      <data id='26' name='taxa'>
          <sequence>

Done testStarBeast.xml
Processing testSYM.xml
ExampleXmlParsing::Failed for testSYM.xml: 
Error 110 parsing the xml input file

validate and intialize error: Input 'sequenceData' must be specified.

Error detected about here:
  <beast>
      <data id='primate-mtDNA'>
          <sequence id='seq_Lemur_catta'>

Done testSYM.xml
Processing testTIM.xml
ExampleXmlParsing::Failed for testTIM.xml: 
Error 110 parsing the xml input file

validate and intialize error: Input 'sequenceData' must be specified.

Error detected about here:
  <beast>
      <data id='primate-mtDNA'>
          <sequence id='seq_Lemur_catta'>

Done testTIM.xml
Processing testTipDates.xml
ExampleXmlParsing::Failed for testTipDates.xml: 
Error 110 parsing the xml input file

validate and intialize error: Input 'sequenceData' must be specified.

Error detected about here:
  <beast>
      <data id='alignment'>
          <sequence>

Done testTipDates.xml
Processing testTipDates2.xml
ExampleXmlParsing::Failed for testTipDates2.xml: 
Error 110 parsing the xml input file

validate and intialize error: Input 'sequenceData' must be specified.

Error detected about here:
  <beast>
      <data id='Primates'>
          <sequence id='seq_Tarsius_syrichta'>

Done testTipDates2.xml
Processing testTN93.xml
ExampleXmlParsing::Failed for testTN93.xml: 
Error 110 parsing the xml input file

validate and intialize error: Input 'sequenceData' must be specified.

Error detected about here:
  <beast>
      <data id='primate-mtDNA'>
          <sequence id='seq_Lemur_catta'>

Done testTN93.xml
Processing testTVM.xml
ExampleXmlParsing::Failed for testTVM.xml: 
Error 110 parsing the xml input file

validate and intialize error: Input 'sequenceData' must be specified.

Error detected about here:
  <beast>
      <data id='primate-mtDNA'>
          <sequence id='seq_Lemur_catta'>

Done testTVM.xml
Processing testTwoCalibrationsPrior.xml
ExampleXmlParsing::Failed for testTwoCalibrationsPrior.xml: 
Error 110 parsing the xml input file

validate and intialize error: Input 'sequenceData' must be specified.

Error detected about here:
  <beast>
      <data id='alignment'>
          <sequence>

Done testTwoCalibrationsPrior.xml
Processing testYuleCalibrated.xml
ExampleXmlParsing::Failed for testYuleCalibrated.xml: 
Error 110 parsing the xml input file

validate and intialize error: Input 'sequenceData' must be specified.

Error detected about here:
  <beast>
      <data id='alignment' name='alignment'>
          <sequence id='Sequence.0'>

Done testYuleCalibrated.xml
Processing testYuleOneSite.xml
ExampleXmlParsing::Failed for testYuleOneSite.xml: 
Error 110 parsing the xml input file

validate and intialize error: Input 'sequenceData' must be specified.

Error detected about here:
  <beast>
      <data id='alignment'>
          <sequence>

Done testYuleOneSite.xml
Processing testYuleUncalibrated.xml
ExampleXmlParsing::Failed for testYuleUncalibrated.xml: 
Error 110 parsing the xml input file

validate and intialize error: Input 'sequenceData' must be specified.

Error detected about here:
  <beast>
      <data id='alignment' name='alignment'>
          <sequence id='Sequence.0'>

Done testYuleUncalibrated.xml

test_ThatXmlExamplesParse::Failed for : [testBSP.xml, testCalibration.xml, testClassicRootCalibrationPrior.xml, testCoalescent.xml, testConditionalRootCalibrationPrior.xml, testEBSP.xml, testExponentialGrowth.xml, testGTR.xml, testHKY.xml, testJukesCantor.xml, testJukesCantorShort.xml, testJukesCantorShortUncertain.xml, testJukesCantorShortUncertain2.xml, testJukesCantorShortUncertain2MLE.xml, testMultipleAlignments_randomTaxaOrder.xml, testPlates.xml, testRandomLocalClock.xml, testRelaxedClock.xml, testRestrictedGTR.xml, testRNA.xml, testSeqGen.xml, testSimulatedAlignment.xml, testSliceHKY.xml, testSRD06.xml, testStarBeast.xml, testSYM.xml, testTIM.xml, testTipDates.xml, testTipDates2.xml, testTN93.xml, testTVM.xml, testTwoCalibrationsPrior.xml, testYuleCalibrated.xml, testYuleOneSite.xml, testYuleUncalibrated.xml]
Test that XML Examples run in /Users/justinbricker/workspace/beast2/examples
Processing bitflip.xml
===============================================================================
Citations for this model:

Bouckaert RR, Heled J, Kuehnert D, Vaughan TG, Wu C-H, Xie D, Suchard MA,
  Rambaut A, Drummond AJ (2014) BEAST 2: A software platform for Bayesian
  evolutionary analysis. PLoS Computational Biology 10(4): e1003537

===============================================================================

WARNING: StateNode (indicators) found that has no effect on posterior!


Operator                     Tuning    #accept    #reject      Pr(m)  Pr(acc|m)
BitFlipOperator(bitflip)          -        594        407     1.0000     0.5934 

     Tuning: The value of the operator's tuning parameter, or '-' if the operator can't be optimized.
    #accept: The total number of times a proposal by this operator has been accepted.
    #reject: The total number of times a proposal by this operator has been rejected.
      Pr(m): The probability this operator is chosen in a step of the MCMC (i.e. the normalized weight).
  Pr(acc|m): The acceptance probability (#accept as a fraction of the total proposals for this operator).


Total calculation time: 0.067 seconds
Done bitflip.xml
Processing testBSP.xml
ExampleXmlParsing::Failed for testBSP.xml: 
Error 110 parsing the xml input file

validate and intialize error: Input 'sequenceData' must be specified.

Error detected about here:
  <beast>
      <data id='alignment'>
          <sequence>

Done testBSP.xml
Processing testCalibration.xml
ExampleXmlParsing::Failed for testCalibration.xml: 
Error 110 parsing the xml input file

validate and intialize error: Input 'sequenceData' must be specified.

Error detected about here:
  <beast>
      <data id='alignment'>
          <sequence>

Done testCalibration.xml
Processing testCalYule_5t_2c.xml
===============================================================================
Citations for this model:

Bouckaert RR, Heled J, Kuehnert D, Vaughan TG, Wu C-H, Xie D, Suchard MA,
  Rambaut A, Drummond AJ (2014) BEAST 2: A software platform for Bayesian
  evolutionary analysis. PLoS Computational Biology 10(4): e1003537

Heled J, Drummond AJ (2012) Calibrated Tree Priors for Relaxed Phylogenetics
  and Divergence Time Estimation. Systematic Biology 61(1):138-149.

===============================================================================
#
#model:
#
#<?xml version="1.0" encoding="UTF-8" standalone="no"?><input id="posterior" spec="beast.core.util.CompoundDistribution">
#    <distribution id="cyule" spec="beast.evolution.speciation.CalibratedYuleModel">
#        <parameter name="birthRate">2.0</parameter>
#        <calibrations id="cal" spec="beast.evolution.speciation.CalibrationPoint">
#            <taxonset spec="beast.evolution.alignment.TaxonSet">
#                <taxon id="a" spec="beast.evolution.alignment.Taxon"/>
#                <taxon id="b" spec="beast.evolution.alignment.Taxon"/>
#            </taxonset>
#            <Uniform id="Uniform" lower="4.0" name="distr" upper="7.0"/>
#        </calibrations>
#        <tree id="tree"/>
#    </distribution>
#</input>
#
         Sample          cyule            cal
              0       -39.3873         5.5    --
           1000        -1.5645         4.4768 --

Operator                  Tuning    #accept    #reject      Pr(m)  Pr(acc|m)
SubtreeSlide(unknown)     0.5000        408        593     1.0000     0.4076 Try increasing size to about 0.871

     Tuning: The value of the operator's tuning parameter, or '-' if the operator can't be optimized.
    #accept: The total number of times a proposal by this operator has been accepted.
    #reject: The total number of times a proposal by this operator has been rejected.
      Pr(m): The probability this operator is chosen in a step of the MCMC (i.e. the normalized weight).
  Pr(acc|m): The acceptance probability (#accept as a fraction of the total proposals for this operator).


Total calculation time: 0.159 seconds
Done testCalYule_5t_2c.xml
Processing testClassicRootCalibrationPrior.xml
ExampleXmlParsing::Failed for testClassicRootCalibrationPrior.xml: 
Error 110 parsing the xml input file

validate and intialize error: Input 'sequenceData' must be specified.

Error detected about here:
  <beast>
      <data id='alignment'>
          <sequence>

Done testClassicRootCalibrationPrior.xml
Processing testCoalescent.xml
ExampleXmlParsing::Failed for testCoalescent.xml: 
Error 110 parsing the xml input file

validate and intialize error: Input 'sequenceData' must be specified.

Error detected about here:
  <beast>
      <data id='alignment'>
          <sequence>

Done testCoalescent.xml
Processing testConditionalRootCalibrationPrior.xml
ExampleXmlParsing::Failed for testConditionalRootCalibrationPrior.xml: 
Error 110 parsing the xml input file

validate and intialize error: Input 'sequenceData' must be specified.

Error detected about here:
  <beast>
      <data id='alignment'>
          <sequence>

Done testConditionalRootCalibrationPrior.xml
Processing testEBSP.xml
ExampleXmlParsing::Failed for testEBSP.xml: 
Error 110 parsing the xml input file

validate and intialize error: Input 'sequenceData' must be specified.

Error detected about here:
  <beast>
      <data id='alignment000' name='taxa'>
          <sequence>

Done testEBSP.xml
Processing testExponentialGrowth.xml
ExampleXmlParsing::Failed for testExponentialGrowth.xml: 
Error 110 parsing the xml input file

validate and intialize error: Input 'sequenceData' must be specified.

Error detected about here:
  <beast>
      <data id='alignment'>
          <sequence>

Done testExponentialGrowth.xml
Processing testGTR.xml
ExampleXmlParsing::Failed for testGTR.xml: 
Error 110 parsing the xml input file

validate and intialize error: Input 'sequenceData' must be specified.

Error detected about here:
  <beast>
      <data id='primate-mtDNA'>
          <sequence id='seq_Lemur_catta'>

Done testGTR.xml
Processing testHKY.xml
ExampleXmlParsing::Failed for testHKY.xml: 
Error 110 parsing the xml input file

validate and intialize error: Input 'sequenceData' must be specified.

Error detected about here:
  <beast>
      <data id='alignment'>
          <sequence>

Done testHKY.xml
Processing testJukesCantor.xml
ExampleXmlParsing::Failed for testJukesCantor.xml: 
Error 110 parsing the xml input file

validate and intialize error: Input 'sequenceData' must be specified.

Error detected about here:
  <beast>
      <data id='alignment'>
          <sequence>

Done testJukesCantor.xml
Processing testJukesCantorShort.xml
ExampleXmlParsing::Failed for testJukesCantorShort.xml: 
Error 110 parsing the xml input file

validate and intialize error: Input 'sequenceData' must be specified.

Error detected about here:
  <beast>
      <data id='alignment'>
          <sequence>

Done testJukesCantorShort.xml
Processing testJukesCantorShortUncertain.xml
ExampleXmlParsing::Failed for testJukesCantorShortUncertain.xml: 
Error 124 parsing the xml input file

This BEASTInterface (beast.evolution.alignment.Sequence) has no input with name uncertain. Choose one of these inputs: totalcount,taxon,sequenceData,value

Error detected about here:
  <beast>
      <data id='alignment'>
          <sequence>

Done testJukesCantorShortUncertain.xml
Processing testJukesCantorShortUncertain2.xml
ExampleXmlParsing::Failed for testJukesCantorShortUncertain2.xml: 
Error 124 parsing the xml input file

This BEASTInterface (beast.evolution.alignment.Sequence) has no input with name uncertain. Choose one of these inputs: totalcount,taxon,sequenceData,value

Error detected about here:
  <beast>
      <data id='alignment'>
          <sequence>

Done testJukesCantorShortUncertain2.xml
Processing testJukesCantorShortUncertain2MLE.xml
ExampleXmlParsing::Failed for testJukesCantorShortUncertain2MLE.xml: 
Error 110 parsing the xml input file

validate and intialize error: Input 'sequenceData' must be specified.

Error detected about here:
  <beast>
      <data id='alignment'>
          <sequence>

Done testJukesCantorShortUncertain2MLE.xml
Processing testMultipleAlignments_randomTaxaOrder.xml
ExampleXmlParsing::Failed for testMultipleAlignments_randomTaxaOrder.xml: 
Error 110 parsing the xml input file

validate and intialize error: Input 'sequenceData' must be specified.

Error detected about here:
  <beast>
      <data id='gene1'>
          <sequence>

Done testMultipleAlignments_randomTaxaOrder.xml
Processing testPlates.xml
ExampleXmlParsing::Failed for testPlates.xml: 
Error 110 parsing the xml input file

validate and intialize error: Input 'sequenceData' must be specified.

Error detected about here:
  <beast>
      <data id='alignment.p1'>
          <sequence>

Done testPlates.xml
Processing testRandomLocalClock.xml
ExampleXmlParsing::Failed for testRandomLocalClock.xml: 
Error 110 parsing the xml input file

validate and intialize error: Input 'sequenceData' must be specified.

Error detected about here:
  <beast>
      <data id='alignment'>
          <sequence>

Done testRandomLocalClock.xml
Processing testRelaxedClock.xml
ExampleXmlParsing::Failed for testRelaxedClock.xml: 
Error 110 parsing the xml input file

validate and intialize error: Input 'sequenceData' must be specified.

Error detected about here:
  <beast>
      <data id='alignment'>
          <sequence>

Done testRelaxedClock.xml
Processing testRestrictedGTR.xml
ExampleXmlParsing::Failed for testRestrictedGTR.xml: 
Error 110 parsing the xml input file

validate and intialize error: Input 'sequenceData' must be specified.

Error detected about here:
  <beast>
      <data id='primate-mtDNA'>
          <sequence id='seq_Lemur_catta'>

Done testRestrictedGTR.xml
Processing testRNA.xml
ExampleXmlParsing::Failed for testRNA.xml: 
Error 110 parsing the xml input file

validate and intialize error: Input 'sequenceData' must be specified.

Error detected about here:
  <beast>
      <data id='primate-mtDNA'>
          <sequence id='seq_Lemur_catta'>

Done testRNA.xml
Processing testSeqGen.xml
ExampleXmlParsing::Failed for testSeqGen.xml: 
Error 110 parsing the xml input file

validate and intialize error: Input 'sequenceData' must be specified.

Error detected about here:
  <beast>
      <data id='alignment'>
          <sequence>

Done testSeqGen.xml
Processing testSimulatedAlignment.xml
ExampleXmlParsing::Failed for testSimulatedAlignment.xml: 
Error 110 parsing the xml input file

validate and intialize error: Input 'sequenceData' must be specified.

Error detected about here:
  <beast>
      <data id='alignment' spec='beast.app.seqgen.SimulatedAlignment'>
          <data id='input_alignment' spec='Alignment'>
              <sequence spec='Sequence'>

Done testSimulatedAlignment.xml
Processing testSliceHKY.xml
ExampleXmlParsing::Failed for testSliceHKY.xml: 
Error 110 parsing the xml input file

validate and intialize error: Input 'sequenceData' must be specified.

Error detected about here:
  <beast>
      <data id='alignment'>
          <sequence>

Done testSliceHKY.xml
Processing testSRD06.xml
ExampleXmlParsing::Failed for testSRD06.xml: 
Error 110 parsing the xml input file

validate and intialize error: Input 'sequenceData' must be specified.

Error detected about here:
  <beast>
      <data id='Primates'>
          <sequence id='seq_Tarsius_syrichta'>

Done testSRD06.xml
Processing testStarBeast.xml
ExampleXmlParsing::Failed for testStarBeast.xml: 
Error 110 parsing the xml input file

validate and intialize error: Input 'sequenceData' must be specified.

Error detected about here:
  <beast>
      <data id='26' name='taxa'>
          <sequence>

Done testStarBeast.xml
Processing testSYM.xml
ExampleXmlParsing::Failed for testSYM.xml: 
Error 110 parsing the xml input file

validate and intialize error: Input 'sequenceData' must be specified.

Error detected about here:
  <beast>
      <data id='primate-mtDNA'>
          <sequence id='seq_Lemur_catta'>

Done testSYM.xml
Processing testTIM.xml
ExampleXmlParsing::Failed for testTIM.xml: 
Error 110 parsing the xml input file

validate and intialize error: Input 'sequenceData' must be specified.

Error detected about here:
  <beast>
      <data id='primate-mtDNA'>
          <sequence id='seq_Lemur_catta'>

Done testTIM.xml
Processing testTipDates.xml
ExampleXmlParsing::Failed for testTipDates.xml: 
Error 110 parsing the xml input file

validate and intialize error: Input 'sequenceData' must be specified.

Error detected about here:
  <beast>
      <data id='alignment'>
          <sequence>

Done testTipDates.xml
Processing testTipDates2.xml
ExampleXmlParsing::Failed for testTipDates2.xml: 
Error 110 parsing the xml input file

validate and intialize error: Input 'sequenceData' must be specified.

Error detected about here:
  <beast>
      <data id='Primates'>
          <sequence id='seq_Tarsius_syrichta'>

Done testTipDates2.xml
Processing testTN93.xml
ExampleXmlParsing::Failed for testTN93.xml: 
Error 110 parsing the xml input file

validate and intialize error: Input 'sequenceData' must be specified.

Error detected about here:
  <beast>
      <data id='primate-mtDNA'>
          <sequence id='seq_Lemur_catta'>

Done testTN93.xml
Processing testTVM.xml
ExampleXmlParsing::Failed for testTVM.xml: 
Error 110 parsing the xml input file

validate and intialize error: Input 'sequenceData' must be specified.

Error detected about here:
  <beast>
      <data id='primate-mtDNA'>
          <sequence id='seq_Lemur_catta'>

Done testTVM.xml
Processing testTwoCalibrationsPrior.xml
ExampleXmlParsing::Failed for testTwoCalibrationsPrior.xml: 
Error 110 parsing the xml input file

validate and intialize error: Input 'sequenceData' must be specified.

Error detected about here:
  <beast>
      <data id='alignment'>
          <sequence>

Done testTwoCalibrationsPrior.xml
Processing testYuleCalibrated.xml
ExampleXmlParsing::Failed for testYuleCalibrated.xml: 
Error 110 parsing the xml input file

validate and intialize error: Input 'sequenceData' must be specified.

Error detected about here:
  <beast>
      <data id='alignment' name='alignment'>
          <sequence id='Sequence.0'>

Done testYuleCalibrated.xml
Processing testYuleOneSite.xml
ExampleXmlParsing::Failed for testYuleOneSite.xml: 
Error 110 parsing the xml input file

validate and intialize error: Input 'sequenceData' must be specified.

Error detected about here:
  <beast>
      <data id='alignment'>
          <sequence>

Done testYuleOneSite.xml
Processing testYuleUncalibrated.xml
ExampleXmlParsing::Failed for testYuleUncalibrated.xml: 
Error 110 parsing the xml input file

validate and intialize error: Input 'sequenceData' must be specified.

Error detected about here:
  <beast>
      <data id='alignment' name='alignment'>
          <sequence id='Sequence.0'>

Done testYuleUncalibrated.xml

test_ThatXmlExamplesRun::Failed for : [testBSP.xml, testCalibration.xml, testClassicRootCalibrationPrior.xml, testCoalescent.xml, testConditionalRootCalibrationPrior.xml, testEBSP.xml, testExponentialGrowth.xml, testGTR.xml, testHKY.xml, testJukesCantor.xml, testJukesCantorShort.xml, testJukesCantorShortUncertain.xml, testJukesCantorShortUncertain2.xml, testJukesCantorShortUncertain2MLE.xml, testMultipleAlignments_randomTaxaOrder.xml, testPlates.xml, testRandomLocalClock.xml, testRelaxedClock.xml, testRestrictedGTR.xml, testRNA.xml, testSeqGen.xml, testSimulatedAlignment.xml, testSliceHKY.xml, testSRD06.xml, testStarBeast.xml, testSYM.xml, testTIM.xml, testTipDates.xml, testTipDates2.xml, testTN93.xml, testTVM.xml, testTwoCalibrationsPrior.xml, testYuleCalibrated.xml, testYuleOneSite.xml, testYuleUncalibrated.xml]
]]></system-out>
  <system-err><![CDATA[java.lang.Exception: Input 'sequenceData' must be specified.
	at beast.core.Input.validate(Unknown Source)
	at beast.core.BEASTInterface.validateInputs(Unknown Source)
	at beast.util.XMLParser.createObject(Unknown Source)
	at beast.util.XMLParser.parseInputs(Unknown Source)
	at beast.util.XMLParser.createObject(Unknown Source)
	at beast.util.XMLParser.createObject(Unknown Source)
	at beast.util.XMLParser.parseInputs(Unknown Source)
	at beast.util.XMLParser.createObject(Unknown Source)
	at beast.util.XMLParser.parseInputs(Unknown Source)
	at beast.util.XMLParser.createObject(Unknown Source)
	at beast.util.XMLParser.parseInputs(Unknown Source)
	at beast.util.XMLParser.createObject(Unknown Source)
	at beast.util.XMLParser.createObject(Unknown Source)
	at beast.util.XMLParser.parseInputs(Unknown Source)
	at beast.util.XMLParser.createObject(Unknown Source)
	at beast.util.XMLParser.parseInputs(Unknown Source)
	at beast.util.XMLParser.createObject(Unknown Source)
	at beast.util.XMLParser.parseRunElement(Unknown Source)
	at beast.util.XMLParser.parse(Unknown Source)
	at beast.util.XMLParser.parseFile(Unknown Source)
	at test.beast.integration.ExampleXmlParsingTest.test_ThatXmlExamplesParse(Unknown Source)
	at test.beast.integration.ExampleXmlParsingTest.test_ThatXmlExamplesParse(Unknown Source)
	at sun.reflect.NativeMethodAccessorImpl.invoke0(Native Method)
	at sun.reflect.NativeMethodAccessorImpl.invoke(NativeMethodAccessorImpl.java:62)
	at sun.reflect.DelegatingMethodAccessorImpl.invoke(DelegatingMethodAccessorImpl.java:43)
	at java.lang.reflect.Method.invoke(Method.java:497)
	at junit.framework.TestCase.runTest(TestCase.java:168)
	at junit.framework.TestCase.runBare(TestCase.java:134)
	at junit.framework.TestResult$1.protect(TestResult.java:110)
	at junit.framework.TestResult.runProtected(TestResult.java:128)
	at junit.framework.TestResult.run(TestResult.java:113)
	at junit.framework.TestCase.run(TestCase.java:124)
	at junit.framework.TestSuite.runTest(TestSuite.java:243)
	at junit.framework.TestSuite.run(TestSuite.java:238)
	at org.apache.tools.ant.taskdefs.optional.junit.JUnitTestRunner.run(JUnitTestRunner.java:535)
	at org.apache.tools.ant.taskdefs.optional.junit.JUnitTestRunner.launch(JUnitTestRunner.java:1182)
	at org.apache.tools.ant.taskdefs.optional.junit.JUnitTestRunner.main(JUnitTestRunner.java:1033)
java.lang.Exception: Input 'sequenceData' must be specified.
	at beast.core.Input.validate(Unknown Source)
	at beast.core.BEASTInterface.validateInputs(Unknown Source)
	at beast.util.XMLParser.createObject(Unknown Source)
	at beast.util.XMLParser.parseInputs(Unknown Source)
	at beast.util.XMLParser.createObject(Unknown Source)
	at beast.util.XMLParser.createObject(Unknown Source)
	at beast.util.XMLParser.parseInputs(Unknown Source)
	at beast.util.XMLParser.createObject(Unknown Source)
	at beast.util.XMLParser.parseInputs(Unknown Source)
	at beast.util.XMLParser.createObject(Unknown Source)
	at beast.util.XMLParser.createObject(Unknown Source)
	at beast.util.XMLParser.parseInputs(Unknown Source)
	at beast.util.XMLParser.createObject(Unknown Source)
	at beast.util.XMLParser.parseInputs(Unknown Source)
	at beast.util.XMLParser.createObject(Unknown Source)
	at beast.util.XMLParser.parseRunElement(Unknown Source)
	at beast.util.XMLParser.parse(Unknown Source)
	at beast.util.XMLParser.parseFile(Unknown Source)
	at test.beast.integration.ExampleXmlParsingTest.test_ThatXmlExamplesParse(Unknown Source)
	at test.beast.integration.ExampleXmlParsingTest.test_ThatXmlExamplesParse(Unknown Source)
	at sun.reflect.NativeMethodAccessorImpl.invoke0(Native Method)
	at sun.reflect.NativeMethodAccessorImpl.invoke(NativeMethodAccessorImpl.java:62)
	at sun.reflect.DelegatingMethodAccessorImpl.invoke(DelegatingMethodAccessorImpl.java:43)
	at java.lang.reflect.Method.invoke(Method.java:497)
	at junit.framework.TestCase.runTest(TestCase.java:168)
	at junit.framework.TestCase.runBare(TestCase.java:134)
	at junit.framework.TestResult$1.protect(TestResult.java:110)
	at junit.framework.TestResult.runProtected(TestResult.java:128)
	at junit.framework.TestResult.run(TestResult.java:113)
	at junit.framework.TestCase.run(TestCase.java:124)
	at junit.framework.TestSuite.runTest(TestSuite.java:243)
	at junit.framework.TestSuite.run(TestSuite.java:238)
	at org.apache.tools.ant.taskdefs.optional.junit.JUnitTestRunner.run(JUnitTestRunner.java:535)
	at org.apache.tools.ant.taskdefs.optional.junit.JUnitTestRunner.launch(JUnitTestRunner.java:1182)
	at org.apache.tools.ant.taskdefs.optional.junit.JUnitTestRunner.main(JUnitTestRunner.java:1033)
java.lang.Exception: Input 'sequenceData' must be specified.
	at beast.core.Input.validate(Unknown Source)
	at beast.core.BEASTInterface.validateInputs(Unknown Source)
	at beast.util.XMLParser.createObject(Unknown Source)
	at beast.util.XMLParser.parseInputs(Unknown Source)
	at beast.util.XMLParser.createObject(Unknown Source)
	at beast.util.XMLParser.createObject(Unknown Source)
	at beast.util.XMLParser.parseInputs(Unknown Source)
	at beast.util.XMLParser.createObject(Unknown Source)
	at beast.util.XMLParser.createObject(Unknown Source)
	at beast.util.XMLParser.parseInputs(Unknown Source)
	at beast.util.XMLParser.createObject(Unknown Source)
	at beast.util.XMLParser.parseInputs(Unknown Source)
	at beast.util.XMLParser.createObject(Unknown Source)
	at beast.util.XMLParser.parseRunElement(Unknown Source)
	at beast.util.XMLParser.parse(Unknown Source)
	at beast.util.XMLParser.parseFile(Unknown Source)
	at test.beast.integration.ExampleXmlParsingTest.test_ThatXmlExamplesParse(Unknown Source)
	at test.beast.integration.ExampleXmlParsingTest.test_ThatXmlExamplesParse(Unknown Source)
	at sun.reflect.NativeMethodAccessorImpl.invoke0(Native Method)
	at sun.reflect.NativeMethodAccessorImpl.invoke(NativeMethodAccessorImpl.java:62)
	at sun.reflect.DelegatingMethodAccessorImpl.invoke(DelegatingMethodAccessorImpl.java:43)
	at java.lang.reflect.Method.invoke(Method.java:497)
	at junit.framework.TestCase.runTest(TestCase.java:168)
	at junit.framework.TestCase.runBare(TestCase.java:134)
	at junit.framework.TestResult$1.protect(TestResult.java:110)
	at junit.framework.TestResult.runProtected(TestResult.java:128)
	at junit.framework.TestResult.run(TestResult.java:113)
	at junit.framework.TestCase.run(TestCase.java:124)
	at junit.framework.TestSuite.runTest(TestSuite.java:243)
	at junit.framework.TestSuite.run(TestSuite.java:238)
	at org.apache.tools.ant.taskdefs.optional.junit.JUnitTestRunner.run(JUnitTestRunner.java:535)
	at org.apache.tools.ant.taskdefs.optional.junit.JUnitTestRunner.launch(JUnitTestRunner.java:1182)
	at org.apache.tools.ant.taskdefs.optional.junit.JUnitTestRunner.main(JUnitTestRunner.java:1033)
java.lang.Exception: Input 'sequenceData' must be specified.
	at beast.core.Input.validate(Unknown Source)
	at beast.core.BEASTInterface.validateInputs(Unknown Source)
	at beast.util.XMLParser.createObject(Unknown Source)
	at beast.util.XMLParser.parseInputs(Unknown Source)
	at beast.util.XMLParser.createObject(Unknown Source)
	at beast.util.XMLParser.createObject(Unknown Source)
	at beast.util.XMLParser.parseInputs(Unknown Source)
	at beast.util.XMLParser.createObject(Unknown Source)
	at beast.util.XMLParser.createObject(Unknown Source)
	at beast.util.XMLParser.parseInputs(Unknown Source)
	at beast.util.XMLParser.createObject(Unknown Source)
	at beast.util.XMLParser.parseInputs(Unknown Source)
	at beast.util.XMLParser.createObject(Unknown Source)
	at beast.util.XMLParser.parseRunElement(Unknown Source)
	at beast.util.XMLParser.parse(Unknown Source)
	at beast.util.XMLParser.parseFile(Unknown Source)
	at test.beast.integration.ExampleXmlParsingTest.test_ThatXmlExamplesParse(Unknown Source)
	at test.beast.integration.ExampleXmlParsingTest.test_ThatXmlExamplesParse(Unknown Source)
	at sun.reflect.NativeMethodAccessorImpl.invoke0(Native Method)
	at sun.reflect.NativeMethodAccessorImpl.invoke(NativeMethodAccessorImpl.java:62)
	at sun.reflect.DelegatingMethodAccessorImpl.invoke(DelegatingMethodAccessorImpl.java:43)
	at java.lang.reflect.Method.invoke(Method.java:497)
	at junit.framework.TestCase.runTest(TestCase.java:168)
	at junit.framework.TestCase.runBare(TestCase.java:134)
	at junit.framework.TestResult$1.protect(TestResult.java:110)
	at junit.framework.TestResult.runProtected(TestResult.java:128)
	at junit.framework.TestResult.run(TestResult.java:113)
	at junit.framework.TestCase.run(TestCase.java:124)
	at junit.framework.TestSuite.runTest(TestSuite.java:243)
	at junit.framework.TestSuite.run(TestSuite.java:238)
	at org.apache.tools.ant.taskdefs.optional.junit.JUnitTestRunner.run(JUnitTestRunner.java:535)
	at org.apache.tools.ant.taskdefs.optional.junit.JUnitTestRunner.launch(JUnitTestRunner.java:1182)
	at org.apache.tools.ant.taskdefs.optional.junit.JUnitTestRunner.main(JUnitTestRunner.java:1033)
java.lang.Exception: Input 'sequenceData' must be specified.
	at beast.core.Input.validate(Unknown Source)
	at beast.core.BEASTInterface.validateInputs(Unknown Source)
	at beast.util.XMLParser.createObject(Unknown Source)
	at beast.util.XMLParser.parseInputs(Unknown Source)
	at beast.util.XMLParser.createObject(Unknown Source)
	at beast.util.XMLParser.createObject(Unknown Source)
	at beast.util.XMLParser.parseInputs(Unknown Source)
	at beast.util.XMLParser.createObject(Unknown Source)
	at beast.util.XMLParser.createObject(Unknown Source)
	at beast.util.XMLParser.parseInputs(Unknown Source)
	at beast.util.XMLParser.createObject(Unknown Source)
	at beast.util.XMLParser.parseInputs(Unknown Source)
	at beast.util.XMLParser.createObject(Unknown Source)
	at beast.util.XMLParser.parseRunElement(Unknown Source)
	at beast.util.XMLParser.parse(Unknown Source)
	at beast.util.XMLParser.parseFile(Unknown Source)
	at test.beast.integration.ExampleXmlParsingTest.test_ThatXmlExamplesParse(Unknown Source)
	at test.beast.integration.ExampleXmlParsingTest.test_ThatXmlExamplesParse(Unknown Source)
	at sun.reflect.NativeMethodAccessorImpl.invoke0(Native Method)
	at sun.reflect.NativeMethodAccessorImpl.invoke(NativeMethodAccessorImpl.java:62)
	at sun.reflect.DelegatingMethodAccessorImpl.invoke(DelegatingMethodAccessorImpl.java:43)
	at java.lang.reflect.Method.invoke(Method.java:497)
	at junit.framework.TestCase.runTest(TestCase.java:168)
	at junit.framework.TestCase.runBare(TestCase.java:134)
	at junit.framework.TestResult$1.protect(TestResult.java:110)
	at junit.framework.TestResult.runProtected(TestResult.java:128)
	at junit.framework.TestResult.run(TestResult.java:113)
	at junit.framework.TestCase.run(TestCase.java:124)
	at junit.framework.TestSuite.runTest(TestSuite.java:243)
	at junit.framework.TestSuite.run(TestSuite.java:238)
	at org.apache.tools.ant.taskdefs.optional.junit.JUnitTestRunner.run(JUnitTestRunner.java:535)
	at org.apache.tools.ant.taskdefs.optional.junit.JUnitTestRunner.launch(JUnitTestRunner.java:1182)
	at org.apache.tools.ant.taskdefs.optional.junit.JUnitTestRunner.main(JUnitTestRunner.java:1033)
java.lang.Exception: Input 'sequenceData' must be specified.
	at beast.core.Input.validate(Unknown Source)
	at beast.core.BEASTInterface.validateInputs(Unknown Source)
	at beast.util.XMLParser.createObject(Unknown Source)
	at beast.util.XMLParser.parseInputs(Unknown Source)
	at beast.util.XMLParser.createObject(Unknown Source)
	at beast.util.XMLParser.createObject(Unknown Source)
	at beast.util.XMLParser.parseInputs(Unknown Source)
	at beast.util.XMLParser.createObject(Unknown Source)
	at beast.util.XMLParser.createObject(Unknown Source)
	at beast.util.XMLParser.parseInputs(Unknown Source)
	at beast.util.XMLParser.createObject(Unknown Source)
	at beast.util.XMLParser.createObject(Unknown Source)
	at beast.util.XMLParser.parseInputs(Unknown Source)
	at beast.util.XMLParser.createObject(Unknown Source)
	at beast.util.XMLParser.parseInputs(Unknown Source)
	at beast.util.XMLParser.createObject(Unknown Source)
	at beast.util.XMLParser.parseInputs(Unknown Source)
	at beast.util.XMLParser.createObject(Unknown Source)
	at beast.util.XMLParser.parseInputs(Unknown Source)
	at beast.util.XMLParser.createObject(Unknown Source)
	at beast.util.XMLParser.createObject(Unknown Source)
	at beast.util.XMLParser.parseInputs(Unknown Source)
	at beast.util.XMLParser.createObject(Unknown Source)
	at beast.util.XMLParser.parseRunElement(Unknown Source)
	at beast.util.XMLParser.parse(Unknown Source)
	at beast.util.XMLParser.parseFile(Unknown Source)
	at test.beast.integration.ExampleXmlParsingTest.test_ThatXmlExamplesParse(Unknown Source)
	at test.beast.integration.ExampleXmlParsingTest.test_ThatXmlExamplesParse(Unknown Source)
	at sun.reflect.NativeMethodAccessorImpl.invoke0(Native Method)
	at sun.reflect.NativeMethodAccessorImpl.invoke(NativeMethodAccessorImpl.java:62)
	at sun.reflect.DelegatingMethodAccessorImpl.invoke(DelegatingMethodAccessorImpl.java:43)
	at java.lang.reflect.Method.invoke(Method.java:497)
	at junit.framework.TestCase.runTest(TestCase.java:168)
	at junit.framework.TestCase.runBare(TestCase.java:134)
	at junit.framework.TestResult$1.protect(TestResult.java:110)
	at junit.framework.TestResult.runProtected(TestResult.java:128)
	at junit.framework.TestResult.run(TestResult.java:113)
	at junit.framework.TestCase.run(TestCase.java:124)
	at junit.framework.TestSuite.runTest(TestSuite.java:243)
	at junit.framework.TestSuite.run(TestSuite.java:238)
	at org.apache.tools.ant.taskdefs.optional.junit.JUnitTestRunner.run(JUnitTestRunner.java:535)
	at org.apache.tools.ant.taskdefs.optional.junit.JUnitTestRunner.launch(JUnitTestRunner.java:1182)
	at org.apache.tools.ant.taskdefs.optional.junit.JUnitTestRunner.main(JUnitTestRunner.java:1033)
java.lang.Exception: Input 'sequenceData' must be specified.
	at beast.core.Input.validate(Unknown Source)
	at beast.core.BEASTInterface.validateInputs(Unknown Source)
	at beast.util.XMLParser.createObject(Unknown Source)
	at beast.util.XMLParser.parseInputs(Unknown Source)
	at beast.util.XMLParser.createObject(Unknown Source)
	at beast.util.XMLParser.createObject(Unknown Source)
	at beast.util.XMLParser.parseInputs(Unknown Source)
	at beast.util.XMLParser.createObject(Unknown Source)
	at beast.util.XMLParser.createObject(Unknown Source)
	at beast.util.XMLParser.parseInputs(Unknown Source)
	at beast.util.XMLParser.createObject(Unknown Source)
	at beast.util.XMLParser.parseInputs(Unknown Source)
	at beast.util.XMLParser.createObject(Unknown Source)
	at beast.util.XMLParser.parseRunElement(Unknown Source)
	at beast.util.XMLParser.parse(Unknown Source)
	at beast.util.XMLParser.parseFile(Unknown Source)
	at test.beast.integration.ExampleXmlParsingTest.test_ThatXmlExamplesParse(Unknown Source)
	at test.beast.integration.ExampleXmlParsingTest.test_ThatXmlExamplesParse(Unknown Source)
	at sun.reflect.NativeMethodAccessorImpl.invoke0(Native Method)
	at sun.reflect.NativeMethodAccessorImpl.invoke(NativeMethodAccessorImpl.java:62)
	at sun.reflect.DelegatingMethodAccessorImpl.invoke(DelegatingMethodAccessorImpl.java:43)
	at java.lang.reflect.Method.invoke(Method.java:497)
	at junit.framework.TestCase.runTest(TestCase.java:168)
	at junit.framework.TestCase.runBare(TestCase.java:134)
	at junit.framework.TestResult$1.protect(TestResult.java:110)
	at junit.framework.TestResult.runProtected(TestResult.java:128)
	at junit.framework.TestResult.run(TestResult.java:113)
	at junit.framework.TestCase.run(TestCase.java:124)
	at junit.framework.TestSuite.runTest(TestSuite.java:243)
	at junit.framework.TestSuite.run(TestSuite.java:238)
	at org.apache.tools.ant.taskdefs.optional.junit.JUnitTestRunner.run(JUnitTestRunner.java:535)
	at org.apache.tools.ant.taskdefs.optional.junit.JUnitTestRunner.launch(JUnitTestRunner.java:1182)
	at org.apache.tools.ant.taskdefs.optional.junit.JUnitTestRunner.main(JUnitTestRunner.java:1033)
java.lang.Exception: Input 'sequenceData' must be specified.
	at beast.core.Input.validate(Unknown Source)
	at beast.core.BEASTInterface.validateInputs(Unknown Source)
	at beast.util.XMLParser.createObject(Unknown Source)
	at beast.util.XMLParser.parseInputs(Unknown Source)
	at beast.util.XMLParser.createObject(Unknown Source)
	at beast.util.XMLParser.createObject(Unknown Source)
	at beast.util.XMLParser.parseInputs(Unknown Source)
	at beast.util.XMLParser.createObject(Unknown Source)
	at beast.util.XMLParser.parseInputs(Unknown Source)
	at beast.util.XMLParser.createObject(Unknown Source)
	at beast.util.XMLParser.parseInputs(Unknown Source)
	at beast.util.XMLParser.createObject(Unknown Source)
	at beast.util.XMLParser.parseInputs(Unknown Source)
	at beast.util.XMLParser.createObject(Unknown Source)
	at beast.util.XMLParser.parseInputs(Unknown Source)
	at beast.util.XMLParser.createObject(Unknown Source)
	at beast.util.XMLParser.parseRunElement(Unknown Source)
	at beast.util.XMLParser.parse(Unknown Source)
	at beast.util.XMLParser.parseFile(Unknown Source)
	at test.beast.integration.ExampleXmlParsingTest.test_ThatXmlExamplesParse(Unknown Source)
	at test.beast.integration.ExampleXmlParsingTest.test_ThatXmlExamplesParse(Unknown Source)
	at sun.reflect.NativeMethodAccessorImpl.invoke0(Native Method)
	at sun.reflect.NativeMethodAccessorImpl.invoke(NativeMethodAccessorImpl.java:62)
	at sun.reflect.DelegatingMethodAccessorImpl.invoke(DelegatingMethodAccessorImpl.java:43)
	at java.lang.reflect.Method.invoke(Method.java:497)
	at junit.framework.TestCase.runTest(TestCase.java:168)
	at junit.framework.TestCase.runBare(TestCase.java:134)
	at junit.framework.TestResult$1.protect(TestResult.java:110)
	at junit.framework.TestResult.runProtected(TestResult.java:128)
	at junit.framework.TestResult.run(TestResult.java:113)
	at junit.framework.TestCase.run(TestCase.java:124)
	at junit.framework.TestSuite.runTest(TestSuite.java:243)
	at junit.framework.TestSuite.run(TestSuite.java:238)
	at org.apache.tools.ant.taskdefs.optional.junit.JUnitTestRunner.run(JUnitTestRunner.java:535)
	at org.apache.tools.ant.taskdefs.optional.junit.JUnitTestRunner.launch(JUnitTestRunner.java:1182)
	at org.apache.tools.ant.taskdefs.optional.junit.JUnitTestRunner.main(JUnitTestRunner.java:1033)
java.lang.Exception: Input 'sequenceData' must be specified.
	at beast.core.Input.validate(Unknown Source)
	at beast.core.BEASTInterface.validateInputs(Unknown Source)
	at beast.util.XMLParser.createObject(Unknown Source)
	at beast.util.XMLParser.parseInputs(Unknown Source)
	at beast.util.XMLParser.createObject(Unknown Source)
	at beast.util.XMLParser.createObject(Unknown Source)
	at beast.util.XMLParser.parseInputs(Unknown Source)
	at beast.util.XMLParser.createObject(Unknown Source)
	at beast.util.XMLParser.createObject(Unknown Source)
	at beast.util.XMLParser.parseInputs(Unknown Source)
	at beast.util.XMLParser.createObject(Unknown Source)
	at beast.util.XMLParser.parseRunElement(Unknown Source)
	at beast.util.XMLParser.parse(Unknown Source)
	at beast.util.XMLParser.parseFile(Unknown Source)
	at test.beast.integration.ExampleXmlParsingTest.test_ThatXmlExamplesParse(Unknown Source)
	at test.beast.integration.ExampleXmlParsingTest.test_ThatXmlExamplesParse(Unknown Source)
	at sun.reflect.NativeMethodAccessorImpl.invoke0(Native Method)
	at sun.reflect.NativeMethodAccessorImpl.invoke(NativeMethodAccessorImpl.java:62)
	at sun.reflect.DelegatingMethodAccessorImpl.invoke(DelegatingMethodAccessorImpl.java:43)
	at java.lang.reflect.Method.invoke(Method.java:497)
	at junit.framework.TestCase.runTest(TestCase.java:168)
	at junit.framework.TestCase.runBare(TestCase.java:134)
	at junit.framework.TestResult$1.protect(TestResult.java:110)
	at junit.framework.TestResult.runProtected(TestResult.java:128)
	at junit.framework.TestResult.run(TestResult.java:113)
	at junit.framework.TestCase.run(TestCase.java:124)
	at junit.framework.TestSuite.runTest(TestSuite.java:243)
	at junit.framework.TestSuite.run(TestSuite.java:238)
	at org.apache.tools.ant.taskdefs.optional.junit.JUnitTestRunner.run(JUnitTestRunner.java:535)
	at org.apache.tools.ant.taskdefs.optional.junit.JUnitTestRunner.launch(JUnitTestRunner.java:1182)
	at org.apache.tools.ant.taskdefs.optional.junit.JUnitTestRunner.main(JUnitTestRunner.java:1033)
java.lang.Exception: Input 'sequenceData' must be specified.
	at beast.core.Input.validate(Unknown Source)
	at beast.core.BEASTInterface.validateInputs(Unknown Source)
	at beast.util.XMLParser.createObject(Unknown Source)
	at beast.util.XMLParser.parseInputs(Unknown Source)
	at beast.util.XMLParser.createObject(Unknown Source)
	at beast.util.XMLParser.createObject(Unknown Source)
	at beast.util.XMLParser.parseInputs(Unknown Source)
	at beast.util.XMLParser.createObject(Unknown Source)
	at beast.util.XMLParser.createObject(Unknown Source)
	at beast.util.XMLParser.parseInputs(Unknown Source)
	at beast.util.XMLParser.createObject(Unknown Source)
	at beast.util.XMLParser.parseRunElement(Unknown Source)
	at beast.util.XMLParser.parse(Unknown Source)
	at beast.util.XMLParser.parseFile(Unknown Source)
	at test.beast.integration.ExampleXmlParsingTest.test_ThatXmlExamplesParse(Unknown Source)
	at test.beast.integration.ExampleXmlParsingTest.test_ThatXmlExamplesParse(Unknown Source)
	at sun.reflect.NativeMethodAccessorImpl.invoke0(Native Method)
	at sun.reflect.NativeMethodAccessorImpl.invoke(NativeMethodAccessorImpl.java:62)
	at sun.reflect.DelegatingMethodAccessorImpl.invoke(DelegatingMethodAccessorImpl.java:43)
	at java.lang.reflect.Method.invoke(Method.java:497)
	at junit.framework.TestCase.runTest(TestCase.java:168)
	at junit.framework.TestCase.runBare(TestCase.java:134)
	at junit.framework.TestResult$1.protect(TestResult.java:110)
	at junit.framework.TestResult.runProtected(TestResult.java:128)
	at junit.framework.TestResult.run(TestResult.java:113)
	at junit.framework.TestCase.run(TestCase.java:124)
	at junit.framework.TestSuite.runTest(TestSuite.java:243)
	at junit.framework.TestSuite.run(TestSuite.java:238)
	at org.apache.tools.ant.taskdefs.optional.junit.JUnitTestRunner.run(JUnitTestRunner.java:535)
	at org.apache.tools.ant.taskdefs.optional.junit.JUnitTestRunner.launch(JUnitTestRunner.java:1182)
	at org.apache.tools.ant.taskdefs.optional.junit.JUnitTestRunner.main(JUnitTestRunner.java:1033)
java.lang.Exception: Input 'sequenceData' must be specified.
	at beast.core.Input.validate(Unknown Source)
	at beast.core.BEASTInterface.validateInputs(Unknown Source)
	at beast.util.XMLParser.createObject(Unknown Source)
	at beast.util.XMLParser.parseInputs(Unknown Source)
	at beast.util.XMLParser.createObject(Unknown Source)
	at beast.util.XMLParser.createObject(Unknown Source)
	at beast.util.XMLParser.parseInputs(Unknown Source)
	at beast.util.XMLParser.createObject(Unknown Source)
	at beast.util.XMLParser.createObject(Unknown Source)
	at beast.util.XMLParser.parseInputs(Unknown Source)
	at beast.util.XMLParser.createObject(Unknown Source)
	at beast.util.XMLParser.parseRunElement(Unknown Source)
	at beast.util.XMLParser.parse(Unknown Source)
	at beast.util.XMLParser.parseFile(Unknown Source)
	at test.beast.integration.ExampleXmlParsingTest.test_ThatXmlExamplesParse(Unknown Source)
	at test.beast.integration.ExampleXmlParsingTest.test_ThatXmlExamplesParse(Unknown Source)
	at sun.reflect.NativeMethodAccessorImpl.invoke0(Native Method)
	at sun.reflect.NativeMethodAccessorImpl.invoke(NativeMethodAccessorImpl.java:62)
	at sun.reflect.DelegatingMethodAccessorImpl.invoke(DelegatingMethodAccessorImpl.java:43)
	at java.lang.reflect.Method.invoke(Method.java:497)
	at junit.framework.TestCase.runTest(TestCase.java:168)
	at junit.framework.TestCase.runBare(TestCase.java:134)
	at junit.framework.TestResult$1.protect(TestResult.java:110)
	at junit.framework.TestResult.runProtected(TestResult.java:128)
	at junit.framework.TestResult.run(TestResult.java:113)
	at junit.framework.TestCase.run(TestCase.java:124)
	at junit.framework.TestSuite.runTest(TestSuite.java:243)
	at junit.framework.TestSuite.run(TestSuite.java:238)
	at org.apache.tools.ant.taskdefs.optional.junit.JUnitTestRunner.run(JUnitTestRunner.java:535)
	at org.apache.tools.ant.taskdefs.optional.junit.JUnitTestRunner.launch(JUnitTestRunner.java:1182)
	at org.apache.tools.ant.taskdefs.optional.junit.JUnitTestRunner.main(JUnitTestRunner.java:1033)
java.lang.Exception: This BEASTInterface (beast.evolution.alignment.Sequence) has no input with name uncertain. Choose one of these inputs: totalcount,taxon,sequenceData,value
	at beast.core.BEASTInterface.getInput(Unknown Source)
	at beast.core.BEASTInterface.setInputValue(Unknown Source)
	at beast.util.XMLParser.setInput(Unknown Source)
	at beast.util.XMLParser.parseInputs(Unknown Source)
	at beast.util.XMLParser.createObject(Unknown Source)
	at beast.util.XMLParser.parseInputs(Unknown Source)
	at beast.util.XMLParser.createObject(Unknown Source)
	at beast.util.XMLParser.createObject(Unknown Source)
	at beast.util.XMLParser.parseInputs(Unknown Source)
	at beast.util.XMLParser.createObject(Unknown Source)
	at beast.util.XMLParser.createObject(Unknown Source)
	at beast.util.XMLParser.parseInputs(Unknown Source)
	at beast.util.XMLParser.createObject(Unknown Source)
	at beast.util.XMLParser.parseRunElement(Unknown Source)
	at beast.util.XMLParser.parse(Unknown Source)
	at beast.util.XMLParser.parseFile(Unknown Source)
	at test.beast.integration.ExampleXmlParsingTest.test_ThatXmlExamplesParse(Unknown Source)
	at test.beast.integration.ExampleXmlParsingTest.test_ThatXmlExamplesParse(Unknown Source)
	at sun.reflect.NativeMethodAccessorImpl.invoke0(Native Method)
	at sun.reflect.NativeMethodAccessorImpl.invoke(NativeMethodAccessorImpl.java:62)
	at sun.reflect.DelegatingMethodAccessorImpl.invoke(DelegatingMethodAccessorImpl.java:43)
	at java.lang.reflect.Method.invoke(Method.java:497)
	at junit.framework.TestCase.runTest(TestCase.java:168)
	at junit.framework.TestCase.runBare(TestCase.java:134)
	at junit.framework.TestResult$1.protect(TestResult.java:110)
	at junit.framework.TestResult.runProtected(TestResult.java:128)
	at junit.framework.TestResult.run(TestResult.java:113)
	at junit.framework.TestCase.run(TestCase.java:124)
	at junit.framework.TestSuite.runTest(TestSuite.java:243)
	at junit.framework.TestSuite.run(TestSuite.java:238)
	at org.apache.tools.ant.taskdefs.optional.junit.JUnitTestRunner.run(JUnitTestRunner.java:535)
	at org.apache.tools.ant.taskdefs.optional.junit.JUnitTestRunner.launch(JUnitTestRunner.java:1182)
	at org.apache.tools.ant.taskdefs.optional.junit.JUnitTestRunner.main(JUnitTestRunner.java:1033)
java.lang.Exception: This BEASTInterface (beast.evolution.alignment.Sequence) has no input with name uncertain. Choose one of these inputs: totalcount,taxon,sequenceData,value
	at beast.core.BEASTInterface.getInput(Unknown Source)
	at beast.core.BEASTInterface.setInputValue(Unknown Source)
	at beast.util.XMLParser.setInput(Unknown Source)
	at beast.util.XMLParser.parseInputs(Unknown Source)
	at beast.util.XMLParser.createObject(Unknown Source)
	at beast.util.XMLParser.parseInputs(Unknown Source)
	at beast.util.XMLParser.createObject(Unknown Source)
	at beast.util.XMLParser.createObject(Unknown Source)
	at beast.util.XMLParser.parseInputs(Unknown Source)
	at beast.util.XMLParser.createObject(Unknown Source)
	at beast.util.XMLParser.createObject(Unknown Source)
	at beast.util.XMLParser.parseInputs(Unknown Source)
	at beast.util.XMLParser.createObject(Unknown Source)
	at beast.util.XMLParser.parseRunElement(Unknown Source)
	at beast.util.XMLParser.parse(Unknown Source)
	at beast.util.XMLParser.parseFile(Unknown Source)
	at test.beast.integration.ExampleXmlParsingTest.test_ThatXmlExamplesParse(Unknown Source)
	at test.beast.integration.ExampleXmlParsingTest.test_ThatXmlExamplesParse(Unknown Source)
	at sun.reflect.NativeMethodAccessorImpl.invoke0(Native Method)
	at sun.reflect.NativeMethodAccessorImpl.invoke(NativeMethodAccessorImpl.java:62)
	at sun.reflect.DelegatingMethodAccessorImpl.invoke(DelegatingMethodAccessorImpl.java:43)
	at java.lang.reflect.Method.invoke(Method.java:497)
	at junit.framework.TestCase.runTest(TestCase.java:168)
	at junit.framework.TestCase.runBare(TestCase.java:134)
	at junit.framework.TestResult$1.protect(TestResult.java:110)
	at junit.framework.TestResult.runProtected(TestResult.java:128)
	at junit.framework.TestResult.run(TestResult.java:113)
	at junit.framework.TestCase.run(TestCase.java:124)
	at junit.framework.TestSuite.runTest(TestSuite.java:243)
	at junit.framework.TestSuite.run(TestSuite.java:238)
	at org.apache.tools.ant.taskdefs.optional.junit.JUnitTestRunner.run(JUnitTestRunner.java:535)
	at org.apache.tools.ant.taskdefs.optional.junit.JUnitTestRunner.launch(JUnitTestRunner.java:1182)
	at org.apache.tools.ant.taskdefs.optional.junit.JUnitTestRunner.main(JUnitTestRunner.java:1033)
java.lang.Exception: Input 'sequenceData' must be specified.
	at beast.core.Input.validate(Unknown Source)
	at beast.core.BEASTInterface.validateInputs(Unknown Source)
	at beast.util.XMLParser.createObject(Unknown Source)
	at beast.util.XMLParser.parseInputs(Unknown Source)
	at beast.util.XMLParser.createObject(Unknown Source)
	at beast.util.XMLParser.createObject(Unknown Source)
	at beast.util.XMLParser.parseInputs(Unknown Source)
	at beast.util.XMLParser.createObject(Unknown Source)
	at beast.util.XMLParser.createObject(Unknown Source)
	at beast.util.XMLParser.parseInputs(Unknown Source)
	at beast.util.XMLParser.createObject(Unknown Source)
	at beast.util.XMLParser.parseRunElement(Unknown Source)
	at beast.util.XMLParser.parse(Unknown Source)
	at beast.util.XMLParser.parseFile(Unknown Source)
	at test.beast.integration.ExampleXmlParsingTest.test_ThatXmlExamplesParse(Unknown Source)
	at test.beast.integration.ExampleXmlParsingTest.test_ThatXmlExamplesParse(Unknown Source)
	at sun.reflect.NativeMethodAccessorImpl.invoke0(Native Method)
	at sun.reflect.NativeMethodAccessorImpl.invoke(NativeMethodAccessorImpl.java:62)
	at sun.reflect.DelegatingMethodAccessorImpl.invoke(DelegatingMethodAccessorImpl.java:43)
	at java.lang.reflect.Method.invoke(Method.java:497)
	at junit.framework.TestCase.runTest(TestCase.java:168)
	at junit.framework.TestCase.runBare(TestCase.java:134)
	at junit.framework.TestResult$1.protect(TestResult.java:110)
	at junit.framework.TestResult.runProtected(TestResult.java:128)
	at junit.framework.TestResult.run(TestResult.java:113)
	at junit.framework.TestCase.run(TestCase.java:124)
	at junit.framework.TestSuite.runTest(TestSuite.java:243)
	at junit.framework.TestSuite.run(TestSuite.java:238)
	at org.apache.tools.ant.taskdefs.optional.junit.JUnitTestRunner.run(JUnitTestRunner.java:535)
	at org.apache.tools.ant.taskdefs.optional.junit.JUnitTestRunner.launch(JUnitTestRunner.java:1182)
	at org.apache.tools.ant.taskdefs.optional.junit.JUnitTestRunner.main(JUnitTestRunner.java:1033)
java.lang.Exception: Input 'sequenceData' must be specified.
	at beast.core.Input.validate(Unknown Source)
	at beast.core.BEASTInterface.validateInputs(Unknown Source)
	at beast.util.XMLParser.createObject(Unknown Source)
	at beast.util.XMLParser.parseInputs(Unknown Source)
	at beast.util.XMLParser.createObject(Unknown Source)
	at beast.util.XMLParser.createObject(Unknown Source)
	at beast.util.XMLParser.parseInputs(Unknown Source)
	at beast.util.XMLParser.createObject(Unknown Source)
	at beast.util.XMLParser.parseInputs(Unknown Source)
	at beast.util.XMLParser.createObject(Unknown Source)
	at beast.util.XMLParser.parseInputs(Unknown Source)
	at beast.util.XMLParser.createObject(Unknown Source)
	at beast.util.XMLParser.parseInputs(Unknown Source)
	at beast.util.XMLParser.createObject(Unknown Source)
	at beast.util.XMLParser.parseInputs(Unknown Source)
	at beast.util.XMLParser.createObject(Unknown Source)
	at beast.util.XMLParser.parseRunElement(Unknown Source)
	at beast.util.XMLParser.parse(Unknown Source)
	at beast.util.XMLParser.parseFile(Unknown Source)
	at test.beast.integration.ExampleXmlParsingTest.test_ThatXmlExamplesParse(Unknown Source)
	at test.beast.integration.ExampleXmlParsingTest.test_ThatXmlExamplesParse(Unknown Source)
	at sun.reflect.NativeMethodAccessorImpl.invoke0(Native Method)
	at sun.reflect.NativeMethodAccessorImpl.invoke(NativeMethodAccessorImpl.java:62)
	at sun.reflect.DelegatingMethodAccessorImpl.invoke(DelegatingMethodAccessorImpl.java:43)
	at java.lang.reflect.Method.invoke(Method.java:497)
	at junit.framework.TestCase.runTest(TestCase.java:168)
	at junit.framework.TestCase.runBare(TestCase.java:134)
	at junit.framework.TestResult$1.protect(TestResult.java:110)
	at junit.framework.TestResult.runProtected(TestResult.java:128)
	at junit.framework.TestResult.run(TestResult.java:113)
	at junit.framework.TestCase.run(TestCase.java:124)
	at junit.framework.TestSuite.runTest(TestSuite.java:243)
	at junit.framework.TestSuite.run(TestSuite.java:238)
	at org.apache.tools.ant.taskdefs.optional.junit.JUnitTestRunner.run(JUnitTestRunner.java:535)
	at org.apache.tools.ant.taskdefs.optional.junit.JUnitTestRunner.launch(JUnitTestRunner.java:1182)
	at org.apache.tools.ant.taskdefs.optional.junit.JUnitTestRunner.main(JUnitTestRunner.java:1033)
java.lang.Exception: Input 'sequenceData' must be specified.
	at beast.core.Input.validate(Unknown Source)
	at beast.core.BEASTInterface.validateInputs(Unknown Source)
	at beast.util.XMLParser.createObject(Unknown Source)
	at beast.util.XMLParser.parseInputs(Unknown Source)
	at beast.util.XMLParser.createObject(Unknown Source)
	at beast.util.XMLParser.createObject(Unknown Source)
	at beast.util.XMLParser.parseInputs(Unknown Source)
	at beast.util.XMLParser.createObject(Unknown Source)
	at beast.util.XMLParser.createObject(Unknown Source)
	at beast.util.XMLParser.parseInputs(Unknown Source)
	at beast.util.XMLParser.createObject(Unknown Source)
	at beast.util.XMLParser.parseInputs(Unknown Source)
	at beast.util.XMLParser.createObject(Unknown Source)
	at beast.util.XMLParser.parseRunElement(Unknown Source)
	at beast.util.XMLParser.parse(Unknown Source)
	at beast.util.XMLParser.parseFile(Unknown Source)
	at test.beast.integration.ExampleXmlParsingTest.test_ThatXmlExamplesParse(Unknown Source)
	at test.beast.integration.ExampleXmlParsingTest.test_ThatXmlExamplesParse(Unknown Source)
	at sun.reflect.NativeMethodAccessorImpl.invoke0(Native Method)
	at sun.reflect.NativeMethodAccessorImpl.invoke(NativeMethodAccessorImpl.java:62)
	at sun.reflect.DelegatingMethodAccessorImpl.invoke(DelegatingMethodAccessorImpl.java:43)
	at java.lang.reflect.Method.invoke(Method.java:497)
	at junit.framework.TestCase.runTest(TestCase.java:168)
	at junit.framework.TestCase.runBare(TestCase.java:134)
	at junit.framework.TestResult$1.protect(TestResult.java:110)
	at junit.framework.TestResult.runProtected(TestResult.java:128)
	at junit.framework.TestResult.run(TestResult.java:113)
	at junit.framework.TestCase.run(TestCase.java:124)
	at junit.framework.TestSuite.runTest(TestSuite.java:243)
	at junit.framework.TestSuite.run(TestSuite.java:238)
	at org.apache.tools.ant.taskdefs.optional.junit.JUnitTestRunner.run(JUnitTestRunner.java:535)
	at org.apache.tools.ant.taskdefs.optional.junit.JUnitTestRunner.launch(JUnitTestRunner.java:1182)
	at org.apache.tools.ant.taskdefs.optional.junit.JUnitTestRunner.main(JUnitTestRunner.java:1033)
java.lang.Exception: Input 'sequenceData' must be specified.
	at beast.core.Input.validate(Unknown Source)
	at beast.core.BEASTInterface.validateInputs(Unknown Source)
	at beast.util.XMLParser.createObject(Unknown Source)
	at beast.util.XMLParser.parseInputs(Unknown Source)
	at beast.util.XMLParser.createObject(Unknown Source)
	at beast.util.XMLParser.createObject(Unknown Source)
	at beast.util.XMLParser.parseInputs(Unknown Source)
	at beast.util.XMLParser.createObject(Unknown Source)
	at beast.util.XMLParser.createObject(Unknown Source)
	at beast.util.XMLParser.parseInputs(Unknown Source)
	at beast.util.XMLParser.createObject(Unknown Source)
	at beast.util.XMLParser.parseInputs(Unknown Source)
	at beast.util.XMLParser.createObject(Unknown Source)
	at beast.util.XMLParser.parseRunElement(Unknown Source)
	at beast.util.XMLParser.parse(Unknown Source)
	at beast.util.XMLParser.parseFile(Unknown Source)
	at test.beast.integration.ExampleXmlParsingTest.test_ThatXmlExamplesParse(Unknown Source)
	at test.beast.integration.ExampleXmlParsingTest.test_ThatXmlExamplesParse(Unknown Source)
	at sun.reflect.NativeMethodAccessorImpl.invoke0(Native Method)
	at sun.reflect.NativeMethodAccessorImpl.invoke(NativeMethodAccessorImpl.java:62)
	at sun.reflect.DelegatingMethodAccessorImpl.invoke(DelegatingMethodAccessorImpl.java:43)
	at java.lang.reflect.Method.invoke(Method.java:497)
	at junit.framework.TestCase.runTest(TestCase.java:168)
	at junit.framework.TestCase.runBare(TestCase.java:134)
	at junit.framework.TestResult$1.protect(TestResult.java:110)
	at junit.framework.TestResult.runProtected(TestResult.java:128)
	at junit.framework.TestResult.run(TestResult.java:113)
	at junit.framework.TestCase.run(TestCase.java:124)
	at junit.framework.TestSuite.runTest(TestSuite.java:243)
	at junit.framework.TestSuite.run(TestSuite.java:238)
	at org.apache.tools.ant.taskdefs.optional.junit.JUnitTestRunner.run(JUnitTestRunner.java:535)
	at org.apache.tools.ant.taskdefs.optional.junit.JUnitTestRunner.launch(JUnitTestRunner.java:1182)
	at org.apache.tools.ant.taskdefs.optional.junit.JUnitTestRunner.main(JUnitTestRunner.java:1033)
java.lang.Exception: Input 'sequenceData' must be specified.
	at beast.core.Input.validate(Unknown Source)
	at beast.core.BEASTInterface.validateInputs(Unknown Source)
	at beast.util.XMLParser.createObject(Unknown Source)
	at beast.util.XMLParser.parseInputs(Unknown Source)
	at beast.util.XMLParser.createObject(Unknown Source)
	at beast.util.XMLParser.createObject(Unknown Source)
	at beast.util.XMLParser.parseInputs(Unknown Source)
	at beast.util.XMLParser.createObject(Unknown Source)
	at beast.util.XMLParser.createObject(Unknown Source)
	at beast.util.XMLParser.parseInputs(Unknown Source)
	at beast.util.XMLParser.createObject(Unknown Source)
	at beast.util.XMLParser.parseInputs(Unknown Source)
	at beast.util.XMLParser.createObject(Unknown Source)
	at beast.util.XMLParser.parseRunElement(Unknown Source)
	at beast.util.XMLParser.parse(Unknown Source)
	at beast.util.XMLParser.parseFile(Unknown Source)
	at test.beast.integration.ExampleXmlParsingTest.test_ThatXmlExamplesParse(Unknown Source)
	at test.beast.integration.ExampleXmlParsingTest.test_ThatXmlExamplesParse(Unknown Source)
	at sun.reflect.NativeMethodAccessorImpl.invoke0(Native Method)
	at sun.reflect.NativeMethodAccessorImpl.invoke(NativeMethodAccessorImpl.java:62)
	at sun.reflect.DelegatingMethodAccessorImpl.invoke(DelegatingMethodAccessorImpl.java:43)
	at java.lang.reflect.Method.invoke(Method.java:497)
	at junit.framework.TestCase.runTest(TestCase.java:168)
	at junit.framework.TestCase.runBare(TestCase.java:134)
	at junit.framework.TestResult$1.protect(TestResult.java:110)
	at junit.framework.TestResult.runProtected(TestResult.java:128)
	at junit.framework.TestResult.run(TestResult.java:113)
	at junit.framework.TestCase.run(TestCase.java:124)
	at junit.framework.TestSuite.runTest(TestSuite.java:243)
	at junit.framework.TestSuite.run(TestSuite.java:238)
	at org.apache.tools.ant.taskdefs.optional.junit.JUnitTestRunner.run(JUnitTestRunner.java:535)
	at org.apache.tools.ant.taskdefs.optional.junit.JUnitTestRunner.launch(JUnitTestRunner.java:1182)
	at org.apache.tools.ant.taskdefs.optional.junit.JUnitTestRunner.main(JUnitTestRunner.java:1033)
java.lang.Exception: Input 'sequenceData' must be specified.
	at beast.core.Input.validate(Unknown Source)
	at beast.core.BEASTInterface.validateInputs(Unknown Source)
	at beast.util.XMLParser.createObject(Unknown Source)
	at beast.util.XMLParser.parseInputs(Unknown Source)
	at beast.util.XMLParser.createObject(Unknown Source)
	at beast.util.XMLParser.createObject(Unknown Source)
	at beast.util.XMLParser.parseInputs(Unknown Source)
	at beast.util.XMLParser.createObject(Unknown Source)
	at beast.util.XMLParser.parseInputs(Unknown Source)
	at beast.util.XMLParser.createObject(Unknown Source)
	at beast.util.XMLParser.parseInputs(Unknown Source)
	at beast.util.XMLParser.createObject(Unknown Source)
	at beast.util.XMLParser.parseInputs(Unknown Source)
	at beast.util.XMLParser.createObject(Unknown Source)
	at beast.util.XMLParser.parseInputs(Unknown Source)
	at beast.util.XMLParser.createObject(Unknown Source)
	at beast.util.XMLParser.parseRunElement(Unknown Source)
	at beast.util.XMLParser.parse(Unknown Source)
	at beast.util.XMLParser.parseFile(Unknown Source)
	at test.beast.integration.ExampleXmlParsingTest.test_ThatXmlExamplesParse(Unknown Source)
	at test.beast.integration.ExampleXmlParsingTest.test_ThatXmlExamplesParse(Unknown Source)
	at sun.reflect.NativeMethodAccessorImpl.invoke0(Native Method)
	at sun.reflect.NativeMethodAccessorImpl.invoke(NativeMethodAccessorImpl.java:62)
	at sun.reflect.DelegatingMethodAccessorImpl.invoke(DelegatingMethodAccessorImpl.java:43)
	at java.lang.reflect.Method.invoke(Method.java:497)
	at junit.framework.TestCase.runTest(TestCase.java:168)
	at junit.framework.TestCase.runBare(TestCase.java:134)
	at junit.framework.TestResult$1.protect(TestResult.java:110)
	at junit.framework.TestResult.runProtected(TestResult.java:128)
	at junit.framework.TestResult.run(TestResult.java:113)
	at junit.framework.TestCase.run(TestCase.java:124)
	at junit.framework.TestSuite.runTest(TestSuite.java:243)
	at junit.framework.TestSuite.run(TestSuite.java:238)
	at org.apache.tools.ant.taskdefs.optional.junit.JUnitTestRunner.run(JUnitTestRunner.java:535)
	at org.apache.tools.ant.taskdefs.optional.junit.JUnitTestRunner.launch(JUnitTestRunner.java:1182)
	at org.apache.tools.ant.taskdefs.optional.junit.JUnitTestRunner.main(JUnitTestRunner.java:1033)
java.lang.Exception: Input 'sequenceData' must be specified.
	at beast.core.Input.validate(Unknown Source)
	at beast.core.BEASTInterface.validateInputs(Unknown Source)
	at beast.util.XMLParser.createObject(Unknown Source)
	at beast.util.XMLParser.parseInputs(Unknown Source)
	at beast.util.XMLParser.createObject(Unknown Source)
	at beast.util.XMLParser.createObject(Unknown Source)
	at beast.util.XMLParser.parseInputs(Unknown Source)
	at beast.util.XMLParser.createObject(Unknown Source)
	at beast.util.XMLParser.parseInputs(Unknown Source)
	at beast.util.XMLParser.createObject(Unknown Source)
	at beast.util.XMLParser.parseInputs(Unknown Source)
	at beast.util.XMLParser.createObject(Unknown Source)
	at beast.util.XMLParser.parseInputs(Unknown Source)
	at beast.util.XMLParser.createObject(Unknown Source)
	at beast.util.XMLParser.parseInputs(Unknown Source)
	at beast.util.XMLParser.createObject(Unknown Source)
	at beast.util.XMLParser.parseRunElement(Unknown Source)
	at beast.util.XMLParser.parse(Unknown Source)
	at beast.util.XMLParser.parseFile(Unknown Source)
	at test.beast.integration.ExampleXmlParsingTest.test_ThatXmlExamplesParse(Unknown Source)
	at test.beast.integration.ExampleXmlParsingTest.test_ThatXmlExamplesParse(Unknown Source)
	at sun.reflect.NativeMethodAccessorImpl.invoke0(Native Method)
	at sun.reflect.NativeMethodAccessorImpl.invoke(NativeMethodAccessorImpl.java:62)
	at sun.reflect.DelegatingMethodAccessorImpl.invoke(DelegatingMethodAccessorImpl.java:43)
	at java.lang.reflect.Method.invoke(Method.java:497)
	at junit.framework.TestCase.runTest(TestCase.java:168)
	at junit.framework.TestCase.runBare(TestCase.java:134)
	at junit.framework.TestResult$1.protect(TestResult.java:110)
	at junit.framework.TestResult.runProtected(TestResult.java:128)
	at junit.framework.TestResult.run(TestResult.java:113)
	at junit.framework.TestCase.run(TestCase.java:124)
	at junit.framework.TestSuite.runTest(TestSuite.java:243)
	at junit.framework.TestSuite.run(TestSuite.java:238)
	at org.apache.tools.ant.taskdefs.optional.junit.JUnitTestRunner.run(JUnitTestRunner.java:535)
	at org.apache.tools.ant.taskdefs.optional.junit.JUnitTestRunner.launch(JUnitTestRunner.java:1182)
	at org.apache.tools.ant.taskdefs.optional.junit.JUnitTestRunner.main(JUnitTestRunner.java:1033)
java.lang.Exception: Input 'sequenceData' must be specified.
	at beast.core.Input.validate(Unknown Source)
	at beast.core.BEASTInterface.validateInputs(Unknown Source)
	at beast.util.XMLParser.createObject(Unknown Source)
	at beast.util.XMLParser.parseInputs(Unknown Source)
	at beast.util.XMLParser.createObject(Unknown Source)
	at beast.util.XMLParser.createObject(Unknown Source)
	at beast.util.XMLParser.parseInputs(Unknown Source)
	at beast.util.XMLParser.createObject(Unknown Source)
	at beast.util.XMLParser.parseRunElement(Unknown Source)
	at beast.util.XMLParser.parse(Unknown Source)
	at beast.util.XMLParser.parseFile(Unknown Source)
	at test.beast.integration.ExampleXmlParsingTest.test_ThatXmlExamplesParse(Unknown Source)
	at test.beast.integration.ExampleXmlParsingTest.test_ThatXmlExamplesParse(Unknown Source)
	at sun.reflect.NativeMethodAccessorImpl.invoke0(Native Method)
	at sun.reflect.NativeMethodAccessorImpl.invoke(NativeMethodAccessorImpl.java:62)
	at sun.reflect.DelegatingMethodAccessorImpl.invoke(DelegatingMethodAccessorImpl.java:43)
	at java.lang.reflect.Method.invoke(Method.java:497)
	at junit.framework.TestCase.runTest(TestCase.java:168)
	at junit.framework.TestCase.runBare(TestCase.java:134)
	at junit.framework.TestResult$1.protect(TestResult.java:110)
	at junit.framework.TestResult.runProtected(TestResult.java:128)
	at junit.framework.TestResult.run(TestResult.java:113)
	at junit.framework.TestCase.run(TestCase.java:124)
	at junit.framework.TestSuite.runTest(TestSuite.java:243)
	at junit.framework.TestSuite.run(TestSuite.java:238)
	at org.apache.tools.ant.taskdefs.optional.junit.JUnitTestRunner.run(JUnitTestRunner.java:535)
	at org.apache.tools.ant.taskdefs.optional.junit.JUnitTestRunner.launch(JUnitTestRunner.java:1182)
	at org.apache.tools.ant.taskdefs.optional.junit.JUnitTestRunner.main(JUnitTestRunner.java:1033)
java.lang.Exception: Input 'sequenceData' must be specified.
	at beast.core.Input.validate(Unknown Source)
	at beast.core.BEASTInterface.validateInputs(Unknown Source)
	at beast.util.XMLParser.createObject(Unknown Source)
	at beast.util.XMLParser.parseInputs(Unknown Source)
	at beast.util.XMLParser.createObject(Unknown Source)
	at beast.util.XMLParser.parseInputs(Unknown Source)
	at beast.util.XMLParser.createObject(Unknown Source)
	at beast.util.XMLParser.createObject(Unknown Source)
	at beast.util.XMLParser.parseInputs(Unknown Source)
	at beast.util.XMLParser.createObject(Unknown Source)
	at beast.util.XMLParser.createObject(Unknown Source)
[...]
	at beast.util.XMLParser.parseInputs(Unknown Source)
	at beast.util.XMLParser.createObject(Unknown Source)
	at beast.util.XMLParser.createObject(Unknown Source)
	at beast.util.XMLParser.parseInputs(Unknown Source)
	at beast.util.XMLParser.createObject(Unknown Source)
	at beast.util.XMLParser.parseInputs(Unknown Source)
	at beast.util.XMLParser.createObject(Unknown Source)
	at beast.util.XMLParser.parseInputs(Unknown Source)
	at beast.util.XMLParser.createObject(Unknown Source)
	at beast.util.XMLParser.parseInputs(Unknown Source)
	at beast.util.XMLParser.createObject(Unknown Source)
	at beast.util.XMLParser.parseInputs(Unknown Source)
	at beast.util.XMLParser.createObject(Unknown Source)
	at beast.util.XMLParser.parseRunElement(Unknown Source)
	at beast.util.XMLParser.parse(Unknown Source)
	at beast.util.XMLParser.parseFile(Unknown Source)
	at test.beast.integration.ExampleXmlParsingTest.test_ThatXmlExamplesRun(Unknown Source)
	at test.beast.integration.ExampleXmlParsingTest.test_ThatXmlExamplesRun(Unknown Source)
	at sun.reflect.NativeMethodAccessorImpl.invoke0(Native Method)
	at sun.reflect.NativeMethodAccessorImpl.invoke(NativeMethodAccessorImpl.java:62)
	at sun.reflect.DelegatingMethodAccessorImpl.invoke(DelegatingMethodAccessorImpl.java:43)
	at java.lang.reflect.Method.invoke(Method.java:497)
	at junit.framework.TestCase.runTest(TestCase.java:168)
	at junit.framework.TestCase.runBare(TestCase.java:134)
	at junit.framework.TestResult$1.protect(TestResult.java:110)
	at junit.framework.TestResult.runProtected(TestResult.java:128)
	at junit.framework.TestResult.run(TestResult.java:113)
	at junit.framework.TestCase.run(TestCase.java:124)
	at junit.framework.TestSuite.runTest(TestSuite.java:243)
	at junit.framework.TestSuite.run(TestSuite.java:238)
	at org.apache.tools.ant.taskdefs.optional.junit.JUnitTestRunner.run(JUnitTestRunner.java:535)
	at org.apache.tools.ant.taskdefs.optional.junit.JUnitTestRunner.launch(JUnitTestRunner.java:1182)
	at org.apache.tools.ant.taskdefs.optional.junit.JUnitTestRunner.main(JUnitTestRunner.java:1033)
java.lang.Exception: Input 'sequenceData' must be specified.
	at beast.core.Input.validate(Unknown Source)
	at beast.core.BEASTInterface.validateInputs(Unknown Source)
	at beast.util.XMLParser.createObject(Unknown Source)
	at beast.util.XMLParser.parseInputs(Unknown Source)
	at beast.util.XMLParser.createObject(Unknown Source)
	at beast.util.XMLParser.createObject(Unknown Source)
	at beast.util.XMLParser.parseInputs(Unknown Source)
	at beast.util.XMLParser.createObject(Unknown Source)
	at beast.util.XMLParser.parseInputs(Unknown Source)
	at beast.util.XMLParser.createObject(Unknown Source)
	at beast.util.XMLParser.parseInputs(Unknown Source)
	at beast.util.XMLParser.createObject(Unknown Source)
	at beast.util.XMLParser.createObject(Unknown Source)
	at beast.util.XMLParser.parseInputs(Unknown Source)
	at beast.util.XMLParser.createObject(Unknown Source)
	at beast.util.XMLParser.parseInputs(Unknown Source)
	at beast.util.XMLParser.createObject(Unknown Source)
	at beast.util.XMLParser.parseRunElement(Unknown Source)
	at beast.util.XMLParser.parse(Unknown Source)
	at beast.util.XMLParser.parseFile(Unknown Source)
	at test.beast.integration.ExampleXmlParsingTest.test_ThatXmlExamplesRun(Unknown Source)
	at test.beast.integration.ExampleXmlParsingTest.test_ThatXmlExamplesRun(Unknown Source)
	at sun.reflect.NativeMethodAccessorImpl.invoke0(Native Method)
	at sun.reflect.NativeMethodAccessorImpl.invoke(NativeMethodAccessorImpl.java:62)
	at sun.reflect.DelegatingMethodAccessorImpl.invoke(DelegatingMethodAccessorImpl.java:43)
	at java.lang.reflect.Method.invoke(Method.java:497)
	at junit.framework.TestCase.runTest(TestCase.java:168)
	at junit.framework.TestCase.runBare(TestCase.java:134)
	at junit.framework.TestResult$1.protect(TestResult.java:110)
	at junit.framework.TestResult.runProtected(TestResult.java:128)
	at junit.framework.TestResult.run(TestResult.java:113)
	at junit.framework.TestCase.run(TestCase.java:124)
	at junit.framework.TestSuite.runTest(TestSuite.java:243)
	at junit.framework.TestSuite.run(TestSuite.java:238)
	at org.apache.tools.ant.taskdefs.optional.junit.JUnitTestRunner.run(JUnitTestRunner.java:535)
	at org.apache.tools.ant.taskdefs.optional.junit.JUnitTestRunner.launch(JUnitTestRunner.java:1182)
	at org.apache.tools.ant.taskdefs.optional.junit.JUnitTestRunner.main(JUnitTestRunner.java:1033)
java.lang.Exception: Input 'sequenceData' must be specified.
	at beast.core.Input.validate(Unknown Source)
	at beast.core.BEASTInterface.validateInputs(Unknown Source)
	at beast.util.XMLParser.createObject(Unknown Source)
	at beast.util.XMLParser.parseInputs(Unknown Source)
	at beast.util.XMLParser.createObject(Unknown Source)
	at beast.util.XMLParser.createObject(Unknown Source)
	at beast.util.XMLParser.parseInputs(Unknown Source)
	at beast.util.XMLParser.createObject(Unknown Source)
	at beast.util.XMLParser.parseInputs(Unknown Source)
	at beast.util.XMLParser.createObject(Unknown Source)
	at beast.util.XMLParser.parseInputs(Unknown Source)
	at beast.util.XMLParser.createObject(Unknown Source)
	at beast.util.XMLParser.createObject(Unknown Source)
	at beast.util.XMLParser.parseInputs(Unknown Source)
	at beast.util.XMLParser.createObject(Unknown Source)
	at beast.util.XMLParser.parseInputs(Unknown Source)
	at beast.util.XMLParser.createObject(Unknown Source)
	at beast.util.XMLParser.parseRunElement(Unknown Source)
	at beast.util.XMLParser.parse(Unknown Source)
	at beast.util.XMLParser.parseFile(Unknown Source)
	at test.beast.integration.ExampleXmlParsingTest.test_ThatXmlExamplesRun(Unknown Source)
	at test.beast.integration.ExampleXmlParsingTest.test_ThatXmlExamplesRun(Unknown Source)
	at sun.reflect.NativeMethodAccessorImpl.invoke0(Native Method)
	at sun.reflect.NativeMethodAccessorImpl.invoke(NativeMethodAccessorImpl.java:62)
	at sun.reflect.DelegatingMethodAccessorImpl.invoke(DelegatingMethodAccessorImpl.java:43)
	at java.lang.reflect.Method.invoke(Method.java:497)
	at junit.framework.TestCase.runTest(TestCase.java:168)
	at junit.framework.TestCase.runBare(TestCase.java:134)
	at junit.framework.TestResult$1.protect(TestResult.java:110)
	at junit.framework.TestResult.runProtected(TestResult.java:128)
	at junit.framework.TestResult.run(TestResult.java:113)
	at junit.framework.TestCase.run(TestCase.java:124)
	at junit.framework.TestSuite.runTest(TestSuite.java:243)
	at junit.framework.TestSuite.run(TestSuite.java:238)
	at org.apache.tools.ant.taskdefs.optional.junit.JUnitTestRunner.run(JUnitTestRunner.java:535)
	at org.apache.tools.ant.taskdefs.optional.junit.JUnitTestRunner.launch(JUnitTestRunner.java:1182)
	at org.apache.tools.ant.taskdefs.optional.junit.JUnitTestRunner.main(JUnitTestRunner.java:1033)
java.lang.Exception: Input 'sequenceData' must be specified.
	at beast.core.Input.validate(Unknown Source)
	at beast.core.BEASTInterface.validateInputs(Unknown Source)
	at beast.util.XMLParser.createObject(Unknown Source)
	at beast.util.XMLParser.parseInputs(Unknown Source)
	at beast.util.XMLParser.createObject(Unknown Source)
	at beast.util.XMLParser.createObject(Unknown Source)
	at beast.util.XMLParser.parseInputs(Unknown Source)
	at beast.util.XMLParser.createObject(Unknown Source)
	at beast.util.XMLParser.parseInputs(Unknown Source)
	at beast.util.XMLParser.createObject(Unknown Source)
	at beast.util.XMLParser.parseInputs(Unknown Source)
	at beast.util.XMLParser.createObject(Unknown Source)
	at beast.util.XMLParser.parseInputs(Unknown Source)
	at beast.util.XMLParser.createObject(Unknown Source)
	at beast.util.XMLParser.parseInputs(Unknown Source)
	at beast.util.XMLParser.createObject(Unknown Source)
	at beast.util.XMLParser.parseRunElement(Unknown Source)
	at beast.util.XMLParser.parse(Unknown Source)
	at beast.util.XMLParser.parseFile(Unknown Source)
	at test.beast.integration.ExampleXmlParsingTest.test_ThatXmlExamplesRun(Unknown Source)
	at test.beast.integration.ExampleXmlParsingTest.test_ThatXmlExamplesRun(Unknown Source)
	at sun.reflect.NativeMethodAccessorImpl.invoke0(Native Method)
	at sun.reflect.NativeMethodAccessorImpl.invoke(NativeMethodAccessorImpl.java:62)
	at sun.reflect.DelegatingMethodAccessorImpl.invoke(DelegatingMethodAccessorImpl.java:43)
	at java.lang.reflect.Method.invoke(Method.java:497)
	at junit.framework.TestCase.runTest(TestCase.java:168)
	at junit.framework.TestCase.runBare(TestCase.java:134)
	at junit.framework.TestResult$1.protect(TestResult.java:110)
	at junit.framework.TestResult.runProtected(TestResult.java:128)
	at junit.framework.TestResult.run(TestResult.java:113)
	at junit.framework.TestCase.run(TestCase.java:124)
	at junit.framework.TestSuite.runTest(TestSuite.java:243)
	at junit.framework.TestSuite.run(TestSuite.java:238)
	at org.apache.tools.ant.taskdefs.optional.junit.JUnitTestRunner.run(JUnitTestRunner.java:535)
	at org.apache.tools.ant.taskdefs.optional.junit.JUnitTestRunner.launch(JUnitTestRunner.java:1182)
	at org.apache.tools.ant.taskdefs.optional.junit.JUnitTestRunner.main(JUnitTestRunner.java:1033)
java.lang.Exception: Input 'sequenceData' must be specified.
	at beast.core.Input.validate(Unknown Source)
	at beast.core.BEASTInterface.validateInputs(Unknown Source)
	at beast.util.XMLParser.createObject(Unknown Source)
	at beast.util.XMLParser.parseInputs(Unknown Source)
	at beast.util.XMLParser.createObject(Unknown Source)
	at beast.util.XMLParser.createObject(Unknown Source)
	at beast.util.XMLParser.parseInputs(Unknown Source)
	at beast.util.XMLParser.createObject(Unknown Source)
	at beast.util.XMLParser.parseInputs(Unknown Source)
	at beast.util.XMLParser.createObject(Unknown Source)
	at beast.util.XMLParser.parseInputs(Unknown Source)
	at beast.util.XMLParser.createObject(Unknown Source)
	at beast.util.XMLParser.parseInputs(Unknown Source)
	at beast.util.XMLParser.createObject(Unknown Source)
	at beast.util.XMLParser.parseInputs(Unknown Source)
	at beast.util.XMLParser.createObject(Unknown Source)
	at beast.util.XMLParser.parseRunElement(Unknown Source)
	at beast.util.XMLParser.parse(Unknown Source)
	at beast.util.XMLParser.parseFile(Unknown Source)
	at test.beast.integration.ExampleXmlParsingTest.test_ThatXmlExamplesRun(Unknown Source)
	at test.beast.integration.ExampleXmlParsingTest.test_ThatXmlExamplesRun(Unknown Source)
	at sun.reflect.NativeMethodAccessorImpl.invoke0(Native Method)
	at sun.reflect.NativeMethodAccessorImpl.invoke(NativeMethodAccessorImpl.java:62)
	at sun.reflect.DelegatingMethodAccessorImpl.invoke(DelegatingMethodAccessorImpl.java:43)
	at java.lang.reflect.Method.invoke(Method.java:497)
	at junit.framework.TestCase.runTest(TestCase.java:168)
	at junit.framework.TestCase.runBare(TestCase.java:134)
	at junit.framework.TestResult$1.protect(TestResult.java:110)
	at junit.framework.TestResult.runProtected(TestResult.java:128)
	at junit.framework.TestResult.run(TestResult.java:113)
	at junit.framework.TestCase.run(TestCase.java:124)
	at junit.framework.TestSuite.runTest(TestSuite.java:243)
	at junit.framework.TestSuite.run(TestSuite.java:238)
	at org.apache.tools.ant.taskdefs.optional.junit.JUnitTestRunner.run(JUnitTestRunner.java:535)
	at org.apache.tools.ant.taskdefs.optional.junit.JUnitTestRunner.launch(JUnitTestRunner.java:1182)
	at org.apache.tools.ant.taskdefs.optional.junit.JUnitTestRunner.main(JUnitTestRunner.java:1033)
java.lang.Exception: Input 'sequenceData' must be specified.
	at beast.core.Input.validate(Unknown Source)
	at beast.core.BEASTInterface.validateInputs(Unknown Source)
	at beast.util.XMLParser.createObject(Unknown Source)
	at beast.util.XMLParser.parseInputs(Unknown Source)
	at beast.util.XMLParser.createObject(Unknown Source)
	at beast.util.XMLParser.createObject(Unknown Source)
	at beast.util.XMLParser.parseInputs(Unknown Source)
	at beast.util.XMLParser.createObject(Unknown Source)
	at beast.util.XMLParser.createObject(Unknown Source)
	at beast.util.XMLParser.parseInputs(Unknown Source)
	at beast.util.XMLParser.createObject(Unknown Source)
	at beast.util.XMLParser.parseInputs(Unknown Source)
	at beast.util.XMLParser.createObject(Unknown Source)
	at beast.util.XMLParser.parseRunElement(Unknown Source)
	at beast.util.XMLParser.parse(Unknown Source)
	at beast.util.XMLParser.parseFile(Unknown Source)
	at test.beast.integration.ExampleXmlParsingTest.test_ThatXmlExamplesRun(Unknown Source)
	at test.beast.integration.ExampleXmlParsingTest.test_ThatXmlExamplesRun(Unknown Source)
	at sun.reflect.NativeMethodAccessorImpl.invoke0(Native Method)
	at sun.reflect.NativeMethodAccessorImpl.invoke(NativeMethodAccessorImpl.java:62)
	at sun.reflect.DelegatingMethodAccessorImpl.invoke(DelegatingMethodAccessorImpl.java:43)
	at java.lang.reflect.Method.invoke(Method.java:497)
	at junit.framework.TestCase.runTest(TestCase.java:168)
	at junit.framework.TestCase.runBare(TestCase.java:134)
	at junit.framework.TestResult$1.protect(TestResult.java:110)
	at junit.framework.TestResult.runProtected(TestResult.java:128)
	at junit.framework.TestResult.run(TestResult.java:113)
	at junit.framework.TestCase.run(TestCase.java:124)
	at junit.framework.TestSuite.runTest(TestSuite.java:243)
	at junit.framework.TestSuite.run(TestSuite.java:238)
	at org.apache.tools.ant.taskdefs.optional.junit.JUnitTestRunner.run(JUnitTestRunner.java:535)
	at org.apache.tools.ant.taskdefs.optional.junit.JUnitTestRunner.launch(JUnitTestRunner.java:1182)
	at org.apache.tools.ant.taskdefs.optional.junit.JUnitTestRunner.main(JUnitTestRunner.java:1033)
java.lang.Exception: Input 'sequenceData' must be specified.
	at beast.core.Input.validate(Unknown Source)
	at beast.core.BEASTInterface.validateInputs(Unknown Source)
	at beast.util.XMLParser.createObject(Unknown Source)
	at beast.util.XMLParser.parseInputs(Unknown Source)
	at beast.util.XMLParser.createObject(Unknown Source)
	at beast.util.XMLParser.createObject(Unknown Source)
	at beast.util.XMLParser.parseInputs(Unknown Source)
	at beast.util.XMLParser.createObject(Unknown Source)
	at beast.util.XMLParser.parseInputs(Unknown Source)
	at beast.util.XMLParser.createObject(Unknown Source)
	at beast.util.XMLParser.parseInputs(Unknown Source)
	at beast.util.XMLParser.createObject(Unknown Source)
	at beast.util.XMLParser.parseInputs(Unknown Source)
	at beast.util.XMLParser.createObject(Unknown Source)
	at beast.util.XMLParser.parseRunElement(Unknown Source)
	at beast.util.XMLParser.parse(Unknown Source)
	at beast.util.XMLParser.parseFile(Unknown Source)
	at test.beast.integration.ExampleXmlParsingTest.test_ThatXmlExamplesRun(Unknown Source)
	at test.beast.integration.ExampleXmlParsingTest.test_ThatXmlExamplesRun(Unknown Source)
	at sun.reflect.NativeMethodAccessorImpl.invoke0(Native Method)
	at sun.reflect.NativeMethodAccessorImpl.invoke(NativeMethodAccessorImpl.java:62)
	at sun.reflect.DelegatingMethodAccessorImpl.invoke(DelegatingMethodAccessorImpl.java:43)
	at java.lang.reflect.Method.invoke(Method.java:497)
	at junit.framework.TestCase.runTest(TestCase.java:168)
	at junit.framework.TestCase.runBare(TestCase.java:134)
	at junit.framework.TestResult$1.protect(TestResult.java:110)
	at junit.framework.TestResult.runProtected(TestResult.java:128)
	at junit.framework.TestResult.run(TestResult.java:113)
	at junit.framework.TestCase.run(TestCase.java:124)
	at junit.framework.TestSuite.runTest(TestSuite.java:243)
	at junit.framework.TestSuite.run(TestSuite.java:238)
	at org.apache.tools.ant.taskdefs.optional.junit.JUnitTestRunner.run(JUnitTestRunner.java:535)
	at org.apache.tools.ant.taskdefs.optional.junit.JUnitTestRunner.launch(JUnitTestRunner.java:1182)
	at org.apache.tools.ant.taskdefs.optional.junit.JUnitTestRunner.main(JUnitTestRunner.java:1033)
java.lang.Exception: Input 'sequenceData' must be specified.
	at beast.core.Input.validate(Unknown Source)
	at beast.core.BEASTInterface.validateInputs(Unknown Source)
	at beast.util.XMLParser.createObject(Unknown Source)
	at beast.util.XMLParser.parseInputs(Unknown Source)
	at beast.util.XMLParser.createObject(Unknown Source)
	at beast.util.XMLParser.createObject(Unknown Source)
	at beast.util.XMLParser.parseInputs(Unknown Source)
	at beast.util.XMLParser.createObject(Unknown Source)
	at beast.util.XMLParser.createObject(Unknown Source)
	at beast.util.XMLParser.parseInputs(Unknown Source)
	at beast.util.XMLParser.createObject(Unknown Source)
	at beast.util.XMLParser.parseInputs(Unknown Source)
	at beast.util.XMLParser.createObject(Unknown Source)
	at beast.util.XMLParser.parseRunElement(Unknown Source)
	at beast.util.XMLParser.parse(Unknown Source)
	at beast.util.XMLParser.parseFile(Unknown Source)
	at test.beast.integration.ExampleXmlParsingTest.test_ThatXmlExamplesRun(Unknown Source)
	at test.beast.integration.ExampleXmlParsingTest.test_ThatXmlExamplesRun(Unknown Source)
	at sun.reflect.NativeMethodAccessorImpl.invoke0(Native Method)
	at sun.reflect.NativeMethodAccessorImpl.invoke(NativeMethodAccessorImpl.java:62)
	at sun.reflect.DelegatingMethodAccessorImpl.invoke(DelegatingMethodAccessorImpl.java:43)
	at java.lang.reflect.Method.invoke(Method.java:497)
	at junit.framework.TestCase.runTest(TestCase.java:168)
	at junit.framework.TestCase.runBare(TestCase.java:134)
	at junit.framework.TestResult$1.protect(TestResult.java:110)
	at junit.framework.TestResult.runProtected(TestResult.java:128)
	at junit.framework.TestResult.run(TestResult.java:113)
	at junit.framework.TestCase.run(TestCase.java:124)
	at junit.framework.TestSuite.runTest(TestSuite.java:243)
	at junit.framework.TestSuite.run(TestSuite.java:238)
	at org.apache.tools.ant.taskdefs.optional.junit.JUnitTestRunner.run(JUnitTestRunner.java:535)
	at org.apache.tools.ant.taskdefs.optional.junit.JUnitTestRunner.launch(JUnitTestRunner.java:1182)
	at org.apache.tools.ant.taskdefs.optional.junit.JUnitTestRunner.main(JUnitTestRunner.java:1033)
java.lang.Exception: Input 'sequenceData' must be specified.
	at beast.core.Input.validate(Unknown Source)
	at beast.core.BEASTInterface.validateInputs(Unknown Source)
	at beast.util.XMLParser.createObject(Unknown Source)
	at beast.util.XMLParser.parseInputs(Unknown Source)
	at beast.util.XMLParser.createObject(Unknown Source)
	at beast.util.XMLParser.createObject(Unknown Source)
	at beast.util.XMLParser.parseInputs(Unknown Source)
	at beast.util.XMLParser.createObject(Unknown Source)
	at beast.util.XMLParser.parseInputs(Unknown Source)
	at beast.util.XMLParser.createObject(Unknown Source)
	at beast.util.XMLParser.parseInputs(Unknown Source)
	at beast.util.XMLParser.createObject(Unknown Source)
	at beast.util.XMLParser.parseInputs(Unknown Source)
	at beast.util.XMLParser.createObject(Unknown Source)
	at beast.util.XMLParser.parseRunElement(Unknown Source)
	at beast.util.XMLParser.parse(Unknown Source)
	at beast.util.XMLParser.parseFile(Unknown Source)
	at test.beast.integration.ExampleXmlParsingTest.test_ThatXmlExamplesRun(Unknown Source)
	at test.beast.integration.ExampleXmlParsingTest.test_ThatXmlExamplesRun(Unknown Source)
	at sun.reflect.NativeMethodAccessorImpl.invoke0(Native Method)
	at sun.reflect.NativeMethodAccessorImpl.invoke(NativeMethodAccessorImpl.java:62)
	at sun.reflect.DelegatingMethodAccessorImpl.invoke(DelegatingMethodAccessorImpl.java:43)
	at java.lang.reflect.Method.invoke(Method.java:497)
	at junit.framework.TestCase.runTest(TestCase.java:168)
	at junit.framework.TestCase.runBare(TestCase.java:134)
	at junit.framework.TestResult$1.protect(TestResult.java:110)
	at junit.framework.TestResult.runProtected(TestResult.java:128)
	at junit.framework.TestResult.run(TestResult.java:113)
	at junit.framework.TestCase.run(TestCase.java:124)
	at junit.framework.TestSuite.runTest(TestSuite.java:243)
	at junit.framework.TestSuite.run(TestSuite.java:238)
	at org.apache.tools.ant.taskdefs.optional.junit.JUnitTestRunner.run(JUnitTestRunner.java:535)
	at org.apache.tools.ant.taskdefs.optional.junit.JUnitTestRunner.launch(JUnitTestRunner.java:1182)
	at org.apache.tools.ant.taskdefs.optional.junit.JUnitTestRunner.main(JUnitTestRunner.java:1033)
]]></system-err>
</testsuite>
